<?xml version="1.0" encoding="UTF-8"?>
<!-- Generated by org.testng.reporters.JUnitReportReporter -->
<testsuite hostname="LAPTOP-GP13KVQ9" failures="0" tests="1" name="com.github.binarywang.demo.wx.mp.controller.WxMenuControllerTest" time="0.000" errors="0" timestamp="2023-09-01T01:06:50 CST" skipped="1">
  <testcase classname="com.github.binarywang.demo.wx.mp.controller.WxMenuControllerTest" name="testMenuCreate" time="0.000">
    <skipped/>
  </testcase> <!-- testMenuCreate -->
  <system-out/>
</testsuite> <!-- com.github.binarywang.demo.wx.mp.controller.WxMenuControllerTest -->
