<?xml version="1.0" encoding="UTF-8"?>
<testsuite xmlns:xsi="http://www.w3.org/2001/XMLSchema-instance" xsi:noNamespaceSchemaLocation="https://maven.apache.org/surefire/maven-surefire-plugin/xsd/surefire-test-report.xsd" name="TestSuite" time="1.367" tests="1002" errors="0" skipped="1001" failures="1">
  <properties>
    <property name="java.specification.version" value="17"/>
    <property name="sun.cpu.isalist" value="amd64"/>
    <property name="sun.jnu.encoding" value="GBK"/>
    <property name="java.class.path" value="D:\project\weixin-java-mp-demo\target\test-classes;D:\project\weixin-java-mp-demo\target\classes;D:\tool\MavenRepository\maven_jar\org\springframework\boot\spring-boot-starter-web\2.6.7\spring-boot-starter-web-2.6.7.jar;D:\tool\MavenRepository\maven_jar\org\springframework\boot\spring-boot-starter\2.6.7\spring-boot-starter-2.6.7.jar;D:\tool\MavenRepository\maven_jar\org\springframework\boot\spring-boot\2.6.7\spring-boot-2.6.7.jar;D:\tool\MavenRepository\maven_jar\org\springframework\boot\spring-boot-autoconfigure\2.6.7\spring-boot-autoconfigure-2.6.7.jar;D:\tool\MavenRepository\maven_jar\org\springframework\boot\spring-boot-starter-logging\2.6.7\spring-boot-starter-logging-2.6.7.jar;D:\tool\MavenRepository\maven_jar\ch\qos\logback\logback-classic\1.2.11\logback-classic-1.2.11.jar;D:\tool\MavenRepository\maven_jar\ch\qos\logback\logback-core\1.2.11\logback-core-1.2.11.jar;D:\tool\MavenRepository\maven_jar\org\apache\logging\log4j\log4j-to-slf4j\2.17.2\log4j-to-slf4j-2.17.2.jar;D:\tool\MavenRepository\maven_jar\org\apache\logging\log4j\log4j-api\2.17.2\log4j-api-2.17.2.jar;D:\tool\MavenRepository\maven_jar\org\slf4j\jul-to-slf4j\1.7.36\jul-to-slf4j-1.7.36.jar;D:\tool\MavenRepository\maven_jar\jakarta\annotation\jakarta.annotation-api\1.3.5\jakarta.annotation-api-1.3.5.jar;D:\tool\MavenRepository\maven_jar\org\yaml\snakeyaml\1.29\snakeyaml-1.29.jar;D:\tool\MavenRepository\maven_jar\org\springframework\boot\spring-boot-starter-json\2.6.7\spring-boot-starter-json-2.6.7.jar;D:\tool\MavenRepository\maven_jar\com\fasterxml\jackson\datatype\jackson-datatype-jdk8\2.13.2\jackson-datatype-jdk8-2.13.2.jar;D:\tool\MavenRepository\maven_jar\com\fasterxml\jackson\core\jackson-core\2.13.2\jackson-core-2.13.2.jar;D:\tool\MavenRepository\maven_jar\com\fasterxml\jackson\datatype\jackson-datatype-jsr310\2.13.2\jackson-datatype-jsr310-2.13.2.jar;D:\tool\MavenRepository\maven_jar\com\fasterxml\jackson\core\jackson-annotations\2.13.2\jackson-annotations-2.13.2.jar;D:\tool\MavenRepository\maven_jar\com\fasterxml\jackson\module\jackson-module-parameter-names\2.13.2\jackson-module-parameter-names-2.13.2.jar;D:\tool\MavenRepository\maven_jar\org\springframework\boot\spring-boot-starter-tomcat\2.6.7\spring-boot-starter-tomcat-2.6.7.jar;D:\tool\MavenRepository\maven_jar\org\apache\tomcat\embed\tomcat-embed-core\9.0.62\tomcat-embed-core-9.0.62.jar;D:\tool\MavenRepository\maven_jar\org\apache\tomcat\embed\tomcat-embed-el\9.0.62\tomcat-embed-el-9.0.62.jar;D:\tool\MavenRepository\maven_jar\org\apache\tomcat\embed\tomcat-embed-websocket\9.0.62\tomcat-embed-websocket-9.0.62.jar;D:\tool\MavenRepository\maven_jar\org\springframework\spring-web\5.3.19\spring-web-5.3.19.jar;D:\tool\MavenRepository\maven_jar\org\springframework\spring-beans\5.3.19\spring-beans-5.3.19.jar;D:\tool\MavenRepository\maven_jar\org\springframework\spring-webmvc\5.3.19\spring-webmvc-5.3.19.jar;D:\tool\MavenRepository\maven_jar\org\springframework\spring-aop\5.3.19\spring-aop-5.3.19.jar;D:\tool\MavenRepository\maven_jar\org\springframework\spring-context\5.3.19\spring-context-5.3.19.jar;D:\tool\MavenRepository\maven_jar\org\springframework\spring-expression\5.3.19\spring-expression-5.3.19.jar;D:\tool\MavenRepository\maven_jar\org\springframework\boot\spring-boot-starter-thymeleaf\2.6.7\spring-boot-starter-thymeleaf-2.6.7.jar;D:\tool\MavenRepository\maven_jar\org\thymeleaf\thymeleaf-spring5\3.0.15.RELEASE\thymeleaf-spring5-3.0.15.RELEASE.jar;D:\tool\MavenRepository\maven_jar\org\thymeleaf\thymeleaf\3.0.15.RELEASE\thymeleaf-3.0.15.RELEASE.jar;D:\tool\MavenRepository\maven_jar\org\attoparser\attoparser\2.0.5.RELEASE\attoparser-2.0.5.RELEASE.jar;D:\tool\MavenRepository\maven_jar\org\unbescape\unbescape\1.1.6.RELEASE\unbescape-1.1.6.RELEASE.jar;D:\tool\MavenRepository\maven_jar\org\thymeleaf\extras\thymeleaf-extras-java8time\3.0.4.RELEASE\thymeleaf-extras-java8time-3.0.4.RELEASE.jar;D:\tool\MavenRepository\maven_jar\com\github\binarywang\weixin-java-mp\4.5.0\weixin-java-mp-4.5.0.jar;D:\tool\MavenRepository\maven_jar\com\github\binarywang\weixin-java-common\4.5.0\weixin-java-common-4.5.0.jar;D:\tool\MavenRepository\maven_jar\com\thoughtworks\xstream\xstream\1.4.20\xstream-1.4.20.jar;D:\tool\MavenRepository\maven_jar\io\github\x-stream\mxparser\1.2.2\mxparser-1.2.2.jar;D:\tool\MavenRepository\maven_jar\xmlpull\xmlpull\1.1.3.1\xmlpull-1.1.3.1.jar;D:\tool\MavenRepository\maven_jar\org\slf4j\jcl-over-slf4j\1.7.36\jcl-over-slf4j-1.7.36.jar;D:\tool\MavenRepository\maven_jar\com\google\code\gson\gson\2.8.9\gson-2.8.9.jar;D:\tool\MavenRepository\maven_jar\commons-codec\commons-codec\1.15\commons-codec-1.15.jar;D:\tool\MavenRepository\maven_jar\commons-io\commons-io\2.7\commons-io-2.7.jar;D:\tool\MavenRepository\maven_jar\org\apache\commons\commons-lang3\3.12.0\commons-lang3-3.12.0.jar;D:\tool\MavenRepository\maven_jar\com\google\guava\guava\30.0-jre\guava-30.0-jre.jar;D:\tool\MavenRepository\maven_jar\com\google\guava\failureaccess\1.0.1\failureaccess-1.0.1.jar;D:\tool\MavenRepository\maven_jar\com\google\guava\listenablefuture\9999.0-empty-to-avoid-conflict-with-guava\listenablefuture-9999.0-empty-to-avoid-conflict-with-guava.jar;D:\tool\MavenRepository\maven_jar\org\checkerframework\checker-qual\3.5.0\checker-qual-3.5.0.jar;D:\tool\MavenRepository\maven_jar\com\google\errorprone\error_prone_annotations\2.3.4\error_prone_annotations-2.3.4.jar;D:\tool\MavenRepository\maven_jar\com\google\j2objc\j2objc-annotations\1.3\j2objc-annotations-1.3.jar;D:\tool\MavenRepository\maven_jar\org\dom4j\dom4j\2.1.3\dom4j-2.1.3.jar;D:\tool\MavenRepository\maven_jar\org\projectlombok\lombok\1.18.24\lombok-1.18.24.jar;D:\tool\MavenRepository\maven_jar\org\springframework\boot\spring-boot-starter-test\2.6.7\spring-boot-starter-test-2.6.7.jar;D:\tool\MavenRepository\maven_jar\org\springframework\boot\spring-boot-test\2.6.7\spring-boot-test-2.6.7.jar;D:\tool\MavenRepository\maven_jar\org\springframework\boot\spring-boot-test-autoconfigure\2.6.7\spring-boot-test-autoconfigure-2.6.7.jar;D:\tool\MavenRepository\maven_jar\com\jayway\jsonpath\json-path\2.6.0\json-path-2.6.0.jar;D:\tool\MavenRepository\maven_jar\net\minidev\json-smart\2.4.8\json-smart-2.4.8.jar;D:\tool\MavenRepository\maven_jar\net\minidev\accessors-smart\2.4.8\accessors-smart-2.4.8.jar;D:\tool\MavenRepository\maven_jar\org\ow2\asm\asm\9.1\asm-9.1.jar;D:\tool\MavenRepository\maven_jar\jakarta\xml\bind\jakarta.xml.bind-api\2.3.3\jakarta.xml.bind-api-2.3.3.jar;D:\tool\MavenRepository\maven_jar\jakarta\activation\jakarta.activation-api\1.2.2\jakarta.activation-api-1.2.2.jar;D:\tool\MavenRepository\maven_jar\org\assertj\assertj-core\3.21.0\assertj-core-3.21.0.jar;D:\tool\MavenRepository\maven_jar\org\hamcrest\hamcrest\2.2\hamcrest-2.2.jar;D:\tool\MavenRepository\maven_jar\org\junit\jupiter\junit-jupiter\5.8.2\junit-jupiter-5.8.2.jar;D:\tool\MavenRepository\maven_jar\org\junit\jupiter\junit-jupiter-api\5.8.2\junit-jupiter-api-5.8.2.jar;D:\tool\MavenRepository\maven_jar\org\opentest4j\opentest4j\1.2.0\opentest4j-1.2.0.jar;D:\tool\MavenRepository\maven_jar\org\junit\platform\junit-platform-commons\1.8.2\junit-platform-commons-1.8.2.jar;D:\tool\MavenRepository\maven_jar\org\apiguardian\apiguardian-api\1.1.2\apiguardian-api-1.1.2.jar;D:\tool\MavenRepository\maven_jar\org\junit\jupiter\junit-jupiter-params\5.8.2\junit-jupiter-params-5.8.2.jar;D:\tool\MavenRepository\maven_jar\org\junit\jupiter\junit-jupiter-engine\5.8.2\junit-jupiter-engine-5.8.2.jar;D:\tool\MavenRepository\maven_jar\org\junit\platform\junit-platform-engine\1.8.2\junit-platform-engine-1.8.2.jar;D:\tool\MavenRepository\maven_jar\org\mockito\mockito-core\4.0.0\mockito-core-4.0.0.jar;D:\tool\MavenRepository\maven_jar\net\bytebuddy\byte-buddy\1.11.22\byte-buddy-1.11.22.jar;D:\tool\MavenRepository\maven_jar\net\bytebuddy\byte-buddy-agent\1.11.22\byte-buddy-agent-1.11.22.jar;D:\tool\MavenRepository\maven_jar\org\objenesis\objenesis\3.2\objenesis-3.2.jar;D:\tool\MavenRepository\maven_jar\org\mockito\mockito-junit-jupiter\4.0.0\mockito-junit-jupiter-4.0.0.jar;D:\tool\MavenRepository\maven_jar\org\skyscreamer\jsonassert\1.5.0\jsonassert-1.5.0.jar;D:\tool\MavenRepository\maven_jar\com\vaadin\external\google\android-json\0.0.20131108.vaadin1\android-json-0.0.20131108.vaadin1.jar;D:\tool\MavenRepository\maven_jar\org\springframework\spring-core\5.3.19\spring-core-5.3.19.jar;D:\tool\MavenRepository\maven_jar\org\springframework\spring-jcl\5.3.19\spring-jcl-5.3.19.jar;D:\tool\MavenRepository\maven_jar\org\springframework\spring-test\5.3.19\spring-test-5.3.19.jar;D:\tool\MavenRepository\maven_jar\org\xmlunit\xmlunit-core\2.8.4\xmlunit-core-2.8.4.jar;D:\tool\MavenRepository\maven_jar\redis\clients\jedis\3.3.0\jedis-3.3.0.jar;D:\tool\MavenRepository\maven_jar\org\slf4j\slf4j-api\1.7.36\slf4j-api-1.7.36.jar;D:\tool\MavenRepository\maven_jar\org\apache\commons\commons-pool2\2.11.1\commons-pool2-2.11.1.jar;D:\tool\MavenRepository\maven_jar\com\github\jedis-lock\jedis-lock\1.0.0\jedis-lock-1.0.0.jar;D:\tool\MavenRepository\maven_jar\org\springframework\boot\spring-boot-configuration-processor\2.6.7\spring-boot-configuration-processor-2.6.7.jar;D:\tool\MavenRepository\maven_jar\org\testng\testng\7.5.1\testng-7.5.1.jar;D:\tool\MavenRepository\maven_jar\com\google\code\findbugs\jsr305\3.0.1\jsr305-3.0.1.jar;D:\tool\MavenRepository\maven_jar\com\beust\jcommander\1.78\jcommander-1.78.jar;D:\tool\MavenRepository\maven_jar\org\webjars\jquery\3.5.1\jquery-3.5.1.jar;D:\tool\MavenRepository\maven_jar\io\rest-assured\rest-assured\3.1.1\rest-assured-3.1.1.jar;D:\tool\MavenRepository\maven_jar\org\codehaus\groovy\groovy\3.0.10\groovy-3.0.10.jar;D:\tool\MavenRepository\maven_jar\org\codehaus\groovy\groovy-xml\3.0.10\groovy-xml-3.0.10.jar;D:\tool\MavenRepository\maven_jar\org\apache\httpcomponents\httpclient\4.5.13\httpclient-4.5.13.jar;D:\tool\MavenRepository\maven_jar\org\apache\httpcomponents\httpcore\4.4.15\httpcore-4.4.15.jar;D:\tool\MavenRepository\maven_jar\org\apache\httpcomponents\httpmime\4.5.13\httpmime-4.5.13.jar;D:\tool\MavenRepository\maven_jar\org\hamcrest\hamcrest-core\2.2\hamcrest-core-2.2.jar;D:\tool\MavenRepository\maven_jar\org\hamcrest\hamcrest-library\2.2\hamcrest-library-2.2.jar;D:\tool\MavenRepository\maven_jar\org\ccil\cowan\tagsoup\tagsoup\1.2.1\tagsoup-1.2.1.jar;D:\tool\MavenRepository\maven_jar\io\rest-assured\json-path\4.4.0\json-path-4.4.0.jar;D:\tool\MavenRepository\maven_jar\org\codehaus\groovy\groovy-json\3.0.10\groovy-json-3.0.10.jar;D:\tool\MavenRepository\maven_jar\io\rest-assured\rest-assured-common\4.4.0\rest-assured-common-4.4.0.jar;D:\tool\MavenRepository\maven_jar\io\rest-assured\xml-path\4.4.0\xml-path-4.4.0.jar;D:\tool\MavenRepository\maven_jar\com\sun\xml\bind\jaxb-impl\2.3.3\jaxb-impl-2.3.3.jar;"/>
    <property name="java.vm.vendor" value="JetBrains s.r.o."/>
    <property name="sun.arch.data.model" value="64"/>
    <property name="user.variant" value=""/>
    <property name="java.vendor.url" value="https://openjdk.java.net/"/>
    <property name="user.timezone" value="Asia/Shanghai"/>
    <property name="os.name" value="Windows 11"/>
    <property name="java.vm.specification.version" value="17"/>
    <property name="sun.java.launcher" value="SUN_STANDARD"/>
    <property name="user.country" value="CN"/>
    <property name="sun.boot.library.path" value="D:\JetBrains\IntelliJ IDEA 2023.1.1\jbr\bin"/>
    <property name="sun.java.command" value="C:\Users\Q\AppData\Local\Temp\surefire2749245180304342183\surefirebooter2205471258769793199.jar C:\Users\Q\AppData\Local\Temp\surefire2749245180304342183 2023-09-01T01-06-48_367-jvmRun1 surefire9581966267060421441tmp surefire_06445486411327804159tmp"/>
    <property name="jdk.debug" value="release"/>
    <property name="surefire.test.class.path" value="D:\project\weixin-java-mp-demo\target\test-classes;D:\project\weixin-java-mp-demo\target\classes;D:\tool\MavenRepository\maven_jar\org\springframework\boot\spring-boot-starter-web\2.6.7\spring-boot-starter-web-2.6.7.jar;D:\tool\MavenRepository\maven_jar\org\springframework\boot\spring-boot-starter\2.6.7\spring-boot-starter-2.6.7.jar;D:\tool\MavenRepository\maven_jar\org\springframework\boot\spring-boot\2.6.7\spring-boot-2.6.7.jar;D:\tool\MavenRepository\maven_jar\org\springframework\boot\spring-boot-autoconfigure\2.6.7\spring-boot-autoconfigure-2.6.7.jar;D:\tool\MavenRepository\maven_jar\org\springframework\boot\spring-boot-starter-logging\2.6.7\spring-boot-starter-logging-2.6.7.jar;D:\tool\MavenRepository\maven_jar\ch\qos\logback\logback-classic\1.2.11\logback-classic-1.2.11.jar;D:\tool\MavenRepository\maven_jar\ch\qos\logback\logback-core\1.2.11\logback-core-1.2.11.jar;D:\tool\MavenRepository\maven_jar\org\apache\logging\log4j\log4j-to-slf4j\2.17.2\log4j-to-slf4j-2.17.2.jar;D:\tool\MavenRepository\maven_jar\org\apache\logging\log4j\log4j-api\2.17.2\log4j-api-2.17.2.jar;D:\tool\MavenRepository\maven_jar\org\slf4j\jul-to-slf4j\1.7.36\jul-to-slf4j-1.7.36.jar;D:\tool\MavenRepository\maven_jar\jakarta\annotation\jakarta.annotation-api\1.3.5\jakarta.annotation-api-1.3.5.jar;D:\tool\MavenRepository\maven_jar\org\yaml\snakeyaml\1.29\snakeyaml-1.29.jar;D:\tool\MavenRepository\maven_jar\org\springframework\boot\spring-boot-starter-json\2.6.7\spring-boot-starter-json-2.6.7.jar;D:\tool\MavenRepository\maven_jar\com\fasterxml\jackson\datatype\jackson-datatype-jdk8\2.13.2\jackson-datatype-jdk8-2.13.2.jar;D:\tool\MavenRepository\maven_jar\com\fasterxml\jackson\core\jackson-core\2.13.2\jackson-core-2.13.2.jar;D:\tool\MavenRepository\maven_jar\com\fasterxml\jackson\datatype\jackson-datatype-jsr310\2.13.2\jackson-datatype-jsr310-2.13.2.jar;D:\tool\MavenRepository\maven_jar\com\fasterxml\jackson\core\jackson-annotations\2.13.2\jackson-annotations-2.13.2.jar;D:\tool\MavenRepository\maven_jar\com\fasterxml\jackson\module\jackson-module-parameter-names\2.13.2\jackson-module-parameter-names-2.13.2.jar;D:\tool\MavenRepository\maven_jar\org\springframework\boot\spring-boot-starter-tomcat\2.6.7\spring-boot-starter-tomcat-2.6.7.jar;D:\tool\MavenRepository\maven_jar\org\apache\tomcat\embed\tomcat-embed-core\9.0.62\tomcat-embed-core-9.0.62.jar;D:\tool\MavenRepository\maven_jar\org\apache\tomcat\embed\tomcat-embed-el\9.0.62\tomcat-embed-el-9.0.62.jar;D:\tool\MavenRepository\maven_jar\org\apache\tomcat\embed\tomcat-embed-websocket\9.0.62\tomcat-embed-websocket-9.0.62.jar;D:\tool\MavenRepository\maven_jar\org\springframework\spring-web\5.3.19\spring-web-5.3.19.jar;D:\tool\MavenRepository\maven_jar\org\springframework\spring-beans\5.3.19\spring-beans-5.3.19.jar;D:\tool\MavenRepository\maven_jar\org\springframework\spring-webmvc\5.3.19\spring-webmvc-5.3.19.jar;D:\tool\MavenRepository\maven_jar\org\springframework\spring-aop\5.3.19\spring-aop-5.3.19.jar;D:\tool\MavenRepository\maven_jar\org\springframework\spring-context\5.3.19\spring-context-5.3.19.jar;D:\tool\MavenRepository\maven_jar\org\springframework\spring-expression\5.3.19\spring-expression-5.3.19.jar;D:\tool\MavenRepository\maven_jar\org\springframework\boot\spring-boot-starter-thymeleaf\2.6.7\spring-boot-starter-thymeleaf-2.6.7.jar;D:\tool\MavenRepository\maven_jar\org\thymeleaf\thymeleaf-spring5\3.0.15.RELEASE\thymeleaf-spring5-3.0.15.RELEASE.jar;D:\tool\MavenRepository\maven_jar\org\thymeleaf\thymeleaf\3.0.15.RELEASE\thymeleaf-3.0.15.RELEASE.jar;D:\tool\MavenRepository\maven_jar\org\attoparser\attoparser\2.0.5.RELEASE\attoparser-2.0.5.RELEASE.jar;D:\tool\MavenRepository\maven_jar\org\unbescape\unbescape\1.1.6.RELEASE\unbescape-1.1.6.RELEASE.jar;D:\tool\MavenRepository\maven_jar\org\thymeleaf\extras\thymeleaf-extras-java8time\3.0.4.RELEASE\thymeleaf-extras-java8time-3.0.4.RELEASE.jar;D:\tool\MavenRepository\maven_jar\com\github\binarywang\weixin-java-mp\4.5.0\weixin-java-mp-4.5.0.jar;D:\tool\MavenRepository\maven_jar\com\github\binarywang\weixin-java-common\4.5.0\weixin-java-common-4.5.0.jar;D:\tool\MavenRepository\maven_jar\com\thoughtworks\xstream\xstream\1.4.20\xstream-1.4.20.jar;D:\tool\MavenRepository\maven_jar\io\github\x-stream\mxparser\1.2.2\mxparser-1.2.2.jar;D:\tool\MavenRepository\maven_jar\xmlpull\xmlpull\1.1.3.1\xmlpull-1.1.3.1.jar;D:\tool\MavenRepository\maven_jar\org\slf4j\jcl-over-slf4j\1.7.36\jcl-over-slf4j-1.7.36.jar;D:\tool\MavenRepository\maven_jar\com\google\code\gson\gson\2.8.9\gson-2.8.9.jar;D:\tool\MavenRepository\maven_jar\commons-codec\commons-codec\1.15\commons-codec-1.15.jar;D:\tool\MavenRepository\maven_jar\commons-io\commons-io\2.7\commons-io-2.7.jar;D:\tool\MavenRepository\maven_jar\org\apache\commons\commons-lang3\3.12.0\commons-lang3-3.12.0.jar;D:\tool\MavenRepository\maven_jar\com\google\guava\guava\30.0-jre\guava-30.0-jre.jar;D:\tool\MavenRepository\maven_jar\com\google\guava\failureaccess\1.0.1\failureaccess-1.0.1.jar;D:\tool\MavenRepository\maven_jar\com\google\guava\listenablefuture\9999.0-empty-to-avoid-conflict-with-guava\listenablefuture-9999.0-empty-to-avoid-conflict-with-guava.jar;D:\tool\MavenRepository\maven_jar\org\checkerframework\checker-qual\3.5.0\checker-qual-3.5.0.jar;D:\tool\MavenRepository\maven_jar\com\google\errorprone\error_prone_annotations\2.3.4\error_prone_annotations-2.3.4.jar;D:\tool\MavenRepository\maven_jar\com\google\j2objc\j2objc-annotations\1.3\j2objc-annotations-1.3.jar;D:\tool\MavenRepository\maven_jar\org\dom4j\dom4j\2.1.3\dom4j-2.1.3.jar;D:\tool\MavenRepository\maven_jar\org\projectlombok\lombok\1.18.24\lombok-1.18.24.jar;D:\tool\MavenRepository\maven_jar\org\springframework\boot\spring-boot-starter-test\2.6.7\spring-boot-starter-test-2.6.7.jar;D:\tool\MavenRepository\maven_jar\org\springframework\boot\spring-boot-test\2.6.7\spring-boot-test-2.6.7.jar;D:\tool\MavenRepository\maven_jar\org\springframework\boot\spring-boot-test-autoconfigure\2.6.7\spring-boot-test-autoconfigure-2.6.7.jar;D:\tool\MavenRepository\maven_jar\com\jayway\jsonpath\json-path\2.6.0\json-path-2.6.0.jar;D:\tool\MavenRepository\maven_jar\net\minidev\json-smart\2.4.8\json-smart-2.4.8.jar;D:\tool\MavenRepository\maven_jar\net\minidev\accessors-smart\2.4.8\accessors-smart-2.4.8.jar;D:\tool\MavenRepository\maven_jar\org\ow2\asm\asm\9.1\asm-9.1.jar;D:\tool\MavenRepository\maven_jar\jakarta\xml\bind\jakarta.xml.bind-api\2.3.3\jakarta.xml.bind-api-2.3.3.jar;D:\tool\MavenRepository\maven_jar\jakarta\activation\jakarta.activation-api\1.2.2\jakarta.activation-api-1.2.2.jar;D:\tool\MavenRepository\maven_jar\org\assertj\assertj-core\3.21.0\assertj-core-3.21.0.jar;D:\tool\MavenRepository\maven_jar\org\hamcrest\hamcrest\2.2\hamcrest-2.2.jar;D:\tool\MavenRepository\maven_jar\org\junit\jupiter\junit-jupiter\5.8.2\junit-jupiter-5.8.2.jar;D:\tool\MavenRepository\maven_jar\org\junit\jupiter\junit-jupiter-api\5.8.2\junit-jupiter-api-5.8.2.jar;D:\tool\MavenRepository\maven_jar\org\opentest4j\opentest4j\1.2.0\opentest4j-1.2.0.jar;D:\tool\MavenRepository\maven_jar\org\junit\platform\junit-platform-commons\1.8.2\junit-platform-commons-1.8.2.jar;D:\tool\MavenRepository\maven_jar\org\apiguardian\apiguardian-api\1.1.2\apiguardian-api-1.1.2.jar;D:\tool\MavenRepository\maven_jar\org\junit\jupiter\junit-jupiter-params\5.8.2\junit-jupiter-params-5.8.2.jar;D:\tool\MavenRepository\maven_jar\org\junit\jupiter\junit-jupiter-engine\5.8.2\junit-jupiter-engine-5.8.2.jar;D:\tool\MavenRepository\maven_jar\org\junit\platform\junit-platform-engine\1.8.2\junit-platform-engine-1.8.2.jar;D:\tool\MavenRepository\maven_jar\org\mockito\mockito-core\4.0.0\mockito-core-4.0.0.jar;D:\tool\MavenRepository\maven_jar\net\bytebuddy\byte-buddy\1.11.22\byte-buddy-1.11.22.jar;D:\tool\MavenRepository\maven_jar\net\bytebuddy\byte-buddy-agent\1.11.22\byte-buddy-agent-1.11.22.jar;D:\tool\MavenRepository\maven_jar\org\objenesis\objenesis\3.2\objenesis-3.2.jar;D:\tool\MavenRepository\maven_jar\org\mockito\mockito-junit-jupiter\4.0.0\mockito-junit-jupiter-4.0.0.jar;D:\tool\MavenRepository\maven_jar\org\skyscreamer\jsonassert\1.5.0\jsonassert-1.5.0.jar;D:\tool\MavenRepository\maven_jar\com\vaadin\external\google\android-json\0.0.20131108.vaadin1\android-json-0.0.20131108.vaadin1.jar;D:\tool\MavenRepository\maven_jar\org\springframework\spring-core\5.3.19\spring-core-5.3.19.jar;D:\tool\MavenRepository\maven_jar\org\springframework\spring-jcl\5.3.19\spring-jcl-5.3.19.jar;D:\tool\MavenRepository\maven_jar\org\springframework\spring-test\5.3.19\spring-test-5.3.19.jar;D:\tool\MavenRepository\maven_jar\org\xmlunit\xmlunit-core\2.8.4\xmlunit-core-2.8.4.jar;D:\tool\MavenRepository\maven_jar\redis\clients\jedis\3.3.0\jedis-3.3.0.jar;D:\tool\MavenRepository\maven_jar\org\slf4j\slf4j-api\1.7.36\slf4j-api-1.7.36.jar;D:\tool\MavenRepository\maven_jar\org\apache\commons\commons-pool2\2.11.1\commons-pool2-2.11.1.jar;D:\tool\MavenRepository\maven_jar\com\github\jedis-lock\jedis-lock\1.0.0\jedis-lock-1.0.0.jar;D:\tool\MavenRepository\maven_jar\org\springframework\boot\spring-boot-configuration-processor\2.6.7\spring-boot-configuration-processor-2.6.7.jar;D:\tool\MavenRepository\maven_jar\org\testng\testng\7.5.1\testng-7.5.1.jar;D:\tool\MavenRepository\maven_jar\com\google\code\findbugs\jsr305\3.0.1\jsr305-3.0.1.jar;D:\tool\MavenRepository\maven_jar\com\beust\jcommander\1.78\jcommander-1.78.jar;D:\tool\MavenRepository\maven_jar\org\webjars\jquery\3.5.1\jquery-3.5.1.jar;D:\tool\MavenRepository\maven_jar\io\rest-assured\rest-assured\3.1.1\rest-assured-3.1.1.jar;D:\tool\MavenRepository\maven_jar\org\codehaus\groovy\groovy\3.0.10\groovy-3.0.10.jar;D:\tool\MavenRepository\maven_jar\org\codehaus\groovy\groovy-xml\3.0.10\groovy-xml-3.0.10.jar;D:\tool\MavenRepository\maven_jar\org\apache\httpcomponents\httpclient\4.5.13\httpclient-4.5.13.jar;D:\tool\MavenRepository\maven_jar\org\apache\httpcomponents\httpcore\4.4.15\httpcore-4.4.15.jar;D:\tool\MavenRepository\maven_jar\org\apache\httpcomponents\httpmime\4.5.13\httpmime-4.5.13.jar;D:\tool\MavenRepository\maven_jar\org\hamcrest\hamcrest-core\2.2\hamcrest-core-2.2.jar;D:\tool\MavenRepository\maven_jar\org\hamcrest\hamcrest-library\2.2\hamcrest-library-2.2.jar;D:\tool\MavenRepository\maven_jar\org\ccil\cowan\tagsoup\tagsoup\1.2.1\tagsoup-1.2.1.jar;D:\tool\MavenRepository\maven_jar\io\rest-assured\json-path\4.4.0\json-path-4.4.0.jar;D:\tool\MavenRepository\maven_jar\org\codehaus\groovy\groovy-json\3.0.10\groovy-json-3.0.10.jar;D:\tool\MavenRepository\maven_jar\io\rest-assured\rest-assured-common\4.4.0\rest-assured-common-4.4.0.jar;D:\tool\MavenRepository\maven_jar\io\rest-assured\xml-path\4.4.0\xml-path-4.4.0.jar;D:\tool\MavenRepository\maven_jar\com\sun\xml\bind\jaxb-impl\2.3.3\jaxb-impl-2.3.3.jar;"/>
    <property name="sun.cpu.endian" value="little"/>
    <property name="user.home" value="C:\Users\Q"/>
    <property name="user.language" value="zh"/>
    <property name="java.specification.vendor" value="Oracle Corporation"/>
    <property name="java.version.date" value="2023-01-17"/>
    <property name="java.home" value="D:\JetBrains\IntelliJ IDEA 2023.1.1\jbr"/>
    <property name="file.separator" value="\"/>
    <property name="basedir" value="D:\project\weixin-java-mp-demo"/>
    <property name="java.vm.compressedOopsMode" value="Zero based"/>
    <property name="line.separator" value="&#10;"/>
    <property name="java.vm.specification.vendor" value="Oracle Corporation"/>
    <property name="java.specification.name" value="Java Platform API Specification"/>
    <property name="jbr.virtualization.information" value="Hyper-V role"/>
    <property name="surefire.real.class.path" value="C:\Users\Q\AppData\Local\Temp\surefire2749245180304342183\surefirebooter2205471258769793199.jar"/>
    <property name="user.script" value=""/>
    <property name="sun.management.compiler" value="HotSpot 64-Bit Tiered Compilers"/>
    <property name="java.runtime.version" value="17.0.6+10-b829.9"/>
    <property name="user.name" value="Q"/>
    <property name="path.separator" value=";"/>
    <property name="os.version" value="10.0"/>
    <property name="java.runtime.name" value="OpenJDK Runtime Environment"/>
    <property name="file.encoding" value="GBK"/>
    <property name="java.vm.name" value="OpenJDK 64-Bit Server VM"/>
    <property name="java.vendor.version" value="JBR-17.0.6+10-829.9-jcef"/>
    <property name="localRepository" value="D:\tool\MavenRepository\maven_jar"/>
    <property name="java.vendor.url.bug" value="https://bugreport.java.com/bugreport/"/>
    <property name="java.io.tmpdir" value="C:\Users\Q\AppData\Local\Temp\"/>
    <property name="idea.version" value="2023.1.1"/>
    <property name="java.version" value="17.0.6"/>
    <property name="user.dir" value="D:\project\weixin-java-mp-demo"/>
    <property name="os.arch" value="amd64"/>
    <property name="java.vm.specification.name" value="Java Virtual Machine Specification"/>
    <property name="sun.os.patch.level" value=""/>
    <property name="native.encoding" value="GBK"/>
    <property name="java.library.path" value="D:\JetBrains\IntelliJ IDEA 2023.1.1\jbr\bin;C:\WINDOWS\Sun\Java\bin;C:\WINDOWS\system32;C:\WINDOWS;D:\GAN\Anaconda3\condabin;c:\Users\Q\AppData\Local\Programs\Cursor\resources\app\bin;D:\VMware\bin\;D:\CUDA\v8.0\bin;D:\CUDA\v8.0\libnvvp;C:\Program Files (x86)\Common Files\Oracle\Java\javapath;C:\Windows\system32;C:\Windows;C:\Windows\System32\Wbem;C:\Windows\System32\WindowsPowerShell\v1.0\;C:\Windows\System32\OpenSSH\;C:\Program Files\NVIDIA Corporation\NVIDIA NvDLISR;C:\Program Files\Microsoft SQL Server\130\Tools\Binn\;C:\Program Files\Microsoft\Web Platform Installer\;C:\Program Files (x86)\Microsoft ASP.NET\ASP.NET Web Pages\v1.0\;C:\Program Files\Microsoft SQL Server\110\Tools\Binn\;C:\Program Files (x86)\NVIDIA Corporation\PhysX\Common;D:\JAVA\jdk1.8.0_144\bin;C:\WINDOWS\system32;C:\WINDOWS;C:\WINDOWS\System32\Wbem;C:\WINDOWS\System32\WindowsPowerShell\v1.0\;C:\WINDOWS\System32\OpenSSH\;C:\Program Files\dotnet\;C:\MinGW\bin;D:\GAN\Anaconda3;D:\GAN\Anaconda3\Scripts;D:\GAN\Anaconda3\Library\mingw-w64;D:\GAN\Anaconda3\Library\bin;D:\GAN\Anaconda3\Library\usr\bin;C:\Users\Q\AppData\Local\Programs\Python\Python36-32;D:\GAN\Anac;C:\WINDOWS\system32;C:\WINDOWS;C:\WINDOWS\System32\Wbem;C:\WINDOWS\System32\WindowsPowerShell\v1.0\;C:\WINDOWS\System32\OpenSSH\;D:\NodeJS;D:\tool\;C:\Users\Q\AppData\Local\Programs\Python\Python36-32\Scripts\;C:\Users\Q\AppData\Local\Programs\Python\Python36-32\;C:\Users\Q\AppData\Local\Microsoft\WindowsApps;D:\---游戏---\QQGameTempest\Hall.57711\;D:\JAVA\jdk1.8.0_144\bin;C:\Users\Q\.dotnet\tools;D:\Pycharm\PyCharm Community Edition 2022.2.2\bin;;D:\Microsoft VS Code\bin;D:\MinGW\bin;C:\Users\Q\AppData\Roaming\npm;D:\tool\apache-maven-3.9.2\bin;;."/>
    <property name="java.vm.info" value="mixed mode"/>
    <property name="java.vendor" value="JetBrains s.r.o."/>
    <property name="java.vm.version" value="17.0.6+10-b829.9"/>
    <property name="sun.io.unicode.encoding" value="UnicodeLittle"/>
    <property name="java.class.version" value="61.0"/>
  </properties>
  <testcase name="setup" classname="com.github.binarywang.demo.wx.mp.controller.WxJsapiControllerTest" time="0.599">
    <failure message="io/restassured/mapper/factory/GsonObjectMapperFactory" type="java.lang.NoClassDefFoundError">java.lang.NoClassDefFoundError: io/restassured/mapper/factory/GsonObjectMapperFactory
Caused by: java.lang.ClassNotFoundException: io.restassured.mapper.factory.GsonObjectMapperFactory
</failure>
  </testcase>
  <testcase name="testGetJsapiTicket" classname="com.github.binarywang.demo.wx.mp.controller.WxJsapiControllerTest" time="0">
    <skipped message="io/restassured/mapper/factory/GsonObjectMapperFactory"/>
  </testcase>
  <testcase name="testGetJsapiTicket" classname="com.github.binarywang.demo.wx.mp.controller.WxJsapiControllerTest" time="0">
    <skipped message="io/restassured/mapper/factory/GsonObjectMapperFactory"/>
  </testcase>
  <testcase name="testGetJsapiTicket" classname="com.github.binarywang.demo.wx.mp.controller.WxJsapiControllerTest" time="0">
    <skipped message="io/restassured/mapper/factory/GsonObjectMapperFactory"/>
  </testcase>
  <testcase name="testGetJsapiTicket" classname="com.github.binarywang.demo.wx.mp.controller.WxJsapiControllerTest" time="0">
    <skipped message="io/restassured/mapper/factory/GsonObjectMapperFactory"/>
  </testcase>
  <testcase name="testGetJsapiTicket" classname="com.github.binarywang.demo.wx.mp.controller.WxJsapiControllerTest" time="0">
    <skipped message="io/restassured/mapper/factory/GsonObjectMapperFactory"/>
  </testcase>
  <testcase name="testGetJsapiTicket" classname="com.github.binarywang.demo.wx.mp.controller.WxJsapiControllerTest" time="0">
    <skipped message="io/restassured/mapper/factory/GsonObjectMapperFactory"/>
  </testcase>
  <testcase name="testGetJsapiTicket" classname="com.github.binarywang.demo.wx.mp.controller.WxJsapiControllerTest" time="0">
    <skipped message="io/restassured/mapper/factory/GsonObjectMapperFactory"/>
  </testcase>
  <testcase name="testGetJsapiTicket" classname="com.github.binarywang.demo.wx.mp.controller.WxJsapiControllerTest" time="0">
    <skipped message="io/restassured/mapper/factory/GsonObjectMapperFactory"/>
  </testcase>
  <testcase name="testGetJsapiTicket" classname="com.github.binarywang.demo.wx.mp.controller.WxJsapiControllerTest" time="0">
    <skipped message="io/restassured/mapper/factory/GsonObjectMapperFactory"/>
  </testcase>
  <testcase name="testGetJsapiTicket" classname="com.github.binarywang.demo.wx.mp.controller.WxJsapiControllerTest" time="0">
    <skipped message="io/restassured/mapper/factory/GsonObjectMapperFactory"/>
  </testcase>
  <testcase name="testGetJsapiTicket" classname="com.github.binarywang.demo.wx.mp.controller.WxJsapiControllerTest" time="0">
    <skipped message="io/restassured/mapper/factory/GsonObjectMapperFactory"/>
  </testcase>
  <testcase name="testGetJsapiTicket" classname="com.github.binarywang.demo.wx.mp.controller.WxJsapiControllerTest" time="0">
    <skipped message="io/restassured/mapper/factory/GsonObjectMapperFactory"/>
  </testcase>
  <testcase name="testGetJsapiTicket" classname="com.github.binarywang.demo.wx.mp.controller.WxJsapiControllerTest" time="0">
    <skipped message="io/restassured/mapper/factory/GsonObjectMapperFactory"/>
  </testcase>
  <testcase name="testGetJsapiTicket" classname="com.github.binarywang.demo.wx.mp.controller.WxJsapiControllerTest" time="0">
    <skipped message="io/restassured/mapper/factory/GsonObjectMapperFactory"/>
  </testcase>
  <testcase name="testGetJsapiTicket" classname="com.github.binarywang.demo.wx.mp.controller.WxJsapiControllerTest" time="0">
    <skipped message="io/restassured/mapper/factory/GsonObjectMapperFactory"/>
  </testcase>
  <testcase name="testGetJsapiTicket" classname="com.github.binarywang.demo.wx.mp.controller.WxJsapiControllerTest" time="0">
    <skipped message="io/restassured/mapper/factory/GsonObjectMapperFactory"/>
  </testcase>
  <testcase name="testGetJsapiTicket" classname="com.github.binarywang.demo.wx.mp.controller.WxJsapiControllerTest" time="0">
    <skipped message="io/restassured/mapper/factory/GsonObjectMapperFactory"/>
  </testcase>
  <testcase name="testGetJsapiTicket" classname="com.github.binarywang.demo.wx.mp.controller.WxJsapiControllerTest" time="0">
    <skipped message="io/restassured/mapper/factory/GsonObjectMapperFactory"/>
  </testcase>
  <testcase name="testGetJsapiTicket" classname="com.github.binarywang.demo.wx.mp.controller.WxJsapiControllerTest" time="0">
    <skipped message="io/restassured/mapper/factory/GsonObjectMapperFactory"/>
  </testcase>
  <testcase name="testGetJsapiTicket" classname="com.github.binarywang.demo.wx.mp.controller.WxJsapiControllerTest" time="0">
    <skipped message="io/restassured/mapper/factory/GsonObjectMapperFactory"/>
  </testcase>
  <testcase name="testGetJsapiTicket" classname="com.github.binarywang.demo.wx.mp.controller.WxJsapiControllerTest" time="0">
    <skipped message="io/restassured/mapper/factory/GsonObjectMapperFactory"/>
  </testcase>
  <testcase name="testGetJsapiTicket" classname="com.github.binarywang.demo.wx.mp.controller.WxJsapiControllerTest" time="0">
    <skipped message="io/restassured/mapper/factory/GsonObjectMapperFactory"/>
  </testcase>
  <testcase name="testGetJsapiTicket" classname="com.github.binarywang.demo.wx.mp.controller.WxJsapiControllerTest" time="0">
    <skipped message="io/restassured/mapper/factory/GsonObjectMapperFactory"/>
  </testcase>
  <testcase name="testGetJsapiTicket" classname="com.github.binarywang.demo.wx.mp.controller.WxJsapiControllerTest" time="0">
    <skipped message="io/restassured/mapper/factory/GsonObjectMapperFactory"/>
  </testcase>
  <testcase name="testGetJsapiTicket" classname="com.github.binarywang.demo.wx.mp.controller.WxJsapiControllerTest" time="0">
    <skipped message="io/restassured/mapper/factory/GsonObjectMapperFactory"/>
  </testcase>
  <testcase name="testGetJsapiTicket" classname="com.github.binarywang.demo.wx.mp.controller.WxJsapiControllerTest" time="0">
    <skipped message="io/restassured/mapper/factory/GsonObjectMapperFactory"/>
  </testcase>
  <testcase name="testGetJsapiTicket" classname="com.github.binarywang.demo.wx.mp.controller.WxJsapiControllerTest" time="0">
    <skipped message="io/restassured/mapper/factory/GsonObjectMapperFactory"/>
  </testcase>
  <testcase name="testGetJsapiTicket" classname="com.github.binarywang.demo.wx.mp.controller.WxJsapiControllerTest" time="0">
    <skipped message="io/restassured/mapper/factory/GsonObjectMapperFactory"/>
  </testcase>
  <testcase name="testGetJsapiTicket" classname="com.github.binarywang.demo.wx.mp.controller.WxJsapiControllerTest" time="0">
    <skipped message="io/restassured/mapper/factory/GsonObjectMapperFactory"/>
  </testcase>
  <testcase name="testGetJsapiTicket" classname="com.github.binarywang.demo.wx.mp.controller.WxJsapiControllerTest" time="0">
    <skipped message="io/restassured/mapper/factory/GsonObjectMapperFactory"/>
  </testcase>
  <testcase name="testGetJsapiTicket" classname="com.github.binarywang.demo.wx.mp.controller.WxJsapiControllerTest" time="0">
    <skipped message="io/restassured/mapper/factory/GsonObjectMapperFactory"/>
  </testcase>
  <testcase name="testGetJsapiTicket" classname="com.github.binarywang.demo.wx.mp.controller.WxJsapiControllerTest" time="0">
    <skipped message="io/restassured/mapper/factory/GsonObjectMapperFactory"/>
  </testcase>
  <testcase name="testGetJsapiTicket" classname="com.github.binarywang.demo.wx.mp.controller.WxJsapiControllerTest" time="0">
    <skipped message="io/restassured/mapper/factory/GsonObjectMapperFactory"/>
  </testcase>
  <testcase name="testGetJsapiTicket" classname="com.github.binarywang.demo.wx.mp.controller.WxJsapiControllerTest" time="0">
    <skipped message="io/restassured/mapper/factory/GsonObjectMapperFactory"/>
  </testcase>
  <testcase name="testGetJsapiTicket" classname="com.github.binarywang.demo.wx.mp.controller.WxJsapiControllerTest" time="0">
    <skipped message="io/restassured/mapper/factory/GsonObjectMapperFactory"/>
  </testcase>
  <testcase name="testGetJsapiTicket" classname="com.github.binarywang.demo.wx.mp.controller.WxJsapiControllerTest" time="0">
    <skipped message="io/restassured/mapper/factory/GsonObjectMapperFactory"/>
  </testcase>
  <testcase name="testGetJsapiTicket" classname="com.github.binarywang.demo.wx.mp.controller.WxJsapiControllerTest" time="0">
    <skipped message="io/restassured/mapper/factory/GsonObjectMapperFactory"/>
  </testcase>
  <testcase name="testGetJsapiTicket" classname="com.github.binarywang.demo.wx.mp.controller.WxJsapiControllerTest" time="0">
    <skipped message="io/restassured/mapper/factory/GsonObjectMapperFactory"/>
  </testcase>
  <testcase name="testGetJsapiTicket" classname="com.github.binarywang.demo.wx.mp.controller.WxJsapiControllerTest" time="0">
    <skipped message="io/restassured/mapper/factory/GsonObjectMapperFactory"/>
  </testcase>
  <testcase name="testGetJsapiTicket" classname="com.github.binarywang.demo.wx.mp.controller.WxJsapiControllerTest" time="0">
    <skipped message="io/restassured/mapper/factory/GsonObjectMapperFactory"/>
  </testcase>
  <testcase name="testGetJsapiTicket" classname="com.github.binarywang.demo.wx.mp.controller.WxJsapiControllerTest" time="0">
    <skipped message="io/restassured/mapper/factory/GsonObjectMapperFactory"/>
  </testcase>
  <testcase name="testGetJsapiTicket" classname="com.github.binarywang.demo.wx.mp.controller.WxJsapiControllerTest" time="0">
    <skipped message="io/restassured/mapper/factory/GsonObjectMapperFactory"/>
  </testcase>
  <testcase name="testGetJsapiTicket" classname="com.github.binarywang.demo.wx.mp.controller.WxJsapiControllerTest" time="0">
    <skipped message="io/restassured/mapper/factory/GsonObjectMapperFactory"/>
  </testcase>
  <testcase name="testGetJsapiTicket" classname="com.github.binarywang.demo.wx.mp.controller.WxJsapiControllerTest" time="0">
    <skipped message="io/restassured/mapper/factory/GsonObjectMapperFactory"/>
  </testcase>
  <testcase name="testGetJsapiTicket" classname="com.github.binarywang.demo.wx.mp.controller.WxJsapiControllerTest" time="0">
    <skipped message="io/restassured/mapper/factory/GsonObjectMapperFactory"/>
  </testcase>
  <testcase name="testGetJsapiTicket" classname="com.github.binarywang.demo.wx.mp.controller.WxJsapiControllerTest" time="0">
    <skipped message="io/restassured/mapper/factory/GsonObjectMapperFactory"/>
  </testcase>
  <testcase name="testGetJsapiTicket" classname="com.github.binarywang.demo.wx.mp.controller.WxJsapiControllerTest" time="0">
    <skipped message="io/restassured/mapper/factory/GsonObjectMapperFactory"/>
  </testcase>
  <testcase name="testGetJsapiTicket" classname="com.github.binarywang.demo.wx.mp.controller.WxJsapiControllerTest" time="0">
    <skipped message="io/restassured/mapper/factory/GsonObjectMapperFactory"/>
  </testcase>
  <testcase name="testGetJsapiTicket" classname="com.github.binarywang.demo.wx.mp.controller.WxJsapiControllerTest" time="0">
    <skipped message="io/restassured/mapper/factory/GsonObjectMapperFactory"/>
  </testcase>
  <testcase name="testGetJsapiTicket" classname="com.github.binarywang.demo.wx.mp.controller.WxJsapiControllerTest" time="0">
    <skipped message="io/restassured/mapper/factory/GsonObjectMapperFactory"/>
  </testcase>
  <testcase name="testGetJsapiTicket" classname="com.github.binarywang.demo.wx.mp.controller.WxJsapiControllerTest" time="0">
    <skipped message="io/restassured/mapper/factory/GsonObjectMapperFactory"/>
  </testcase>
  <testcase name="testGetJsapiTicket" classname="com.github.binarywang.demo.wx.mp.controller.WxJsapiControllerTest" time="0">
    <skipped message="io/restassured/mapper/factory/GsonObjectMapperFactory"/>
  </testcase>
  <testcase name="testGetJsapiTicket" classname="com.github.binarywang.demo.wx.mp.controller.WxJsapiControllerTest" time="0">
    <skipped message="io/restassured/mapper/factory/GsonObjectMapperFactory"/>
  </testcase>
  <testcase name="testGetJsapiTicket" classname="com.github.binarywang.demo.wx.mp.controller.WxJsapiControllerTest" time="0">
    <skipped message="io/restassured/mapper/factory/GsonObjectMapperFactory"/>
  </testcase>
  <testcase name="testGetJsapiTicket" classname="com.github.binarywang.demo.wx.mp.controller.WxJsapiControllerTest" time="0">
    <skipped message="io/restassured/mapper/factory/GsonObjectMapperFactory"/>
  </testcase>
  <testcase name="testGetJsapiTicket" classname="com.github.binarywang.demo.wx.mp.controller.WxJsapiControllerTest" time="0">
    <skipped message="io/restassured/mapper/factory/GsonObjectMapperFactory"/>
  </testcase>
  <testcase name="testGetJsapiTicket" classname="com.github.binarywang.demo.wx.mp.controller.WxJsapiControllerTest" time="0">
    <skipped message="io/restassured/mapper/factory/GsonObjectMapperFactory"/>
  </testcase>
  <testcase name="testGetJsapiTicket" classname="com.github.binarywang.demo.wx.mp.controller.WxJsapiControllerTest" time="0">
    <skipped message="io/restassured/mapper/factory/GsonObjectMapperFactory"/>
  </testcase>
  <testcase name="testGetJsapiTicket" classname="com.github.binarywang.demo.wx.mp.controller.WxJsapiControllerTest" time="0">
    <skipped message="io/restassured/mapper/factory/GsonObjectMapperFactory"/>
  </testcase>
  <testcase name="testGetJsapiTicket" classname="com.github.binarywang.demo.wx.mp.controller.WxJsapiControllerTest" time="0">
    <skipped message="io/restassured/mapper/factory/GsonObjectMapperFactory"/>
  </testcase>
  <testcase name="testGetJsapiTicket" classname="com.github.binarywang.demo.wx.mp.controller.WxJsapiControllerTest" time="0">
    <skipped message="io/restassured/mapper/factory/GsonObjectMapperFactory"/>
  </testcase>
  <testcase name="testGetJsapiTicket" classname="com.github.binarywang.demo.wx.mp.controller.WxJsapiControllerTest" time="0">
    <skipped message="io/restassured/mapper/factory/GsonObjectMapperFactory"/>
  </testcase>
  <testcase name="testGetJsapiTicket" classname="com.github.binarywang.demo.wx.mp.controller.WxJsapiControllerTest" time="0">
    <skipped message="io/restassured/mapper/factory/GsonObjectMapperFactory"/>
  </testcase>
  <testcase name="testGetJsapiTicket" classname="com.github.binarywang.demo.wx.mp.controller.WxJsapiControllerTest" time="0">
    <skipped message="io/restassured/mapper/factory/GsonObjectMapperFactory"/>
  </testcase>
  <testcase name="testGetJsapiTicket" classname="com.github.binarywang.demo.wx.mp.controller.WxJsapiControllerTest" time="0">
    <skipped message="io/restassured/mapper/factory/GsonObjectMapperFactory"/>
  </testcase>
  <testcase name="testGetJsapiTicket" classname="com.github.binarywang.demo.wx.mp.controller.WxJsapiControllerTest" time="0">
    <skipped message="io/restassured/mapper/factory/GsonObjectMapperFactory"/>
  </testcase>
  <testcase name="testGetJsapiTicket" classname="com.github.binarywang.demo.wx.mp.controller.WxJsapiControllerTest" time="0">
    <skipped message="io/restassured/mapper/factory/GsonObjectMapperFactory"/>
  </testcase>
  <testcase name="testGetJsapiTicket" classname="com.github.binarywang.demo.wx.mp.controller.WxJsapiControllerTest" time="0">
    <skipped message="io/restassured/mapper/factory/GsonObjectMapperFactory"/>
  </testcase>
  <testcase name="testGetJsapiTicket" classname="com.github.binarywang.demo.wx.mp.controller.WxJsapiControllerTest" time="0">
    <skipped message="io/restassured/mapper/factory/GsonObjectMapperFactory"/>
  </testcase>
  <testcase name="testGetJsapiTicket" classname="com.github.binarywang.demo.wx.mp.controller.WxJsapiControllerTest" time="0">
    <skipped message="io/restassured/mapper/factory/GsonObjectMapperFactory"/>
  </testcase>
  <testcase name="testGetJsapiTicket" classname="com.github.binarywang.demo.wx.mp.controller.WxJsapiControllerTest" time="0">
    <skipped message="io/restassured/mapper/factory/GsonObjectMapperFactory"/>
  </testcase>
  <testcase name="testGetJsapiTicket" classname="com.github.binarywang.demo.wx.mp.controller.WxJsapiControllerTest" time="0">
    <skipped message="io/restassured/mapper/factory/GsonObjectMapperFactory"/>
  </testcase>
  <testcase name="testGetJsapiTicket" classname="com.github.binarywang.demo.wx.mp.controller.WxJsapiControllerTest" time="0">
    <skipped message="io/restassured/mapper/factory/GsonObjectMapperFactory"/>
  </testcase>
  <testcase name="testGetJsapiTicket" classname="com.github.binarywang.demo.wx.mp.controller.WxJsapiControllerTest" time="0">
    <skipped message="io/restassured/mapper/factory/GsonObjectMapperFactory"/>
  </testcase>
  <testcase name="testGetJsapiTicket" classname="com.github.binarywang.demo.wx.mp.controller.WxJsapiControllerTest" time="0">
    <skipped message="io/restassured/mapper/factory/GsonObjectMapperFactory"/>
  </testcase>
  <testcase name="testGetJsapiTicket" classname="com.github.binarywang.demo.wx.mp.controller.WxJsapiControllerTest" time="0">
    <skipped message="io/restassured/mapper/factory/GsonObjectMapperFactory"/>
  </testcase>
  <testcase name="testGetJsapiTicket" classname="com.github.binarywang.demo.wx.mp.controller.WxJsapiControllerTest" time="0">
    <skipped message="io/restassured/mapper/factory/GsonObjectMapperFactory"/>
  </testcase>
  <testcase name="testGetJsapiTicket" classname="com.github.binarywang.demo.wx.mp.controller.WxJsapiControllerTest" time="0">
    <skipped message="io/restassured/mapper/factory/GsonObjectMapperFactory"/>
  </testcase>
  <testcase name="testGetJsapiTicket" classname="com.github.binarywang.demo.wx.mp.controller.WxJsapiControllerTest" time="0">
    <skipped message="io/restassured/mapper/factory/GsonObjectMapperFactory"/>
  </testcase>
  <testcase name="testGetJsapiTicket" classname="com.github.binarywang.demo.wx.mp.controller.WxJsapiControllerTest" time="0">
    <skipped message="io/restassured/mapper/factory/GsonObjectMapperFactory"/>
  </testcase>
  <testcase name="testGetJsapiTicket" classname="com.github.binarywang.demo.wx.mp.controller.WxJsapiControllerTest" time="0">
    <skipped message="io/restassured/mapper/factory/GsonObjectMapperFactory"/>
  </testcase>
  <testcase name="testGetJsapiTicket" classname="com.github.binarywang.demo.wx.mp.controller.WxJsapiControllerTest" time="0">
    <skipped message="io/restassured/mapper/factory/GsonObjectMapperFactory"/>
  </testcase>
  <testcase name="testGetJsapiTicket" classname="com.github.binarywang.demo.wx.mp.controller.WxJsapiControllerTest" time="0">
    <skipped message="io/restassured/mapper/factory/GsonObjectMapperFactory"/>
  </testcase>
  <testcase name="testGetJsapiTicket" classname="com.github.binarywang.demo.wx.mp.controller.WxJsapiControllerTest" time="0">
    <skipped message="io/restassured/mapper/factory/GsonObjectMapperFactory"/>
  </testcase>
  <testcase name="testGetJsapiTicket" classname="com.github.binarywang.demo.wx.mp.controller.WxJsapiControllerTest" time="0">
    <skipped message="io/restassured/mapper/factory/GsonObjectMapperFactory"/>
  </testcase>
  <testcase name="testGetJsapiTicket" classname="com.github.binarywang.demo.wx.mp.controller.WxJsapiControllerTest" time="0">
    <skipped message="io/restassured/mapper/factory/GsonObjectMapperFactory"/>
  </testcase>
  <testcase name="testGetJsapiTicket" classname="com.github.binarywang.demo.wx.mp.controller.WxJsapiControllerTest" time="0">
    <skipped message="io/restassured/mapper/factory/GsonObjectMapperFactory"/>
  </testcase>
  <testcase name="testGetJsapiTicket" classname="com.github.binarywang.demo.wx.mp.controller.WxJsapiControllerTest" time="0">
    <skipped message="io/restassured/mapper/factory/GsonObjectMapperFactory"/>
  </testcase>
  <testcase name="testGetJsapiTicket" classname="com.github.binarywang.demo.wx.mp.controller.WxJsapiControllerTest" time="0">
    <skipped message="io/restassured/mapper/factory/GsonObjectMapperFactory"/>
  </testcase>
  <testcase name="testGetJsapiTicket" classname="com.github.binarywang.demo.wx.mp.controller.WxJsapiControllerTest" time="0">
    <skipped message="io/restassured/mapper/factory/GsonObjectMapperFactory"/>
  </testcase>
  <testcase name="testGetJsapiTicket" classname="com.github.binarywang.demo.wx.mp.controller.WxJsapiControllerTest" time="0">
    <skipped message="io/restassured/mapper/factory/GsonObjectMapperFactory"/>
  </testcase>
  <testcase name="testGetJsapiTicket" classname="com.github.binarywang.demo.wx.mp.controller.WxJsapiControllerTest" time="0">
    <skipped message="io/restassured/mapper/factory/GsonObjectMapperFactory"/>
  </testcase>
  <testcase name="testGetJsapiTicket" classname="com.github.binarywang.demo.wx.mp.controller.WxJsapiControllerTest" time="0">
    <skipped message="io/restassured/mapper/factory/GsonObjectMapperFactory"/>
  </testcase>
  <testcase name="testGetJsapiTicket" classname="com.github.binarywang.demo.wx.mp.controller.WxJsapiControllerTest" time="0">
    <skipped message="io/restassured/mapper/factory/GsonObjectMapperFactory"/>
  </testcase>
  <testcase name="testGetJsapiTicket" classname="com.github.binarywang.demo.wx.mp.controller.WxJsapiControllerTest" time="0">
    <skipped message="io/restassured/mapper/factory/GsonObjectMapperFactory"/>
  </testcase>
  <testcase name="testGetJsapiTicket" classname="com.github.binarywang.demo.wx.mp.controller.WxJsapiControllerTest" time="0">
    <skipped message="io/restassured/mapper/factory/GsonObjectMapperFactory"/>
  </testcase>
  <testcase name="testGetJsapiTicket" classname="com.github.binarywang.demo.wx.mp.controller.WxJsapiControllerTest" time="0">
    <skipped message="io/restassured/mapper/factory/GsonObjectMapperFactory"/>
  </testcase>
  <testcase name="testGetJsapiTicket" classname="com.github.binarywang.demo.wx.mp.controller.WxJsapiControllerTest" time="0">
    <skipped message="io/restassured/mapper/factory/GsonObjectMapperFactory"/>
  </testcase>
  <testcase name="testGetJsapiTicket" classname="com.github.binarywang.demo.wx.mp.controller.WxJsapiControllerTest" time="0">
    <skipped message="io/restassured/mapper/factory/GsonObjectMapperFactory"/>
  </testcase>
  <testcase name="testGetJsapiTicket" classname="com.github.binarywang.demo.wx.mp.controller.WxJsapiControllerTest" time="0">
    <skipped message="io/restassured/mapper/factory/GsonObjectMapperFactory"/>
  </testcase>
  <testcase name="testGetJsapiTicket" classname="com.github.binarywang.demo.wx.mp.controller.WxJsapiControllerTest" time="0">
    <skipped message="io/restassured/mapper/factory/GsonObjectMapperFactory"/>
  </testcase>
  <testcase name="testGetJsapiTicket" classname="com.github.binarywang.demo.wx.mp.controller.WxJsapiControllerTest" time="0">
    <skipped message="io/restassured/mapper/factory/GsonObjectMapperFactory"/>
  </testcase>
  <testcase name="testGetJsapiTicket" classname="com.github.binarywang.demo.wx.mp.controller.WxJsapiControllerTest" time="0">
    <skipped message="io/restassured/mapper/factory/GsonObjectMapperFactory"/>
  </testcase>
  <testcase name="testGetJsapiTicket" classname="com.github.binarywang.demo.wx.mp.controller.WxJsapiControllerTest" time="0">
    <skipped message="io/restassured/mapper/factory/GsonObjectMapperFactory"/>
  </testcase>
  <testcase name="testGetJsapiTicket" classname="com.github.binarywang.demo.wx.mp.controller.WxJsapiControllerTest" time="0">
    <skipped message="io/restassured/mapper/factory/GsonObjectMapperFactory"/>
  </testcase>
  <testcase name="testGetJsapiTicket" classname="com.github.binarywang.demo.wx.mp.controller.WxJsapiControllerTest" time="0">
    <skipped message="io/restassured/mapper/factory/GsonObjectMapperFactory"/>
  </testcase>
  <testcase name="testGetJsapiTicket" classname="com.github.binarywang.demo.wx.mp.controller.WxJsapiControllerTest" time="0">
    <skipped message="io/restassured/mapper/factory/GsonObjectMapperFactory"/>
  </testcase>
  <testcase name="testGetJsapiTicket" classname="com.github.binarywang.demo.wx.mp.controller.WxJsapiControllerTest" time="0">
    <skipped message="io/restassured/mapper/factory/GsonObjectMapperFactory"/>
  </testcase>
  <testcase name="testGetJsapiTicket" classname="com.github.binarywang.demo.wx.mp.controller.WxJsapiControllerTest" time="0">
    <skipped message="io/restassured/mapper/factory/GsonObjectMapperFactory"/>
  </testcase>
  <testcase name="testGetJsapiTicket" classname="com.github.binarywang.demo.wx.mp.controller.WxJsapiControllerTest" time="0">
    <skipped message="io/restassured/mapper/factory/GsonObjectMapperFactory"/>
  </testcase>
  <testcase name="testGetJsapiTicket" classname="com.github.binarywang.demo.wx.mp.controller.WxJsapiControllerTest" time="0">
    <skipped message="io/restassured/mapper/factory/GsonObjectMapperFactory"/>
  </testcase>
  <testcase name="testGetJsapiTicket" classname="com.github.binarywang.demo.wx.mp.controller.WxJsapiControllerTest" time="0">
    <skipped message="io/restassured/mapper/factory/GsonObjectMapperFactory"/>
  </testcase>
  <testcase name="testGetJsapiTicket" classname="com.github.binarywang.demo.wx.mp.controller.WxJsapiControllerTest" time="0">
    <skipped message="io/restassured/mapper/factory/GsonObjectMapperFactory"/>
  </testcase>
  <testcase name="testGetJsapiTicket" classname="com.github.binarywang.demo.wx.mp.controller.WxJsapiControllerTest" time="0">
    <skipped message="io/restassured/mapper/factory/GsonObjectMapperFactory"/>
  </testcase>
  <testcase name="testGetJsapiTicket" classname="com.github.binarywang.demo.wx.mp.controller.WxJsapiControllerTest" time="0">
    <skipped message="io/restassured/mapper/factory/GsonObjectMapperFactory"/>
  </testcase>
  <testcase name="testGetJsapiTicket" classname="com.github.binarywang.demo.wx.mp.controller.WxJsapiControllerTest" time="0">
    <skipped message="io/restassured/mapper/factory/GsonObjectMapperFactory"/>
  </testcase>
  <testcase name="testGetJsapiTicket" classname="com.github.binarywang.demo.wx.mp.controller.WxJsapiControllerTest" time="0">
    <skipped message="io/restassured/mapper/factory/GsonObjectMapperFactory"/>
  </testcase>
  <testcase name="testGetJsapiTicket" classname="com.github.binarywang.demo.wx.mp.controller.WxJsapiControllerTest" time="0">
    <skipped message="io/restassured/mapper/factory/GsonObjectMapperFactory"/>
  </testcase>
  <testcase name="testGetJsapiTicket" classname="com.github.binarywang.demo.wx.mp.controller.WxJsapiControllerTest" time="0">
    <skipped message="io/restassured/mapper/factory/GsonObjectMapperFactory"/>
  </testcase>
  <testcase name="testGetJsapiTicket" classname="com.github.binarywang.demo.wx.mp.controller.WxJsapiControllerTest" time="0">
    <skipped message="io/restassured/mapper/factory/GsonObjectMapperFactory"/>
  </testcase>
  <testcase name="testGetJsapiTicket" classname="com.github.binarywang.demo.wx.mp.controller.WxJsapiControllerTest" time="0">
    <skipped message="io/restassured/mapper/factory/GsonObjectMapperFactory"/>
  </testcase>
  <testcase name="testGetJsapiTicket" classname="com.github.binarywang.demo.wx.mp.controller.WxJsapiControllerTest" time="0">
    <skipped message="io/restassured/mapper/factory/GsonObjectMapperFactory"/>
  </testcase>
  <testcase name="testGetJsapiTicket" classname="com.github.binarywang.demo.wx.mp.controller.WxJsapiControllerTest" time="0">
    <skipped message="io/restassured/mapper/factory/GsonObjectMapperFactory"/>
  </testcase>
  <testcase name="testGetJsapiTicket" classname="com.github.binarywang.demo.wx.mp.controller.WxJsapiControllerTest" time="0">
    <skipped message="io/restassured/mapper/factory/GsonObjectMapperFactory"/>
  </testcase>
  <testcase name="testGetJsapiTicket" classname="com.github.binarywang.demo.wx.mp.controller.WxJsapiControllerTest" time="0">
    <skipped message="io/restassured/mapper/factory/GsonObjectMapperFactory"/>
  </testcase>
  <testcase name="testGetJsapiTicket" classname="com.github.binarywang.demo.wx.mp.controller.WxJsapiControllerTest" time="0">
    <skipped message="io/restassured/mapper/factory/GsonObjectMapperFactory"/>
  </testcase>
  <testcase name="testGetJsapiTicket" classname="com.github.binarywang.demo.wx.mp.controller.WxJsapiControllerTest" time="0">
    <skipped message="io/restassured/mapper/factory/GsonObjectMapperFactory"/>
  </testcase>
  <testcase name="testGetJsapiTicket" classname="com.github.binarywang.demo.wx.mp.controller.WxJsapiControllerTest" time="0">
    <skipped message="io/restassured/mapper/factory/GsonObjectMapperFactory"/>
  </testcase>
  <testcase name="testGetJsapiTicket" classname="com.github.binarywang.demo.wx.mp.controller.WxJsapiControllerTest" time="0">
    <skipped message="io/restassured/mapper/factory/GsonObjectMapperFactory"/>
  </testcase>
  <testcase name="testGetJsapiTicket" classname="com.github.binarywang.demo.wx.mp.controller.WxJsapiControllerTest" time="0">
    <skipped message="io/restassured/mapper/factory/GsonObjectMapperFactory"/>
  </testcase>
  <testcase name="testGetJsapiTicket" classname="com.github.binarywang.demo.wx.mp.controller.WxJsapiControllerTest" time="0">
    <skipped message="io/restassured/mapper/factory/GsonObjectMapperFactory"/>
  </testcase>
  <testcase name="testGetJsapiTicket" classname="com.github.binarywang.demo.wx.mp.controller.WxJsapiControllerTest" time="0">
    <skipped message="io/restassured/mapper/factory/GsonObjectMapperFactory"/>
  </testcase>
  <testcase name="testGetJsapiTicket" classname="com.github.binarywang.demo.wx.mp.controller.WxJsapiControllerTest" time="0">
    <skipped message="io/restassured/mapper/factory/GsonObjectMapperFactory"/>
  </testcase>
  <testcase name="testGetJsapiTicket" classname="com.github.binarywang.demo.wx.mp.controller.WxJsapiControllerTest" time="0">
    <skipped message="io/restassured/mapper/factory/GsonObjectMapperFactory"/>
  </testcase>
  <testcase name="testGetJsapiTicket" classname="com.github.binarywang.demo.wx.mp.controller.WxJsapiControllerTest" time="0">
    <skipped message="io/restassured/mapper/factory/GsonObjectMapperFactory"/>
  </testcase>
  <testcase name="testGetJsapiTicket" classname="com.github.binarywang.demo.wx.mp.controller.WxJsapiControllerTest" time="0">
    <skipped message="io/restassured/mapper/factory/GsonObjectMapperFactory"/>
  </testcase>
  <testcase name="testGetJsapiTicket" classname="com.github.binarywang.demo.wx.mp.controller.WxJsapiControllerTest" time="0">
    <skipped message="io/restassured/mapper/factory/GsonObjectMapperFactory"/>
  </testcase>
  <testcase name="testGetJsapiTicket" classname="com.github.binarywang.demo.wx.mp.controller.WxJsapiControllerTest" time="0">
    <skipped message="io/restassured/mapper/factory/GsonObjectMapperFactory"/>
  </testcase>
  <testcase name="testGetJsapiTicket" classname="com.github.binarywang.demo.wx.mp.controller.WxJsapiControllerTest" time="0">
    <skipped message="io/restassured/mapper/factory/GsonObjectMapperFactory"/>
  </testcase>
  <testcase name="testGetJsapiTicket" classname="com.github.binarywang.demo.wx.mp.controller.WxJsapiControllerTest" time="0">
    <skipped message="io/restassured/mapper/factory/GsonObjectMapperFactory"/>
  </testcase>
  <testcase name="testGetJsapiTicket" classname="com.github.binarywang.demo.wx.mp.controller.WxJsapiControllerTest" time="0">
    <skipped message="io/restassured/mapper/factory/GsonObjectMapperFactory"/>
  </testcase>
  <testcase name="testGetJsapiTicket" classname="com.github.binarywang.demo.wx.mp.controller.WxJsapiControllerTest" time="0">
    <skipped message="io/restassured/mapper/factory/GsonObjectMapperFactory"/>
  </testcase>
  <testcase name="testGetJsapiTicket" classname="com.github.binarywang.demo.wx.mp.controller.WxJsapiControllerTest" time="0">
    <skipped message="io/restassured/mapper/factory/GsonObjectMapperFactory"/>
  </testcase>
  <testcase name="testGetJsapiTicket" classname="com.github.binarywang.demo.wx.mp.controller.WxJsapiControllerTest" time="0">
    <skipped message="io/restassured/mapper/factory/GsonObjectMapperFactory"/>
  </testcase>
  <testcase name="testGetJsapiTicket" classname="com.github.binarywang.demo.wx.mp.controller.WxJsapiControllerTest" time="0">
    <skipped message="io/restassured/mapper/factory/GsonObjectMapperFactory"/>
  </testcase>
  <testcase name="testGetJsapiTicket" classname="com.github.binarywang.demo.wx.mp.controller.WxJsapiControllerTest" time="0">
    <skipped message="io/restassured/mapper/factory/GsonObjectMapperFactory"/>
  </testcase>
  <testcase name="testGetJsapiTicket" classname="com.github.binarywang.demo.wx.mp.controller.WxJsapiControllerTest" time="0">
    <skipped message="io/restassured/mapper/factory/GsonObjectMapperFactory"/>
  </testcase>
  <testcase name="testGetJsapiTicket" classname="com.github.binarywang.demo.wx.mp.controller.WxJsapiControllerTest" time="0">
    <skipped message="io/restassured/mapper/factory/GsonObjectMapperFactory"/>
  </testcase>
  <testcase name="testGetJsapiTicket" classname="com.github.binarywang.demo.wx.mp.controller.WxJsapiControllerTest" time="0">
    <skipped message="io/restassured/mapper/factory/GsonObjectMapperFactory"/>
  </testcase>
  <testcase name="testGetJsapiTicket" classname="com.github.binarywang.demo.wx.mp.controller.WxJsapiControllerTest" time="0">
    <skipped message="io/restassured/mapper/factory/GsonObjectMapperFactory"/>
  </testcase>
  <testcase name="testGetJsapiTicket" classname="com.github.binarywang.demo.wx.mp.controller.WxJsapiControllerTest" time="0">
    <skipped message="io/restassured/mapper/factory/GsonObjectMapperFactory"/>
  </testcase>
  <testcase name="testGetJsapiTicket" classname="com.github.binarywang.demo.wx.mp.controller.WxJsapiControllerTest" time="0">
    <skipped message="io/restassured/mapper/factory/GsonObjectMapperFactory"/>
  </testcase>
  <testcase name="testGetJsapiTicket" classname="com.github.binarywang.demo.wx.mp.controller.WxJsapiControllerTest" time="0">
    <skipped message="io/restassured/mapper/factory/GsonObjectMapperFactory"/>
  </testcase>
  <testcase name="testGetJsapiTicket" classname="com.github.binarywang.demo.wx.mp.controller.WxJsapiControllerTest" time="0">
    <skipped message="io/restassured/mapper/factory/GsonObjectMapperFactory"/>
  </testcase>
  <testcase name="testGetJsapiTicket" classname="com.github.binarywang.demo.wx.mp.controller.WxJsapiControllerTest" time="0">
    <skipped message="io/restassured/mapper/factory/GsonObjectMapperFactory"/>
  </testcase>
  <testcase name="testGetJsapiTicket" classname="com.github.binarywang.demo.wx.mp.controller.WxJsapiControllerTest" time="0">
    <skipped message="io/restassured/mapper/factory/GsonObjectMapperFactory"/>
  </testcase>
  <testcase name="testGetJsapiTicket" classname="com.github.binarywang.demo.wx.mp.controller.WxJsapiControllerTest" time="0">
    <skipped message="io/restassured/mapper/factory/GsonObjectMapperFactory"/>
  </testcase>
  <testcase name="testGetJsapiTicket" classname="com.github.binarywang.demo.wx.mp.controller.WxJsapiControllerTest" time="0">
    <skipped message="io/restassured/mapper/factory/GsonObjectMapperFactory"/>
  </testcase>
  <testcase name="testGetJsapiTicket" classname="com.github.binarywang.demo.wx.mp.controller.WxJsapiControllerTest" time="0">
    <skipped message="io/restassured/mapper/factory/GsonObjectMapperFactory"/>
  </testcase>
  <testcase name="testGetJsapiTicket" classname="com.github.binarywang.demo.wx.mp.controller.WxJsapiControllerTest" time="0">
    <skipped message="io/restassured/mapper/factory/GsonObjectMapperFactory"/>
  </testcase>
  <testcase name="testGetJsapiTicket" classname="com.github.binarywang.demo.wx.mp.controller.WxJsapiControllerTest" time="0">
    <skipped message="io/restassured/mapper/factory/GsonObjectMapperFactory"/>
  </testcase>
  <testcase name="testGetJsapiTicket" classname="com.github.binarywang.demo.wx.mp.controller.WxJsapiControllerTest" time="0">
    <skipped message="io/restassured/mapper/factory/GsonObjectMapperFactory"/>
  </testcase>
  <testcase name="testGetJsapiTicket" classname="com.github.binarywang.demo.wx.mp.controller.WxJsapiControllerTest" time="0">
    <skipped message="io/restassured/mapper/factory/GsonObjectMapperFactory"/>
  </testcase>
  <testcase name="testGetJsapiTicket" classname="com.github.binarywang.demo.wx.mp.controller.WxJsapiControllerTest" time="0">
    <skipped message="io/restassured/mapper/factory/GsonObjectMapperFactory"/>
  </testcase>
  <testcase name="testGetJsapiTicket" classname="com.github.binarywang.demo.wx.mp.controller.WxJsapiControllerTest" time="0">
    <skipped message="io/restassured/mapper/factory/GsonObjectMapperFactory"/>
  </testcase>
  <testcase name="testGetJsapiTicket" classname="com.github.binarywang.demo.wx.mp.controller.WxJsapiControllerTest" time="0">
    <skipped message="io/restassured/mapper/factory/GsonObjectMapperFactory"/>
  </testcase>
  <testcase name="testGetJsapiTicket" classname="com.github.binarywang.demo.wx.mp.controller.WxJsapiControllerTest" time="0">
    <skipped message="io/restassured/mapper/factory/GsonObjectMapperFactory"/>
  </testcase>
  <testcase name="testGetJsapiTicket" classname="com.github.binarywang.demo.wx.mp.controller.WxJsapiControllerTest" time="0">
    <skipped message="io/restassured/mapper/factory/GsonObjectMapperFactory"/>
  </testcase>
  <testcase name="testGetJsapiTicket" classname="com.github.binarywang.demo.wx.mp.controller.WxJsapiControllerTest" time="0">
    <skipped message="io/restassured/mapper/factory/GsonObjectMapperFactory"/>
  </testcase>
  <testcase name="testGetJsapiTicket" classname="com.github.binarywang.demo.wx.mp.controller.WxJsapiControllerTest" time="0">
    <skipped message="io/restassured/mapper/factory/GsonObjectMapperFactory"/>
  </testcase>
  <testcase name="testGetJsapiTicket" classname="com.github.binarywang.demo.wx.mp.controller.WxJsapiControllerTest" time="0">
    <skipped message="io/restassured/mapper/factory/GsonObjectMapperFactory"/>
  </testcase>
  <testcase name="testGetJsapiTicket" classname="com.github.binarywang.demo.wx.mp.controller.WxJsapiControllerTest" time="0">
    <skipped message="io/restassured/mapper/factory/GsonObjectMapperFactory"/>
  </testcase>
  <testcase name="testGetJsapiTicket" classname="com.github.binarywang.demo.wx.mp.controller.WxJsapiControllerTest" time="0">
    <skipped message="io/restassured/mapper/factory/GsonObjectMapperFactory"/>
  </testcase>
  <testcase name="testGetJsapiTicket" classname="com.github.binarywang.demo.wx.mp.controller.WxJsapiControllerTest" time="0">
    <skipped message="io/restassured/mapper/factory/GsonObjectMapperFactory"/>
  </testcase>
  <testcase name="testGetJsapiTicket" classname="com.github.binarywang.demo.wx.mp.controller.WxJsapiControllerTest" time="0">
    <skipped message="io/restassured/mapper/factory/GsonObjectMapperFactory"/>
  </testcase>
  <testcase name="testGetJsapiTicket" classname="com.github.binarywang.demo.wx.mp.controller.WxJsapiControllerTest" time="0">
    <skipped message="io/restassured/mapper/factory/GsonObjectMapperFactory"/>
  </testcase>
  <testcase name="testGetJsapiTicket" classname="com.github.binarywang.demo.wx.mp.controller.WxJsapiControllerTest" time="0">
    <skipped message="io/restassured/mapper/factory/GsonObjectMapperFactory"/>
  </testcase>
  <testcase name="testGetJsapiTicket" classname="com.github.binarywang.demo.wx.mp.controller.WxJsapiControllerTest" time="0">
    <skipped message="io/restassured/mapper/factory/GsonObjectMapperFactory"/>
  </testcase>
  <testcase name="testGetJsapiTicket" classname="com.github.binarywang.demo.wx.mp.controller.WxJsapiControllerTest" time="0">
    <skipped message="io/restassured/mapper/factory/GsonObjectMapperFactory"/>
  </testcase>
  <testcase name="testGetJsapiTicket" classname="com.github.binarywang.demo.wx.mp.controller.WxJsapiControllerTest" time="0">
    <skipped message="io/restassured/mapper/factory/GsonObjectMapperFactory"/>
  </testcase>
  <testcase name="testGetJsapiTicket" classname="com.github.binarywang.demo.wx.mp.controller.WxJsapiControllerTest" time="0">
    <skipped message="io/restassured/mapper/factory/GsonObjectMapperFactory"/>
  </testcase>
  <testcase name="testGetJsapiTicket" classname="com.github.binarywang.demo.wx.mp.controller.WxJsapiControllerTest" time="0">
    <skipped message="io/restassured/mapper/factory/GsonObjectMapperFactory"/>
  </testcase>
  <testcase name="testGetJsapiTicket" classname="com.github.binarywang.demo.wx.mp.controller.WxJsapiControllerTest" time="0">
    <skipped message="io/restassured/mapper/factory/GsonObjectMapperFactory"/>
  </testcase>
  <testcase name="testGetJsapiTicket" classname="com.github.binarywang.demo.wx.mp.controller.WxJsapiControllerTest" time="0">
    <skipped message="io/restassured/mapper/factory/GsonObjectMapperFactory"/>
  </testcase>
  <testcase name="testGetJsapiTicket" classname="com.github.binarywang.demo.wx.mp.controller.WxJsapiControllerTest" time="0">
    <skipped message="io/restassured/mapper/factory/GsonObjectMapperFactory"/>
  </testcase>
  <testcase name="testGetJsapiTicket" classname="com.github.binarywang.demo.wx.mp.controller.WxJsapiControllerTest" time="0">
    <skipped message="io/restassured/mapper/factory/GsonObjectMapperFactory"/>
  </testcase>
  <testcase name="testGetJsapiTicket" classname="com.github.binarywang.demo.wx.mp.controller.WxJsapiControllerTest" time="0">
    <skipped message="io/restassured/mapper/factory/GsonObjectMapperFactory"/>
  </testcase>
  <testcase name="testGetJsapiTicket" classname="com.github.binarywang.demo.wx.mp.controller.WxJsapiControllerTest" time="0">
    <skipped message="io/restassured/mapper/factory/GsonObjectMapperFactory"/>
  </testcase>
  <testcase name="testGetJsapiTicket" classname="com.github.binarywang.demo.wx.mp.controller.WxJsapiControllerTest" time="0">
    <skipped message="io/restassured/mapper/factory/GsonObjectMapperFactory"/>
  </testcase>
  <testcase name="testGetJsapiTicket" classname="com.github.binarywang.demo.wx.mp.controller.WxJsapiControllerTest" time="0">
    <skipped message="io/restassured/mapper/factory/GsonObjectMapperFactory"/>
  </testcase>
  <testcase name="testGetJsapiTicket" classname="com.github.binarywang.demo.wx.mp.controller.WxJsapiControllerTest" time="0">
    <skipped message="io/restassured/mapper/factory/GsonObjectMapperFactory"/>
  </testcase>
  <testcase name="testGetJsapiTicket" classname="com.github.binarywang.demo.wx.mp.controller.WxJsapiControllerTest" time="0">
    <skipped message="io/restassured/mapper/factory/GsonObjectMapperFactory"/>
  </testcase>
  <testcase name="testGetJsapiTicket" classname="com.github.binarywang.demo.wx.mp.controller.WxJsapiControllerTest" time="0">
    <skipped message="io/restassured/mapper/factory/GsonObjectMapperFactory"/>
  </testcase>
  <testcase name="testGetJsapiTicket" classname="com.github.binarywang.demo.wx.mp.controller.WxJsapiControllerTest" time="0">
    <skipped message="io/restassured/mapper/factory/GsonObjectMapperFactory"/>
  </testcase>
  <testcase name="testGetJsapiTicket" classname="com.github.binarywang.demo.wx.mp.controller.WxJsapiControllerTest" time="0">
    <skipped message="io/restassured/mapper/factory/GsonObjectMapperFactory"/>
  </testcase>
  <testcase name="testGetJsapiTicket" classname="com.github.binarywang.demo.wx.mp.controller.WxJsapiControllerTest" time="0">
    <skipped message="io/restassured/mapper/factory/GsonObjectMapperFactory"/>
  </testcase>
  <testcase name="testGetJsapiTicket" classname="com.github.binarywang.demo.wx.mp.controller.WxJsapiControllerTest" time="0">
    <skipped message="io/restassured/mapper/factory/GsonObjectMapperFactory"/>
  </testcase>
  <testcase name="testGetJsapiTicket" classname="com.github.binarywang.demo.wx.mp.controller.WxJsapiControllerTest" time="0">
    <skipped message="io/restassured/mapper/factory/GsonObjectMapperFactory"/>
  </testcase>
  <testcase name="testGetJsapiTicket" classname="com.github.binarywang.demo.wx.mp.controller.WxJsapiControllerTest" time="0">
    <skipped message="io/restassured/mapper/factory/GsonObjectMapperFactory"/>
  </testcase>
  <testcase name="testGetJsapiTicket" classname="com.github.binarywang.demo.wx.mp.controller.WxJsapiControllerTest" time="0">
    <skipped message="io/restassured/mapper/factory/GsonObjectMapperFactory"/>
  </testcase>
  <testcase name="testGetJsapiTicket" classname="com.github.binarywang.demo.wx.mp.controller.WxJsapiControllerTest" time="0">
    <skipped message="io/restassured/mapper/factory/GsonObjectMapperFactory"/>
  </testcase>
  <testcase name="testGetJsapiTicket" classname="com.github.binarywang.demo.wx.mp.controller.WxJsapiControllerTest" time="0">
    <skipped message="io/restassured/mapper/factory/GsonObjectMapperFactory"/>
  </testcase>
  <testcase name="testGetJsapiTicket" classname="com.github.binarywang.demo.wx.mp.controller.WxJsapiControllerTest" time="0">
    <skipped message="io/restassured/mapper/factory/GsonObjectMapperFactory"/>
  </testcase>
  <testcase name="testGetJsapiTicket" classname="com.github.binarywang.demo.wx.mp.controller.WxJsapiControllerTest" time="0">
    <skipped message="io/restassured/mapper/factory/GsonObjectMapperFactory"/>
  </testcase>
  <testcase name="testGetJsapiTicket" classname="com.github.binarywang.demo.wx.mp.controller.WxJsapiControllerTest" time="0">
    <skipped message="io/restassured/mapper/factory/GsonObjectMapperFactory"/>
  </testcase>
  <testcase name="testGetJsapiTicket" classname="com.github.binarywang.demo.wx.mp.controller.WxJsapiControllerTest" time="0">
    <skipped message="io/restassured/mapper/factory/GsonObjectMapperFactory"/>
  </testcase>
  <testcase name="testGetJsapiTicket" classname="com.github.binarywang.demo.wx.mp.controller.WxJsapiControllerTest" time="0">
    <skipped message="io/restassured/mapper/factory/GsonObjectMapperFactory"/>
  </testcase>
  <testcase name="testGetJsapiTicket" classname="com.github.binarywang.demo.wx.mp.controller.WxJsapiControllerTest" time="0">
    <skipped message="io/restassured/mapper/factory/GsonObjectMapperFactory"/>
  </testcase>
  <testcase name="testGetJsapiTicket" classname="com.github.binarywang.demo.wx.mp.controller.WxJsapiControllerTest" time="0">
    <skipped message="io/restassured/mapper/factory/GsonObjectMapperFactory"/>
  </testcase>
  <testcase name="testGetJsapiTicket" classname="com.github.binarywang.demo.wx.mp.controller.WxJsapiControllerTest" time="0">
    <skipped message="io/restassured/mapper/factory/GsonObjectMapperFactory"/>
  </testcase>
  <testcase name="testGetJsapiTicket" classname="com.github.binarywang.demo.wx.mp.controller.WxJsapiControllerTest" time="0">
    <skipped message="io/restassured/mapper/factory/GsonObjectMapperFactory"/>
  </testcase>
  <testcase name="testGetJsapiTicket" classname="com.github.binarywang.demo.wx.mp.controller.WxJsapiControllerTest" time="0">
    <skipped message="io/restassured/mapper/factory/GsonObjectMapperFactory"/>
  </testcase>
  <testcase name="testGetJsapiTicket" classname="com.github.binarywang.demo.wx.mp.controller.WxJsapiControllerTest" time="0">
    <skipped message="io/restassured/mapper/factory/GsonObjectMapperFactory"/>
  </testcase>
  <testcase name="testGetJsapiTicket" classname="com.github.binarywang.demo.wx.mp.controller.WxJsapiControllerTest" time="0">
    <skipped message="io/restassured/mapper/factory/GsonObjectMapperFactory"/>
  </testcase>
  <testcase name="testGetJsapiTicket" classname="com.github.binarywang.demo.wx.mp.controller.WxJsapiControllerTest" time="0">
    <skipped message="io/restassured/mapper/factory/GsonObjectMapperFactory"/>
  </testcase>
  <testcase name="testGetJsapiTicket" classname="com.github.binarywang.demo.wx.mp.controller.WxJsapiControllerTest" time="0">
    <skipped message="io/restassured/mapper/factory/GsonObjectMapperFactory"/>
  </testcase>
  <testcase name="testGetJsapiTicket" classname="com.github.binarywang.demo.wx.mp.controller.WxJsapiControllerTest" time="0">
    <skipped message="io/restassured/mapper/factory/GsonObjectMapperFactory"/>
  </testcase>
  <testcase name="testGetJsapiTicket" classname="com.github.binarywang.demo.wx.mp.controller.WxJsapiControllerTest" time="0">
    <skipped message="io/restassured/mapper/factory/GsonObjectMapperFactory"/>
  </testcase>
  <testcase name="testGetJsapiTicket" classname="com.github.binarywang.demo.wx.mp.controller.WxJsapiControllerTest" time="0">
    <skipped message="io/restassured/mapper/factory/GsonObjectMapperFactory"/>
  </testcase>
  <testcase name="testGetJsapiTicket" classname="com.github.binarywang.demo.wx.mp.controller.WxJsapiControllerTest" time="0">
    <skipped message="io/restassured/mapper/factory/GsonObjectMapperFactory"/>
  </testcase>
  <testcase name="testGetJsapiTicket" classname="com.github.binarywang.demo.wx.mp.controller.WxJsapiControllerTest" time="0">
    <skipped message="io/restassured/mapper/factory/GsonObjectMapperFactory"/>
  </testcase>
  <testcase name="testGetJsapiTicket" classname="com.github.binarywang.demo.wx.mp.controller.WxJsapiControllerTest" time="0">
    <skipped message="io/restassured/mapper/factory/GsonObjectMapperFactory"/>
  </testcase>
  <testcase name="testGetJsapiTicket" classname="com.github.binarywang.demo.wx.mp.controller.WxJsapiControllerTest" time="0">
    <skipped message="io/restassured/mapper/factory/GsonObjectMapperFactory"/>
  </testcase>
  <testcase name="testGetJsapiTicket" classname="com.github.binarywang.demo.wx.mp.controller.WxJsapiControllerTest" time="0">
    <skipped message="io/restassured/mapper/factory/GsonObjectMapperFactory"/>
  </testcase>
  <testcase name="testGetJsapiTicket" classname="com.github.binarywang.demo.wx.mp.controller.WxJsapiControllerTest" time="0">
    <skipped message="io/restassured/mapper/factory/GsonObjectMapperFactory"/>
  </testcase>
  <testcase name="testGetJsapiTicket" classname="com.github.binarywang.demo.wx.mp.controller.WxJsapiControllerTest" time="0">
    <skipped message="io/restassured/mapper/factory/GsonObjectMapperFactory"/>
  </testcase>
  <testcase name="testGetJsapiTicket" classname="com.github.binarywang.demo.wx.mp.controller.WxJsapiControllerTest" time="0">
    <skipped message="io/restassured/mapper/factory/GsonObjectMapperFactory"/>
  </testcase>
  <testcase name="testGetJsapiTicket" classname="com.github.binarywang.demo.wx.mp.controller.WxJsapiControllerTest" time="0">
    <skipped message="io/restassured/mapper/factory/GsonObjectMapperFactory"/>
  </testcase>
  <testcase name="testGetJsapiTicket" classname="com.github.binarywang.demo.wx.mp.controller.WxJsapiControllerTest" time="0">
    <skipped message="io/restassured/mapper/factory/GsonObjectMapperFactory"/>
  </testcase>
  <testcase name="testGetJsapiTicket" classname="com.github.binarywang.demo.wx.mp.controller.WxJsapiControllerTest" time="0">
    <skipped message="io/restassured/mapper/factory/GsonObjectMapperFactory"/>
  </testcase>
  <testcase name="testGetJsapiTicket" classname="com.github.binarywang.demo.wx.mp.controller.WxJsapiControllerTest" time="0">
    <skipped message="io/restassured/mapper/factory/GsonObjectMapperFactory"/>
  </testcase>
  <testcase name="testGetJsapiTicket" classname="com.github.binarywang.demo.wx.mp.controller.WxJsapiControllerTest" time="0">
    <skipped message="io/restassured/mapper/factory/GsonObjectMapperFactory"/>
  </testcase>
  <testcase name="testGetJsapiTicket" classname="com.github.binarywang.demo.wx.mp.controller.WxJsapiControllerTest" time="0">
    <skipped message="io/restassured/mapper/factory/GsonObjectMapperFactory"/>
  </testcase>
  <testcase name="testGetJsapiTicket" classname="com.github.binarywang.demo.wx.mp.controller.WxJsapiControllerTest" time="0">
    <skipped message="io/restassured/mapper/factory/GsonObjectMapperFactory"/>
  </testcase>
  <testcase name="testGetJsapiTicket" classname="com.github.binarywang.demo.wx.mp.controller.WxJsapiControllerTest" time="0">
    <skipped message="io/restassured/mapper/factory/GsonObjectMapperFactory"/>
  </testcase>
  <testcase name="testGetJsapiTicket" classname="com.github.binarywang.demo.wx.mp.controller.WxJsapiControllerTest" time="0">
    <skipped message="io/restassured/mapper/factory/GsonObjectMapperFactory"/>
  </testcase>
  <testcase name="testGetJsapiTicket" classname="com.github.binarywang.demo.wx.mp.controller.WxJsapiControllerTest" time="0">
    <skipped message="io/restassured/mapper/factory/GsonObjectMapperFactory"/>
  </testcase>
  <testcase name="testGetJsapiTicket" classname="com.github.binarywang.demo.wx.mp.controller.WxJsapiControllerTest" time="0">
    <skipped message="io/restassured/mapper/factory/GsonObjectMapperFactory"/>
  </testcase>
  <testcase name="testGetJsapiTicket" classname="com.github.binarywang.demo.wx.mp.controller.WxJsapiControllerTest" time="0">
    <skipped message="io/restassured/mapper/factory/GsonObjectMapperFactory"/>
  </testcase>
  <testcase name="testGetJsapiTicket" classname="com.github.binarywang.demo.wx.mp.controller.WxJsapiControllerTest" time="0">
    <skipped message="io/restassured/mapper/factory/GsonObjectMapperFactory"/>
  </testcase>
  <testcase name="testGetJsapiTicket" classname="com.github.binarywang.demo.wx.mp.controller.WxJsapiControllerTest" time="0">
    <skipped message="io/restassured/mapper/factory/GsonObjectMapperFactory"/>
  </testcase>
  <testcase name="testGetJsapiTicket" classname="com.github.binarywang.demo.wx.mp.controller.WxJsapiControllerTest" time="0">
    <skipped message="io/restassured/mapper/factory/GsonObjectMapperFactory"/>
  </testcase>
  <testcase name="testGetJsapiTicket" classname="com.github.binarywang.demo.wx.mp.controller.WxJsapiControllerTest" time="0">
    <skipped message="io/restassured/mapper/factory/GsonObjectMapperFactory"/>
  </testcase>
  <testcase name="testGetJsapiTicket" classname="com.github.binarywang.demo.wx.mp.controller.WxJsapiControllerTest" time="0">
    <skipped message="io/restassured/mapper/factory/GsonObjectMapperFactory"/>
  </testcase>
  <testcase name="testGetJsapiTicket" classname="com.github.binarywang.demo.wx.mp.controller.WxJsapiControllerTest" time="0">
    <skipped message="io/restassured/mapper/factory/GsonObjectMapperFactory"/>
  </testcase>
  <testcase name="testGetJsapiTicket" classname="com.github.binarywang.demo.wx.mp.controller.WxJsapiControllerTest" time="0">
    <skipped message="io/restassured/mapper/factory/GsonObjectMapperFactory"/>
  </testcase>
  <testcase name="testGetJsapiTicket" classname="com.github.binarywang.demo.wx.mp.controller.WxJsapiControllerTest" time="0">
    <skipped message="io/restassured/mapper/factory/GsonObjectMapperFactory"/>
  </testcase>
  <testcase name="testGetJsapiTicket" classname="com.github.binarywang.demo.wx.mp.controller.WxJsapiControllerTest" time="0">
    <skipped message="io/restassured/mapper/factory/GsonObjectMapperFactory"/>
  </testcase>
  <testcase name="testGetJsapiTicket" classname="com.github.binarywang.demo.wx.mp.controller.WxJsapiControllerTest" time="0">
    <skipped message="io/restassured/mapper/factory/GsonObjectMapperFactory"/>
  </testcase>
  <testcase name="testGetJsapiTicket" classname="com.github.binarywang.demo.wx.mp.controller.WxJsapiControllerTest" time="0">
    <skipped message="io/restassured/mapper/factory/GsonObjectMapperFactory"/>
  </testcase>
  <testcase name="testGetJsapiTicket" classname="com.github.binarywang.demo.wx.mp.controller.WxJsapiControllerTest" time="0">
    <skipped message="io/restassured/mapper/factory/GsonObjectMapperFactory"/>
  </testcase>
  <testcase name="testGetJsapiTicket" classname="com.github.binarywang.demo.wx.mp.controller.WxJsapiControllerTest" time="0">
    <skipped message="io/restassured/mapper/factory/GsonObjectMapperFactory"/>
  </testcase>
  <testcase name="testGetJsapiTicket" classname="com.github.binarywang.demo.wx.mp.controller.WxJsapiControllerTest" time="0">
    <skipped message="io/restassured/mapper/factory/GsonObjectMapperFactory"/>
  </testcase>
  <testcase name="testGetJsapiTicket" classname="com.github.binarywang.demo.wx.mp.controller.WxJsapiControllerTest" time="0">
    <skipped message="io/restassured/mapper/factory/GsonObjectMapperFactory"/>
  </testcase>
  <testcase name="testGetJsapiTicket" classname="com.github.binarywang.demo.wx.mp.controller.WxJsapiControllerTest" time="0">
    <skipped message="io/restassured/mapper/factory/GsonObjectMapperFactory"/>
  </testcase>
  <testcase name="testGetJsapiTicket" classname="com.github.binarywang.demo.wx.mp.controller.WxJsapiControllerTest" time="0">
    <skipped message="io/restassured/mapper/factory/GsonObjectMapperFactory"/>
  </testcase>
  <testcase name="testGetJsapiTicket" classname="com.github.binarywang.demo.wx.mp.controller.WxJsapiControllerTest" time="0">
    <skipped message="io/restassured/mapper/factory/GsonObjectMapperFactory"/>
  </testcase>
  <testcase name="testGetJsapiTicket" classname="com.github.binarywang.demo.wx.mp.controller.WxJsapiControllerTest" time="0">
    <skipped message="io/restassured/mapper/factory/GsonObjectMapperFactory"/>
  </testcase>
  <testcase name="testGetJsapiTicket" classname="com.github.binarywang.demo.wx.mp.controller.WxJsapiControllerTest" time="0">
    <skipped message="io/restassured/mapper/factory/GsonObjectMapperFactory"/>
  </testcase>
  <testcase name="testGetJsapiTicket" classname="com.github.binarywang.demo.wx.mp.controller.WxJsapiControllerTest" time="0">
    <skipped message="io/restassured/mapper/factory/GsonObjectMapperFactory"/>
  </testcase>
  <testcase name="testGetJsapiTicket" classname="com.github.binarywang.demo.wx.mp.controller.WxJsapiControllerTest" time="0">
    <skipped message="io/restassured/mapper/factory/GsonObjectMapperFactory"/>
  </testcase>
  <testcase name="testGetJsapiTicket" classname="com.github.binarywang.demo.wx.mp.controller.WxJsapiControllerTest" time="0">
    <skipped message="io/restassured/mapper/factory/GsonObjectMapperFactory"/>
  </testcase>
  <testcase name="testGetJsapiTicket" classname="com.github.binarywang.demo.wx.mp.controller.WxJsapiControllerTest" time="0">
    <skipped message="io/restassured/mapper/factory/GsonObjectMapperFactory"/>
  </testcase>
  <testcase name="testGetJsapiTicket" classname="com.github.binarywang.demo.wx.mp.controller.WxJsapiControllerTest" time="0">
    <skipped message="io/restassured/mapper/factory/GsonObjectMapperFactory"/>
  </testcase>
  <testcase name="testGetJsapiTicket" classname="com.github.binarywang.demo.wx.mp.controller.WxJsapiControllerTest" time="0">
    <skipped message="io/restassured/mapper/factory/GsonObjectMapperFactory"/>
  </testcase>
  <testcase name="testGetJsapiTicket" classname="com.github.binarywang.demo.wx.mp.controller.WxJsapiControllerTest" time="0">
    <skipped message="io/restassured/mapper/factory/GsonObjectMapperFactory"/>
  </testcase>
  <testcase name="testGetJsapiTicket" classname="com.github.binarywang.demo.wx.mp.controller.WxJsapiControllerTest" time="0">
    <skipped message="io/restassured/mapper/factory/GsonObjectMapperFactory"/>
  </testcase>
  <testcase name="testGetJsapiTicket" classname="com.github.binarywang.demo.wx.mp.controller.WxJsapiControllerTest" time="0">
    <skipped message="io/restassured/mapper/factory/GsonObjectMapperFactory"/>
  </testcase>
  <testcase name="testGetJsapiTicket" classname="com.github.binarywang.demo.wx.mp.controller.WxJsapiControllerTest" time="0">
    <skipped message="io/restassured/mapper/factory/GsonObjectMapperFactory"/>
  </testcase>
  <testcase name="testGetJsapiTicket" classname="com.github.binarywang.demo.wx.mp.controller.WxJsapiControllerTest" time="0">
    <skipped message="io/restassured/mapper/factory/GsonObjectMapperFactory"/>
  </testcase>
  <testcase name="testGetJsapiTicket" classname="com.github.binarywang.demo.wx.mp.controller.WxJsapiControllerTest" time="0">
    <skipped message="io/restassured/mapper/factory/GsonObjectMapperFactory"/>
  </testcase>
  <testcase name="testGetJsapiTicket" classname="com.github.binarywang.demo.wx.mp.controller.WxJsapiControllerTest" time="0">
    <skipped message="io/restassured/mapper/factory/GsonObjectMapperFactory"/>
  </testcase>
  <testcase name="testGetJsapiTicket" classname="com.github.binarywang.demo.wx.mp.controller.WxJsapiControllerTest" time="0">
    <skipped message="io/restassured/mapper/factory/GsonObjectMapperFactory"/>
  </testcase>
  <testcase name="testGetJsapiTicket" classname="com.github.binarywang.demo.wx.mp.controller.WxJsapiControllerTest" time="0">
    <skipped message="io/restassured/mapper/factory/GsonObjectMapperFactory"/>
  </testcase>
  <testcase name="testGetJsapiTicket" classname="com.github.binarywang.demo.wx.mp.controller.WxJsapiControllerTest" time="0">
    <skipped message="io/restassured/mapper/factory/GsonObjectMapperFactory"/>
  </testcase>
  <testcase name="testGetJsapiTicket" classname="com.github.binarywang.demo.wx.mp.controller.WxJsapiControllerTest" time="0">
    <skipped message="io/restassured/mapper/factory/GsonObjectMapperFactory"/>
  </testcase>
  <testcase name="testGetJsapiTicket" classname="com.github.binarywang.demo.wx.mp.controller.WxJsapiControllerTest" time="0">
    <skipped message="io/restassured/mapper/factory/GsonObjectMapperFactory"/>
  </testcase>
  <testcase name="testGetJsapiTicket" classname="com.github.binarywang.demo.wx.mp.controller.WxJsapiControllerTest" time="0">
    <skipped message="io/restassured/mapper/factory/GsonObjectMapperFactory"/>
  </testcase>
  <testcase name="testGetJsapiTicket" classname="com.github.binarywang.demo.wx.mp.controller.WxJsapiControllerTest" time="0">
    <skipped message="io/restassured/mapper/factory/GsonObjectMapperFactory"/>
  </testcase>
  <testcase name="testGetJsapiTicket" classname="com.github.binarywang.demo.wx.mp.controller.WxJsapiControllerTest" time="0">
    <skipped message="io/restassured/mapper/factory/GsonObjectMapperFactory"/>
  </testcase>
  <testcase name="testGetJsapiTicket" classname="com.github.binarywang.demo.wx.mp.controller.WxJsapiControllerTest" time="0">
    <skipped message="io/restassured/mapper/factory/GsonObjectMapperFactory"/>
  </testcase>
  <testcase name="testGetJsapiTicket" classname="com.github.binarywang.demo.wx.mp.controller.WxJsapiControllerTest" time="0">
    <skipped message="io/restassured/mapper/factory/GsonObjectMapperFactory"/>
  </testcase>
  <testcase name="testGetJsapiTicket" classname="com.github.binarywang.demo.wx.mp.controller.WxJsapiControllerTest" time="0">
    <skipped message="io/restassured/mapper/factory/GsonObjectMapperFactory"/>
  </testcase>
  <testcase name="testGetJsapiTicket" classname="com.github.binarywang.demo.wx.mp.controller.WxJsapiControllerTest" time="0">
    <skipped message="io/restassured/mapper/factory/GsonObjectMapperFactory"/>
  </testcase>
  <testcase name="testGetJsapiTicket" classname="com.github.binarywang.demo.wx.mp.controller.WxJsapiControllerTest" time="0">
    <skipped message="io/restassured/mapper/factory/GsonObjectMapperFactory"/>
  </testcase>
  <testcase name="testGetJsapiTicket" classname="com.github.binarywang.demo.wx.mp.controller.WxJsapiControllerTest" time="0">
    <skipped message="io/restassured/mapper/factory/GsonObjectMapperFactory"/>
  </testcase>
  <testcase name="testGetJsapiTicket" classname="com.github.binarywang.demo.wx.mp.controller.WxJsapiControllerTest" time="0">
    <skipped message="io/restassured/mapper/factory/GsonObjectMapperFactory"/>
  </testcase>
  <testcase name="testGetJsapiTicket" classname="com.github.binarywang.demo.wx.mp.controller.WxJsapiControllerTest" time="0">
    <skipped message="io/restassured/mapper/factory/GsonObjectMapperFactory"/>
  </testcase>
  <testcase name="testGetJsapiTicket" classname="com.github.binarywang.demo.wx.mp.controller.WxJsapiControllerTest" time="0">
    <skipped message="io/restassured/mapper/factory/GsonObjectMapperFactory"/>
  </testcase>
  <testcase name="testGetJsapiTicket" classname="com.github.binarywang.demo.wx.mp.controller.WxJsapiControllerTest" time="0">
    <skipped message="io/restassured/mapper/factory/GsonObjectMapperFactory"/>
  </testcase>
  <testcase name="testGetJsapiTicket" classname="com.github.binarywang.demo.wx.mp.controller.WxJsapiControllerTest" time="0">
    <skipped message="io/restassured/mapper/factory/GsonObjectMapperFactory"/>
  </testcase>
  <testcase name="testGetJsapiTicket" classname="com.github.binarywang.demo.wx.mp.controller.WxJsapiControllerTest" time="0">
    <skipped message="io/restassured/mapper/factory/GsonObjectMapperFactory"/>
  </testcase>
  <testcase name="testGetJsapiTicket" classname="com.github.binarywang.demo.wx.mp.controller.WxJsapiControllerTest" time="0">
    <skipped message="io/restassured/mapper/factory/GsonObjectMapperFactory"/>
  </testcase>
  <testcase name="testGetJsapiTicket" classname="com.github.binarywang.demo.wx.mp.controller.WxJsapiControllerTest" time="0">
    <skipped message="io/restassured/mapper/factory/GsonObjectMapperFactory"/>
  </testcase>
  <testcase name="testGetJsapiTicket" classname="com.github.binarywang.demo.wx.mp.controller.WxJsapiControllerTest" time="0">
    <skipped message="io/restassured/mapper/factory/GsonObjectMapperFactory"/>
  </testcase>
  <testcase name="testGetJsapiTicket" classname="com.github.binarywang.demo.wx.mp.controller.WxJsapiControllerTest" time="0">
    <skipped message="io/restassured/mapper/factory/GsonObjectMapperFactory"/>
  </testcase>
  <testcase name="testGetJsapiTicket" classname="com.github.binarywang.demo.wx.mp.controller.WxJsapiControllerTest" time="0">
    <skipped message="io/restassured/mapper/factory/GsonObjectMapperFactory"/>
  </testcase>
  <testcase name="testGetJsapiTicket" classname="com.github.binarywang.demo.wx.mp.controller.WxJsapiControllerTest" time="0">
    <skipped message="io/restassured/mapper/factory/GsonObjectMapperFactory"/>
  </testcase>
  <testcase name="testGetJsapiTicket" classname="com.github.binarywang.demo.wx.mp.controller.WxJsapiControllerTest" time="0">
    <skipped message="io/restassured/mapper/factory/GsonObjectMapperFactory"/>
  </testcase>
  <testcase name="testGetJsapiTicket" classname="com.github.binarywang.demo.wx.mp.controller.WxJsapiControllerTest" time="0">
    <skipped message="io/restassured/mapper/factory/GsonObjectMapperFactory"/>
  </testcase>
  <testcase name="testGetJsapiTicket" classname="com.github.binarywang.demo.wx.mp.controller.WxJsapiControllerTest" time="0">
    <skipped message="io/restassured/mapper/factory/GsonObjectMapperFactory"/>
  </testcase>
  <testcase name="testGetJsapiTicket" classname="com.github.binarywang.demo.wx.mp.controller.WxJsapiControllerTest" time="0">
    <skipped message="io/restassured/mapper/factory/GsonObjectMapperFactory"/>
  </testcase>
  <testcase name="testGetJsapiTicket" classname="com.github.binarywang.demo.wx.mp.controller.WxJsapiControllerTest" time="0">
    <skipped message="io/restassured/mapper/factory/GsonObjectMapperFactory"/>
  </testcase>
  <testcase name="testGetJsapiTicket" classname="com.github.binarywang.demo.wx.mp.controller.WxJsapiControllerTest" time="0">
    <skipped message="io/restassured/mapper/factory/GsonObjectMapperFactory"/>
  </testcase>
  <testcase name="testGetJsapiTicket" classname="com.github.binarywang.demo.wx.mp.controller.WxJsapiControllerTest" time="0">
    <skipped message="io/restassured/mapper/factory/GsonObjectMapperFactory"/>
  </testcase>
  <testcase name="testGetJsapiTicket" classname="com.github.binarywang.demo.wx.mp.controller.WxJsapiControllerTest" time="0">
    <skipped message="io/restassured/mapper/factory/GsonObjectMapperFactory"/>
  </testcase>
  <testcase name="testGetJsapiTicket" classname="com.github.binarywang.demo.wx.mp.controller.WxJsapiControllerTest" time="0">
    <skipped message="io/restassured/mapper/factory/GsonObjectMapperFactory"/>
  </testcase>
  <testcase name="testGetJsapiTicket" classname="com.github.binarywang.demo.wx.mp.controller.WxJsapiControllerTest" time="0">
    <skipped message="io/restassured/mapper/factory/GsonObjectMapperFactory"/>
  </testcase>
  <testcase name="testGetJsapiTicket" classname="com.github.binarywang.demo.wx.mp.controller.WxJsapiControllerTest" time="0">
    <skipped message="io/restassured/mapper/factory/GsonObjectMapperFactory"/>
  </testcase>
  <testcase name="testGetJsapiTicket" classname="com.github.binarywang.demo.wx.mp.controller.WxJsapiControllerTest" time="0">
    <skipped message="io/restassured/mapper/factory/GsonObjectMapperFactory"/>
  </testcase>
  <testcase name="testGetJsapiTicket" classname="com.github.binarywang.demo.wx.mp.controller.WxJsapiControllerTest" time="0">
    <skipped message="io/restassured/mapper/factory/GsonObjectMapperFactory"/>
  </testcase>
  <testcase name="testGetJsapiTicket" classname="com.github.binarywang.demo.wx.mp.controller.WxJsapiControllerTest" time="0">
    <skipped message="io/restassured/mapper/factory/GsonObjectMapperFactory"/>
  </testcase>
  <testcase name="testGetJsapiTicket" classname="com.github.binarywang.demo.wx.mp.controller.WxJsapiControllerTest" time="0">
    <skipped message="io/restassured/mapper/factory/GsonObjectMapperFactory"/>
  </testcase>
  <testcase name="testGetJsapiTicket" classname="com.github.binarywang.demo.wx.mp.controller.WxJsapiControllerTest" time="0">
    <skipped message="io/restassured/mapper/factory/GsonObjectMapperFactory"/>
  </testcase>
  <testcase name="testGetJsapiTicket" classname="com.github.binarywang.demo.wx.mp.controller.WxJsapiControllerTest" time="0">
    <skipped message="io/restassured/mapper/factory/GsonObjectMapperFactory"/>
  </testcase>
  <testcase name="testGetJsapiTicket" classname="com.github.binarywang.demo.wx.mp.controller.WxJsapiControllerTest" time="0">
    <skipped message="io/restassured/mapper/factory/GsonObjectMapperFactory"/>
  </testcase>
  <testcase name="testGetJsapiTicket" classname="com.github.binarywang.demo.wx.mp.controller.WxJsapiControllerTest" time="0">
    <skipped message="io/restassured/mapper/factory/GsonObjectMapperFactory"/>
  </testcase>
  <testcase name="testGetJsapiTicket" classname="com.github.binarywang.demo.wx.mp.controller.WxJsapiControllerTest" time="0">
    <skipped message="io/restassured/mapper/factory/GsonObjectMapperFactory"/>
  </testcase>
  <testcase name="testGetJsapiTicket" classname="com.github.binarywang.demo.wx.mp.controller.WxJsapiControllerTest" time="0">
    <skipped message="io/restassured/mapper/factory/GsonObjectMapperFactory"/>
  </testcase>
  <testcase name="testGetJsapiTicket" classname="com.github.binarywang.demo.wx.mp.controller.WxJsapiControllerTest" time="0">
    <skipped message="io/restassured/mapper/factory/GsonObjectMapperFactory"/>
  </testcase>
  <testcase name="testGetJsapiTicket" classname="com.github.binarywang.demo.wx.mp.controller.WxJsapiControllerTest" time="0">
    <skipped message="io/restassured/mapper/factory/GsonObjectMapperFactory"/>
  </testcase>
  <testcase name="testGetJsapiTicket" classname="com.github.binarywang.demo.wx.mp.controller.WxJsapiControllerTest" time="0">
    <skipped message="io/restassured/mapper/factory/GsonObjectMapperFactory"/>
  </testcase>
  <testcase name="testGetJsapiTicket" classname="com.github.binarywang.demo.wx.mp.controller.WxJsapiControllerTest" time="0">
    <skipped message="io/restassured/mapper/factory/GsonObjectMapperFactory"/>
  </testcase>
  <testcase name="testGetJsapiTicket" classname="com.github.binarywang.demo.wx.mp.controller.WxJsapiControllerTest" time="0">
    <skipped message="io/restassured/mapper/factory/GsonObjectMapperFactory"/>
  </testcase>
  <testcase name="testGetJsapiTicket" classname="com.github.binarywang.demo.wx.mp.controller.WxJsapiControllerTest" time="0">
    <skipped message="io/restassured/mapper/factory/GsonObjectMapperFactory"/>
  </testcase>
  <testcase name="testGetJsapiTicket" classname="com.github.binarywang.demo.wx.mp.controller.WxJsapiControllerTest" time="0">
    <skipped message="io/restassured/mapper/factory/GsonObjectMapperFactory"/>
  </testcase>
  <testcase name="testGetJsapiTicket" classname="com.github.binarywang.demo.wx.mp.controller.WxJsapiControllerTest" time="0">
    <skipped message="io/restassured/mapper/factory/GsonObjectMapperFactory"/>
  </testcase>
  <testcase name="testGetJsapiTicket" classname="com.github.binarywang.demo.wx.mp.controller.WxJsapiControllerTest" time="0">
    <skipped message="io/restassured/mapper/factory/GsonObjectMapperFactory"/>
  </testcase>
  <testcase name="testGetJsapiTicket" classname="com.github.binarywang.demo.wx.mp.controller.WxJsapiControllerTest" time="0">
    <skipped message="io/restassured/mapper/factory/GsonObjectMapperFactory"/>
  </testcase>
  <testcase name="testGetJsapiTicket" classname="com.github.binarywang.demo.wx.mp.controller.WxJsapiControllerTest" time="0">
    <skipped message="io/restassured/mapper/factory/GsonObjectMapperFactory"/>
  </testcase>
  <testcase name="testGetJsapiTicket" classname="com.github.binarywang.demo.wx.mp.controller.WxJsapiControllerTest" time="0">
    <skipped message="io/restassured/mapper/factory/GsonObjectMapperFactory"/>
  </testcase>
  <testcase name="testGetJsapiTicket" classname="com.github.binarywang.demo.wx.mp.controller.WxJsapiControllerTest" time="0">
    <skipped message="io/restassured/mapper/factory/GsonObjectMapperFactory"/>
  </testcase>
  <testcase name="testGetJsapiTicket" classname="com.github.binarywang.demo.wx.mp.controller.WxJsapiControllerTest" time="0">
    <skipped message="io/restassured/mapper/factory/GsonObjectMapperFactory"/>
  </testcase>
  <testcase name="testGetJsapiTicket" classname="com.github.binarywang.demo.wx.mp.controller.WxJsapiControllerTest" time="0">
    <skipped message="io/restassured/mapper/factory/GsonObjectMapperFactory"/>
  </testcase>
  <testcase name="testGetJsapiTicket" classname="com.github.binarywang.demo.wx.mp.controller.WxJsapiControllerTest" time="0">
    <skipped message="io/restassured/mapper/factory/GsonObjectMapperFactory"/>
  </testcase>
  <testcase name="testGetJsapiTicket" classname="com.github.binarywang.demo.wx.mp.controller.WxJsapiControllerTest" time="0">
    <skipped message="io/restassured/mapper/factory/GsonObjectMapperFactory"/>
  </testcase>
  <testcase name="testGetJsapiTicket" classname="com.github.binarywang.demo.wx.mp.controller.WxJsapiControllerTest" time="0">
    <skipped message="io/restassured/mapper/factory/GsonObjectMapperFactory"/>
  </testcase>
  <testcase name="testGetJsapiTicket" classname="com.github.binarywang.demo.wx.mp.controller.WxJsapiControllerTest" time="0">
    <skipped message="io/restassured/mapper/factory/GsonObjectMapperFactory"/>
  </testcase>
  <testcase name="testGetJsapiTicket" classname="com.github.binarywang.demo.wx.mp.controller.WxJsapiControllerTest" time="0">
    <skipped message="io/restassured/mapper/factory/GsonObjectMapperFactory"/>
  </testcase>
  <testcase name="testGetJsapiTicket" classname="com.github.binarywang.demo.wx.mp.controller.WxJsapiControllerTest" time="0">
    <skipped message="io/restassured/mapper/factory/GsonObjectMapperFactory"/>
  </testcase>
  <testcase name="testGetJsapiTicket" classname="com.github.binarywang.demo.wx.mp.controller.WxJsapiControllerTest" time="0">
    <skipped message="io/restassured/mapper/factory/GsonObjectMapperFactory"/>
  </testcase>
  <testcase name="testGetJsapiTicket" classname="com.github.binarywang.demo.wx.mp.controller.WxJsapiControllerTest" time="0">
    <skipped message="io/restassured/mapper/factory/GsonObjectMapperFactory"/>
  </testcase>
  <testcase name="testGetJsapiTicket" classname="com.github.binarywang.demo.wx.mp.controller.WxJsapiControllerTest" time="0">
    <skipped message="io/restassured/mapper/factory/GsonObjectMapperFactory"/>
  </testcase>
  <testcase name="testGetJsapiTicket" classname="com.github.binarywang.demo.wx.mp.controller.WxJsapiControllerTest" time="0">
    <skipped message="io/restassured/mapper/factory/GsonObjectMapperFactory"/>
  </testcase>
  <testcase name="testGetJsapiTicket" classname="com.github.binarywang.demo.wx.mp.controller.WxJsapiControllerTest" time="0">
    <skipped message="io/restassured/mapper/factory/GsonObjectMapperFactory"/>
  </testcase>
  <testcase name="testGetJsapiTicket" classname="com.github.binarywang.demo.wx.mp.controller.WxJsapiControllerTest" time="0">
    <skipped message="io/restassured/mapper/factory/GsonObjectMapperFactory"/>
  </testcase>
  <testcase name="testGetJsapiTicket" classname="com.github.binarywang.demo.wx.mp.controller.WxJsapiControllerTest" time="0">
    <skipped message="io/restassured/mapper/factory/GsonObjectMapperFactory"/>
  </testcase>
  <testcase name="testGetJsapiTicket" classname="com.github.binarywang.demo.wx.mp.controller.WxJsapiControllerTest" time="0">
    <skipped message="io/restassured/mapper/factory/GsonObjectMapperFactory"/>
  </testcase>
  <testcase name="testGetJsapiTicket" classname="com.github.binarywang.demo.wx.mp.controller.WxJsapiControllerTest" time="0">
    <skipped message="io/restassured/mapper/factory/GsonObjectMapperFactory"/>
  </testcase>
  <testcase name="testGetJsapiTicket" classname="com.github.binarywang.demo.wx.mp.controller.WxJsapiControllerTest" time="0">
    <skipped message="io/restassured/mapper/factory/GsonObjectMapperFactory"/>
  </testcase>
  <testcase name="testGetJsapiTicket" classname="com.github.binarywang.demo.wx.mp.controller.WxJsapiControllerTest" time="0">
    <skipped message="io/restassured/mapper/factory/GsonObjectMapperFactory"/>
  </testcase>
  <testcase name="testGetJsapiTicket" classname="com.github.binarywang.demo.wx.mp.controller.WxJsapiControllerTest" time="0">
    <skipped message="io/restassured/mapper/factory/GsonObjectMapperFactory"/>
  </testcase>
  <testcase name="testGetJsapiTicket" classname="com.github.binarywang.demo.wx.mp.controller.WxJsapiControllerTest" time="0">
    <skipped message="io/restassured/mapper/factory/GsonObjectMapperFactory"/>
  </testcase>
  <testcase name="testGetJsapiTicket" classname="com.github.binarywang.demo.wx.mp.controller.WxJsapiControllerTest" time="0">
    <skipped message="io/restassured/mapper/factory/GsonObjectMapperFactory"/>
  </testcase>
  <testcase name="testGetJsapiTicket" classname="com.github.binarywang.demo.wx.mp.controller.WxJsapiControllerTest" time="0">
    <skipped message="io/restassured/mapper/factory/GsonObjectMapperFactory"/>
  </testcase>
  <testcase name="testGetJsapiTicket" classname="com.github.binarywang.demo.wx.mp.controller.WxJsapiControllerTest" time="0">
    <skipped message="io/restassured/mapper/factory/GsonObjectMapperFactory"/>
  </testcase>
  <testcase name="testGetJsapiTicket" classname="com.github.binarywang.demo.wx.mp.controller.WxJsapiControllerTest" time="0">
    <skipped message="io/restassured/mapper/factory/GsonObjectMapperFactory"/>
  </testcase>
  <testcase name="testGetJsapiTicket" classname="com.github.binarywang.demo.wx.mp.controller.WxJsapiControllerTest" time="0">
    <skipped message="io/restassured/mapper/factory/GsonObjectMapperFactory"/>
  </testcase>
  <testcase name="testGetJsapiTicket" classname="com.github.binarywang.demo.wx.mp.controller.WxJsapiControllerTest" time="0">
    <skipped message="io/restassured/mapper/factory/GsonObjectMapperFactory"/>
  </testcase>
  <testcase name="testGetJsapiTicket" classname="com.github.binarywang.demo.wx.mp.controller.WxJsapiControllerTest" time="0">
    <skipped message="io/restassured/mapper/factory/GsonObjectMapperFactory"/>
  </testcase>
  <testcase name="testGetJsapiTicket" classname="com.github.binarywang.demo.wx.mp.controller.WxJsapiControllerTest" time="0">
    <skipped message="io/restassured/mapper/factory/GsonObjectMapperFactory"/>
  </testcase>
  <testcase name="testGetJsapiTicket" classname="com.github.binarywang.demo.wx.mp.controller.WxJsapiControllerTest" time="0">
    <skipped message="io/restassured/mapper/factory/GsonObjectMapperFactory"/>
  </testcase>
  <testcase name="testGetJsapiTicket" classname="com.github.binarywang.demo.wx.mp.controller.WxJsapiControllerTest" time="0">
    <skipped message="io/restassured/mapper/factory/GsonObjectMapperFactory"/>
  </testcase>
  <testcase name="testGetJsapiTicket" classname="com.github.binarywang.demo.wx.mp.controller.WxJsapiControllerTest" time="0">
    <skipped message="io/restassured/mapper/factory/GsonObjectMapperFactory"/>
  </testcase>
  <testcase name="testGetJsapiTicket" classname="com.github.binarywang.demo.wx.mp.controller.WxJsapiControllerTest" time="0">
    <skipped message="io/restassured/mapper/factory/GsonObjectMapperFactory"/>
  </testcase>
  <testcase name="testGetJsapiTicket" classname="com.github.binarywang.demo.wx.mp.controller.WxJsapiControllerTest" time="0">
    <skipped message="io/restassured/mapper/factory/GsonObjectMapperFactory"/>
  </testcase>
  <testcase name="testGetJsapiTicket" classname="com.github.binarywang.demo.wx.mp.controller.WxJsapiControllerTest" time="0">
    <skipped message="io/restassured/mapper/factory/GsonObjectMapperFactory"/>
  </testcase>
  <testcase name="testGetJsapiTicket" classname="com.github.binarywang.demo.wx.mp.controller.WxJsapiControllerTest" time="0">
    <skipped message="io/restassured/mapper/factory/GsonObjectMapperFactory"/>
  </testcase>
  <testcase name="testGetJsapiTicket" classname="com.github.binarywang.demo.wx.mp.controller.WxJsapiControllerTest" time="0">
    <skipped message="io/restassured/mapper/factory/GsonObjectMapperFactory"/>
  </testcase>
  <testcase name="testGetJsapiTicket" classname="com.github.binarywang.demo.wx.mp.controller.WxJsapiControllerTest" time="0">
    <skipped message="io/restassured/mapper/factory/GsonObjectMapperFactory"/>
  </testcase>
  <testcase name="testGetJsapiTicket" classname="com.github.binarywang.demo.wx.mp.controller.WxJsapiControllerTest" time="0">
    <skipped message="io/restassured/mapper/factory/GsonObjectMapperFactory"/>
  </testcase>
  <testcase name="testGetJsapiTicket" classname="com.github.binarywang.demo.wx.mp.controller.WxJsapiControllerTest" time="0">
    <skipped message="io/restassured/mapper/factory/GsonObjectMapperFactory"/>
  </testcase>
  <testcase name="testGetJsapiTicket" classname="com.github.binarywang.demo.wx.mp.controller.WxJsapiControllerTest" time="0">
    <skipped message="io/restassured/mapper/factory/GsonObjectMapperFactory"/>
  </testcase>
  <testcase name="testGetJsapiTicket" classname="com.github.binarywang.demo.wx.mp.controller.WxJsapiControllerTest" time="0">
    <skipped message="io/restassured/mapper/factory/GsonObjectMapperFactory"/>
  </testcase>
  <testcase name="testGetJsapiTicket" classname="com.github.binarywang.demo.wx.mp.controller.WxJsapiControllerTest" time="0">
    <skipped message="io/restassured/mapper/factory/GsonObjectMapperFactory"/>
  </testcase>
  <testcase name="testGetJsapiTicket" classname="com.github.binarywang.demo.wx.mp.controller.WxJsapiControllerTest" time="0">
    <skipped message="io/restassured/mapper/factory/GsonObjectMapperFactory"/>
  </testcase>
  <testcase name="testGetJsapiTicket" classname="com.github.binarywang.demo.wx.mp.controller.WxJsapiControllerTest" time="0">
    <skipped message="io/restassured/mapper/factory/GsonObjectMapperFactory"/>
  </testcase>
  <testcase name="testGetJsapiTicket" classname="com.github.binarywang.demo.wx.mp.controller.WxJsapiControllerTest" time="0">
    <skipped message="io/restassured/mapper/factory/GsonObjectMapperFactory"/>
  </testcase>
  <testcase name="testGetJsapiTicket" classname="com.github.binarywang.demo.wx.mp.controller.WxJsapiControllerTest" time="0">
    <skipped message="io/restassured/mapper/factory/GsonObjectMapperFactory"/>
  </testcase>
  <testcase name="testGetJsapiTicket" classname="com.github.binarywang.demo.wx.mp.controller.WxJsapiControllerTest" time="0">
    <skipped message="io/restassured/mapper/factory/GsonObjectMapperFactory"/>
  </testcase>
  <testcase name="testGetJsapiTicket" classname="com.github.binarywang.demo.wx.mp.controller.WxJsapiControllerTest" time="0">
    <skipped message="io/restassured/mapper/factory/GsonObjectMapperFactory"/>
  </testcase>
  <testcase name="testGetJsapiTicket" classname="com.github.binarywang.demo.wx.mp.controller.WxJsapiControllerTest" time="0">
    <skipped message="io/restassured/mapper/factory/GsonObjectMapperFactory"/>
  </testcase>
  <testcase name="testGetJsapiTicket" classname="com.github.binarywang.demo.wx.mp.controller.WxJsapiControllerTest" time="0">
    <skipped message="io/restassured/mapper/factory/GsonObjectMapperFactory"/>
  </testcase>
  <testcase name="testGetJsapiTicket" classname="com.github.binarywang.demo.wx.mp.controller.WxJsapiControllerTest" time="0">
    <skipped message="io/restassured/mapper/factory/GsonObjectMapperFactory"/>
  </testcase>
  <testcase name="testGetJsapiTicket" classname="com.github.binarywang.demo.wx.mp.controller.WxJsapiControllerTest" time="0">
    <skipped message="io/restassured/mapper/factory/GsonObjectMapperFactory"/>
  </testcase>
  <testcase name="testGetJsapiTicket" classname="com.github.binarywang.demo.wx.mp.controller.WxJsapiControllerTest" time="0">
    <skipped message="io/restassured/mapper/factory/GsonObjectMapperFactory"/>
  </testcase>
  <testcase name="testGetJsapiTicket" classname="com.github.binarywang.demo.wx.mp.controller.WxJsapiControllerTest" time="0">
    <skipped message="io/restassured/mapper/factory/GsonObjectMapperFactory"/>
  </testcase>
  <testcase name="testGetJsapiTicket" classname="com.github.binarywang.demo.wx.mp.controller.WxJsapiControllerTest" time="0">
    <skipped message="io/restassured/mapper/factory/GsonObjectMapperFactory"/>
  </testcase>
  <testcase name="testGetJsapiTicket" classname="com.github.binarywang.demo.wx.mp.controller.WxJsapiControllerTest" time="0">
    <skipped message="io/restassured/mapper/factory/GsonObjectMapperFactory"/>
  </testcase>
  <testcase name="testGetJsapiTicket" classname="com.github.binarywang.demo.wx.mp.controller.WxJsapiControllerTest" time="0">
    <skipped message="io/restassured/mapper/factory/GsonObjectMapperFactory"/>
  </testcase>
  <testcase name="testGetJsapiTicket" classname="com.github.binarywang.demo.wx.mp.controller.WxJsapiControllerTest" time="0">
    <skipped message="io/restassured/mapper/factory/GsonObjectMapperFactory"/>
  </testcase>
  <testcase name="testGetJsapiTicket" classname="com.github.binarywang.demo.wx.mp.controller.WxJsapiControllerTest" time="0">
    <skipped message="io/restassured/mapper/factory/GsonObjectMapperFactory"/>
  </testcase>
  <testcase name="testGetJsapiTicket" classname="com.github.binarywang.demo.wx.mp.controller.WxJsapiControllerTest" time="0">
    <skipped message="io/restassured/mapper/factory/GsonObjectMapperFactory"/>
  </testcase>
  <testcase name="testGetJsapiTicket" classname="com.github.binarywang.demo.wx.mp.controller.WxJsapiControllerTest" time="0">
    <skipped message="io/restassured/mapper/factory/GsonObjectMapperFactory"/>
  </testcase>
  <testcase name="testGetJsapiTicket" classname="com.github.binarywang.demo.wx.mp.controller.WxJsapiControllerTest" time="0">
    <skipped message="io/restassured/mapper/factory/GsonObjectMapperFactory"/>
  </testcase>
  <testcase name="testGetJsapiTicket" classname="com.github.binarywang.demo.wx.mp.controller.WxJsapiControllerTest" time="0">
    <skipped message="io/restassured/mapper/factory/GsonObjectMapperFactory"/>
  </testcase>
  <testcase name="testGetJsapiTicket" classname="com.github.binarywang.demo.wx.mp.controller.WxJsapiControllerTest" time="0">
    <skipped message="io/restassured/mapper/factory/GsonObjectMapperFactory"/>
  </testcase>
  <testcase name="testGetJsapiTicket" classname="com.github.binarywang.demo.wx.mp.controller.WxJsapiControllerTest" time="0">
    <skipped message="io/restassured/mapper/factory/GsonObjectMapperFactory"/>
  </testcase>
  <testcase name="testGetJsapiTicket" classname="com.github.binarywang.demo.wx.mp.controller.WxJsapiControllerTest" time="0">
    <skipped message="io/restassured/mapper/factory/GsonObjectMapperFactory"/>
  </testcase>
  <testcase name="testGetJsapiTicket" classname="com.github.binarywang.demo.wx.mp.controller.WxJsapiControllerTest" time="0">
    <skipped message="io/restassured/mapper/factory/GsonObjectMapperFactory"/>
  </testcase>
  <testcase name="testGetJsapiTicket" classname="com.github.binarywang.demo.wx.mp.controller.WxJsapiControllerTest" time="0">
    <skipped message="io/restassured/mapper/factory/GsonObjectMapperFactory"/>
  </testcase>
  <testcase name="testGetJsapiTicket" classname="com.github.binarywang.demo.wx.mp.controller.WxJsapiControllerTest" time="0">
    <skipped message="io/restassured/mapper/factory/GsonObjectMapperFactory"/>
  </testcase>
  <testcase name="testGetJsapiTicket" classname="com.github.binarywang.demo.wx.mp.controller.WxJsapiControllerTest" time="0">
    <skipped message="io/restassured/mapper/factory/GsonObjectMapperFactory"/>
  </testcase>
  <testcase name="testGetJsapiTicket" classname="com.github.binarywang.demo.wx.mp.controller.WxJsapiControllerTest" time="0">
    <skipped message="io/restassured/mapper/factory/GsonObjectMapperFactory"/>
  </testcase>
  <testcase name="testGetJsapiTicket" classname="com.github.binarywang.demo.wx.mp.controller.WxJsapiControllerTest" time="0">
    <skipped message="io/restassured/mapper/factory/GsonObjectMapperFactory"/>
  </testcase>
  <testcase name="testGetJsapiTicket" classname="com.github.binarywang.demo.wx.mp.controller.WxJsapiControllerTest" time="0">
    <skipped message="io/restassured/mapper/factory/GsonObjectMapperFactory"/>
  </testcase>
  <testcase name="testGetJsapiTicket" classname="com.github.binarywang.demo.wx.mp.controller.WxJsapiControllerTest" time="0">
    <skipped message="io/restassured/mapper/factory/GsonObjectMapperFactory"/>
  </testcase>
  <testcase name="testGetJsapiTicket" classname="com.github.binarywang.demo.wx.mp.controller.WxJsapiControllerTest" time="0">
    <skipped message="io/restassured/mapper/factory/GsonObjectMapperFactory"/>
  </testcase>
  <testcase name="testGetJsapiTicket" classname="com.github.binarywang.demo.wx.mp.controller.WxJsapiControllerTest" time="0">
    <skipped message="io/restassured/mapper/factory/GsonObjectMapperFactory"/>
  </testcase>
  <testcase name="testGetJsapiTicket" classname="com.github.binarywang.demo.wx.mp.controller.WxJsapiControllerTest" time="0">
    <skipped message="io/restassured/mapper/factory/GsonObjectMapperFactory"/>
  </testcase>
  <testcase name="testGetJsapiTicket" classname="com.github.binarywang.demo.wx.mp.controller.WxJsapiControllerTest" time="0">
    <skipped message="io/restassured/mapper/factory/GsonObjectMapperFactory"/>
  </testcase>
  <testcase name="testGetJsapiTicket" classname="com.github.binarywang.demo.wx.mp.controller.WxJsapiControllerTest" time="0">
    <skipped message="io/restassured/mapper/factory/GsonObjectMapperFactory"/>
  </testcase>
  <testcase name="testGetJsapiTicket" classname="com.github.binarywang.demo.wx.mp.controller.WxJsapiControllerTest" time="0">
    <skipped message="io/restassured/mapper/factory/GsonObjectMapperFactory"/>
  </testcase>
  <testcase name="testGetJsapiTicket" classname="com.github.binarywang.demo.wx.mp.controller.WxJsapiControllerTest" time="0">
    <skipped message="io/restassured/mapper/factory/GsonObjectMapperFactory"/>
  </testcase>
  <testcase name="testGetJsapiTicket" classname="com.github.binarywang.demo.wx.mp.controller.WxJsapiControllerTest" time="0">
    <skipped message="io/restassured/mapper/factory/GsonObjectMapperFactory"/>
  </testcase>
  <testcase name="testGetJsapiTicket" classname="com.github.binarywang.demo.wx.mp.controller.WxJsapiControllerTest" time="0">
    <skipped message="io/restassured/mapper/factory/GsonObjectMapperFactory"/>
  </testcase>
  <testcase name="testGetJsapiTicket" classname="com.github.binarywang.demo.wx.mp.controller.WxJsapiControllerTest" time="0">
    <skipped message="io/restassured/mapper/factory/GsonObjectMapperFactory"/>
  </testcase>
  <testcase name="testGetJsapiTicket" classname="com.github.binarywang.demo.wx.mp.controller.WxJsapiControllerTest" time="0">
    <skipped message="io/restassured/mapper/factory/GsonObjectMapperFactory"/>
  </testcase>
  <testcase name="testGetJsapiTicket" classname="com.github.binarywang.demo.wx.mp.controller.WxJsapiControllerTest" time="0">
    <skipped message="io/restassured/mapper/factory/GsonObjectMapperFactory"/>
  </testcase>
  <testcase name="testGetJsapiTicket" classname="com.github.binarywang.demo.wx.mp.controller.WxJsapiControllerTest" time="0">
    <skipped message="io/restassured/mapper/factory/GsonObjectMapperFactory"/>
  </testcase>
  <testcase name="testGetJsapiTicket" classname="com.github.binarywang.demo.wx.mp.controller.WxJsapiControllerTest" time="0">
    <skipped message="io/restassured/mapper/factory/GsonObjectMapperFactory"/>
  </testcase>
  <testcase name="testGetJsapiTicket" classname="com.github.binarywang.demo.wx.mp.controller.WxJsapiControllerTest" time="0">
    <skipped message="io/restassured/mapper/factory/GsonObjectMapperFactory"/>
  </testcase>
  <testcase name="testGetJsapiTicket" classname="com.github.binarywang.demo.wx.mp.controller.WxJsapiControllerTest" time="0">
    <skipped message="io/restassured/mapper/factory/GsonObjectMapperFactory"/>
  </testcase>
  <testcase name="testGetJsapiTicket" classname="com.github.binarywang.demo.wx.mp.controller.WxJsapiControllerTest" time="0">
    <skipped message="io/restassured/mapper/factory/GsonObjectMapperFactory"/>
  </testcase>
  <testcase name="testGetJsapiTicket" classname="com.github.binarywang.demo.wx.mp.controller.WxJsapiControllerTest" time="0">
    <skipped message="io/restassured/mapper/factory/GsonObjectMapperFactory"/>
  </testcase>
  <testcase name="testGetJsapiTicket" classname="com.github.binarywang.demo.wx.mp.controller.WxJsapiControllerTest" time="0">
    <skipped message="io/restassured/mapper/factory/GsonObjectMapperFactory"/>
  </testcase>
  <testcase name="testGetJsapiTicket" classname="com.github.binarywang.demo.wx.mp.controller.WxJsapiControllerTest" time="0">
    <skipped message="io/restassured/mapper/factory/GsonObjectMapperFactory"/>
  </testcase>
  <testcase name="testGetJsapiTicket" classname="com.github.binarywang.demo.wx.mp.controller.WxJsapiControllerTest" time="0">
    <skipped message="io/restassured/mapper/factory/GsonObjectMapperFactory"/>
  </testcase>
  <testcase name="testGetJsapiTicket" classname="com.github.binarywang.demo.wx.mp.controller.WxJsapiControllerTest" time="0">
    <skipped message="io/restassured/mapper/factory/GsonObjectMapperFactory"/>
  </testcase>
  <testcase name="testGetJsapiTicket" classname="com.github.binarywang.demo.wx.mp.controller.WxJsapiControllerTest" time="0">
    <skipped message="io/restassured/mapper/factory/GsonObjectMapperFactory"/>
  </testcase>
  <testcase name="testGetJsapiTicket" classname="com.github.binarywang.demo.wx.mp.controller.WxJsapiControllerTest" time="0">
    <skipped message="io/restassured/mapper/factory/GsonObjectMapperFactory"/>
  </testcase>
  <testcase name="testGetJsapiTicket" classname="com.github.binarywang.demo.wx.mp.controller.WxJsapiControllerTest" time="0">
    <skipped message="io/restassured/mapper/factory/GsonObjectMapperFactory"/>
  </testcase>
  <testcase name="testGetJsapiTicket" classname="com.github.binarywang.demo.wx.mp.controller.WxJsapiControllerTest" time="0">
    <skipped message="io/restassured/mapper/factory/GsonObjectMapperFactory"/>
  </testcase>
  <testcase name="testGetJsapiTicket" classname="com.github.binarywang.demo.wx.mp.controller.WxJsapiControllerTest" time="0">
    <skipped message="io/restassured/mapper/factory/GsonObjectMapperFactory"/>
  </testcase>
  <testcase name="testGetJsapiTicket" classname="com.github.binarywang.demo.wx.mp.controller.WxJsapiControllerTest" time="0">
    <skipped message="io/restassured/mapper/factory/GsonObjectMapperFactory"/>
  </testcase>
  <testcase name="testGetJsapiTicket" classname="com.github.binarywang.demo.wx.mp.controller.WxJsapiControllerTest" time="0">
    <skipped message="io/restassured/mapper/factory/GsonObjectMapperFactory"/>
  </testcase>
  <testcase name="testGetJsapiTicket" classname="com.github.binarywang.demo.wx.mp.controller.WxJsapiControllerTest" time="0">
    <skipped message="io/restassured/mapper/factory/GsonObjectMapperFactory"/>
  </testcase>
  <testcase name="testGetJsapiTicket" classname="com.github.binarywang.demo.wx.mp.controller.WxJsapiControllerTest" time="0">
    <skipped message="io/restassured/mapper/factory/GsonObjectMapperFactory"/>
  </testcase>
  <testcase name="testGetJsapiTicket" classname="com.github.binarywang.demo.wx.mp.controller.WxJsapiControllerTest" time="0">
    <skipped message="io/restassured/mapper/factory/GsonObjectMapperFactory"/>
  </testcase>
  <testcase name="testGetJsapiTicket" classname="com.github.binarywang.demo.wx.mp.controller.WxJsapiControllerTest" time="0">
    <skipped message="io/restassured/mapper/factory/GsonObjectMapperFactory"/>
  </testcase>
  <testcase name="testGetJsapiTicket" classname="com.github.binarywang.demo.wx.mp.controller.WxJsapiControllerTest" time="0">
    <skipped message="io/restassured/mapper/factory/GsonObjectMapperFactory"/>
  </testcase>
  <testcase name="testGetJsapiTicket" classname="com.github.binarywang.demo.wx.mp.controller.WxJsapiControllerTest" time="0">
    <skipped message="io/restassured/mapper/factory/GsonObjectMapperFactory"/>
  </testcase>
  <testcase name="testGetJsapiTicket" classname="com.github.binarywang.demo.wx.mp.controller.WxJsapiControllerTest" time="0">
    <skipped message="io/restassured/mapper/factory/GsonObjectMapperFactory"/>
  </testcase>
  <testcase name="testGetJsapiTicket" classname="com.github.binarywang.demo.wx.mp.controller.WxJsapiControllerTest" time="0">
    <skipped message="io/restassured/mapper/factory/GsonObjectMapperFactory"/>
  </testcase>
  <testcase name="testGetJsapiTicket" classname="com.github.binarywang.demo.wx.mp.controller.WxJsapiControllerTest" time="0">
    <skipped message="io/restassured/mapper/factory/GsonObjectMapperFactory"/>
  </testcase>
  <testcase name="testGetJsapiTicket" classname="com.github.binarywang.demo.wx.mp.controller.WxJsapiControllerTest" time="0">
    <skipped message="io/restassured/mapper/factory/GsonObjectMapperFactory"/>
  </testcase>
  <testcase name="testGetJsapiTicket" classname="com.github.binarywang.demo.wx.mp.controller.WxJsapiControllerTest" time="0">
    <skipped message="io/restassured/mapper/factory/GsonObjectMapperFactory"/>
  </testcase>
  <testcase name="testGetJsapiTicket" classname="com.github.binarywang.demo.wx.mp.controller.WxJsapiControllerTest" time="0">
    <skipped message="io/restassured/mapper/factory/GsonObjectMapperFactory"/>
  </testcase>
  <testcase name="testGetJsapiTicket" classname="com.github.binarywang.demo.wx.mp.controller.WxJsapiControllerTest" time="0">
    <skipped message="io/restassured/mapper/factory/GsonObjectMapperFactory"/>
  </testcase>
  <testcase name="testGetJsapiTicket" classname="com.github.binarywang.demo.wx.mp.controller.WxJsapiControllerTest" time="0">
    <skipped message="io/restassured/mapper/factory/GsonObjectMapperFactory"/>
  </testcase>
  <testcase name="testGetJsapiTicket" classname="com.github.binarywang.demo.wx.mp.controller.WxJsapiControllerTest" time="0">
    <skipped message="io/restassured/mapper/factory/GsonObjectMapperFactory"/>
  </testcase>
  <testcase name="testGetJsapiTicket" classname="com.github.binarywang.demo.wx.mp.controller.WxJsapiControllerTest" time="0">
    <skipped message="io/restassured/mapper/factory/GsonObjectMapperFactory"/>
  </testcase>
  <testcase name="testGetJsapiTicket" classname="com.github.binarywang.demo.wx.mp.controller.WxJsapiControllerTest" time="0">
    <skipped message="io/restassured/mapper/factory/GsonObjectMapperFactory"/>
  </testcase>
  <testcase name="testGetJsapiTicket" classname="com.github.binarywang.demo.wx.mp.controller.WxJsapiControllerTest" time="0">
    <skipped message="io/restassured/mapper/factory/GsonObjectMapperFactory"/>
  </testcase>
  <testcase name="testGetJsapiTicket" classname="com.github.binarywang.demo.wx.mp.controller.WxJsapiControllerTest" time="0">
    <skipped message="io/restassured/mapper/factory/GsonObjectMapperFactory"/>
  </testcase>
  <testcase name="testGetJsapiTicket" classname="com.github.binarywang.demo.wx.mp.controller.WxJsapiControllerTest" time="0">
    <skipped message="io/restassured/mapper/factory/GsonObjectMapperFactory"/>
  </testcase>
  <testcase name="testGetJsapiTicket" classname="com.github.binarywang.demo.wx.mp.controller.WxJsapiControllerTest" time="0">
    <skipped message="io/restassured/mapper/factory/GsonObjectMapperFactory"/>
  </testcase>
  <testcase name="testGetJsapiTicket" classname="com.github.binarywang.demo.wx.mp.controller.WxJsapiControllerTest" time="0">
    <skipped message="io/restassured/mapper/factory/GsonObjectMapperFactory"/>
  </testcase>
  <testcase name="testGetJsapiTicket" classname="com.github.binarywang.demo.wx.mp.controller.WxJsapiControllerTest" time="0">
    <skipped message="io/restassured/mapper/factory/GsonObjectMapperFactory"/>
  </testcase>
  <testcase name="testGetJsapiTicket" classname="com.github.binarywang.demo.wx.mp.controller.WxJsapiControllerTest" time="0">
    <skipped message="io/restassured/mapper/factory/GsonObjectMapperFactory"/>
  </testcase>
  <testcase name="testGetJsapiTicket" classname="com.github.binarywang.demo.wx.mp.controller.WxJsapiControllerTest" time="0">
    <skipped message="io/restassured/mapper/factory/GsonObjectMapperFactory"/>
  </testcase>
  <testcase name="testGetJsapiTicket" classname="com.github.binarywang.demo.wx.mp.controller.WxJsapiControllerTest" time="0">
    <skipped message="io/restassured/mapper/factory/GsonObjectMapperFactory"/>
  </testcase>
  <testcase name="testGetJsapiTicket" classname="com.github.binarywang.demo.wx.mp.controller.WxJsapiControllerTest" time="0">
    <skipped message="io/restassured/mapper/factory/GsonObjectMapperFactory"/>
  </testcase>
  <testcase name="testGetJsapiTicket" classname="com.github.binarywang.demo.wx.mp.controller.WxJsapiControllerTest" time="0">
    <skipped message="io/restassured/mapper/factory/GsonObjectMapperFactory"/>
  </testcase>
  <testcase name="testGetJsapiTicket" classname="com.github.binarywang.demo.wx.mp.controller.WxJsapiControllerTest" time="0">
    <skipped message="io/restassured/mapper/factory/GsonObjectMapperFactory"/>
  </testcase>
  <testcase name="testGetJsapiTicket" classname="com.github.binarywang.demo.wx.mp.controller.WxJsapiControllerTest" time="0">
    <skipped message="io/restassured/mapper/factory/GsonObjectMapperFactory"/>
  </testcase>
  <testcase name="testGetJsapiTicket" classname="com.github.binarywang.demo.wx.mp.controller.WxJsapiControllerTest" time="0">
    <skipped message="io/restassured/mapper/factory/GsonObjectMapperFactory"/>
  </testcase>
  <testcase name="testGetJsapiTicket" classname="com.github.binarywang.demo.wx.mp.controller.WxJsapiControllerTest" time="0">
    <skipped message="io/restassured/mapper/factory/GsonObjectMapperFactory"/>
  </testcase>
  <testcase name="testGetJsapiTicket" classname="com.github.binarywang.demo.wx.mp.controller.WxJsapiControllerTest" time="0">
    <skipped message="io/restassured/mapper/factory/GsonObjectMapperFactory"/>
  </testcase>
  <testcase name="testGetJsapiTicket" classname="com.github.binarywang.demo.wx.mp.controller.WxJsapiControllerTest" time="0">
    <skipped message="io/restassured/mapper/factory/GsonObjectMapperFactory"/>
  </testcase>
  <testcase name="testGetJsapiTicket" classname="com.github.binarywang.demo.wx.mp.controller.WxJsapiControllerTest" time="0">
    <skipped message="io/restassured/mapper/factory/GsonObjectMapperFactory"/>
  </testcase>
  <testcase name="testGetJsapiTicket" classname="com.github.binarywang.demo.wx.mp.controller.WxJsapiControllerTest" time="0">
    <skipped message="io/restassured/mapper/factory/GsonObjectMapperFactory"/>
  </testcase>
  <testcase name="testGetJsapiTicket" classname="com.github.binarywang.demo.wx.mp.controller.WxJsapiControllerTest" time="0">
    <skipped message="io/restassured/mapper/factory/GsonObjectMapperFactory"/>
  </testcase>
  <testcase name="testGetJsapiTicket" classname="com.github.binarywang.demo.wx.mp.controller.WxJsapiControllerTest" time="0">
    <skipped message="io/restassured/mapper/factory/GsonObjectMapperFactory"/>
  </testcase>
  <testcase name="testGetJsapiTicket" classname="com.github.binarywang.demo.wx.mp.controller.WxJsapiControllerTest" time="0">
    <skipped message="io/restassured/mapper/factory/GsonObjectMapperFactory"/>
  </testcase>
  <testcase name="testGetJsapiTicket" classname="com.github.binarywang.demo.wx.mp.controller.WxJsapiControllerTest" time="0">
    <skipped message="io/restassured/mapper/factory/GsonObjectMapperFactory"/>
  </testcase>
  <testcase name="testGetJsapiTicket" classname="com.github.binarywang.demo.wx.mp.controller.WxJsapiControllerTest" time="0">
    <skipped message="io/restassured/mapper/factory/GsonObjectMapperFactory"/>
  </testcase>
  <testcase name="testGetJsapiTicket" classname="com.github.binarywang.demo.wx.mp.controller.WxJsapiControllerTest" time="0">
    <skipped message="io/restassured/mapper/factory/GsonObjectMapperFactory"/>
  </testcase>
  <testcase name="testGetJsapiTicket" classname="com.github.binarywang.demo.wx.mp.controller.WxJsapiControllerTest" time="0">
    <skipped message="io/restassured/mapper/factory/GsonObjectMapperFactory"/>
  </testcase>
  <testcase name="testGetJsapiTicket" classname="com.github.binarywang.demo.wx.mp.controller.WxJsapiControllerTest" time="0">
    <skipped message="io/restassured/mapper/factory/GsonObjectMapperFactory"/>
  </testcase>
  <testcase name="testGetJsapiTicket" classname="com.github.binarywang.demo.wx.mp.controller.WxJsapiControllerTest" time="0">
    <skipped message="io/restassured/mapper/factory/GsonObjectMapperFactory"/>
  </testcase>
  <testcase name="testGetJsapiTicket" classname="com.github.binarywang.demo.wx.mp.controller.WxJsapiControllerTest" time="0">
    <skipped message="io/restassured/mapper/factory/GsonObjectMapperFactory"/>
  </testcase>
  <testcase name="testGetJsapiTicket" classname="com.github.binarywang.demo.wx.mp.controller.WxJsapiControllerTest" time="0">
    <skipped message="io/restassured/mapper/factory/GsonObjectMapperFactory"/>
  </testcase>
  <testcase name="testGetJsapiTicket" classname="com.github.binarywang.demo.wx.mp.controller.WxJsapiControllerTest" time="0">
    <skipped message="io/restassured/mapper/factory/GsonObjectMapperFactory"/>
  </testcase>
  <testcase name="testGetJsapiTicket" classname="com.github.binarywang.demo.wx.mp.controller.WxJsapiControllerTest" time="0">
    <skipped message="io/restassured/mapper/factory/GsonObjectMapperFactory"/>
  </testcase>
  <testcase name="testGetJsapiTicket" classname="com.github.binarywang.demo.wx.mp.controller.WxJsapiControllerTest" time="0">
    <skipped message="io/restassured/mapper/factory/GsonObjectMapperFactory"/>
  </testcase>
  <testcase name="testGetJsapiTicket" classname="com.github.binarywang.demo.wx.mp.controller.WxJsapiControllerTest" time="0">
    <skipped message="io/restassured/mapper/factory/GsonObjectMapperFactory"/>
  </testcase>
  <testcase name="testGetJsapiTicket" classname="com.github.binarywang.demo.wx.mp.controller.WxJsapiControllerTest" time="0">
    <skipped message="io/restassured/mapper/factory/GsonObjectMapperFactory"/>
  </testcase>
  <testcase name="testGetJsapiTicket" classname="com.github.binarywang.demo.wx.mp.controller.WxJsapiControllerTest" time="0">
    <skipped message="io/restassured/mapper/factory/GsonObjectMapperFactory"/>
  </testcase>
  <testcase name="testGetJsapiTicket" classname="com.github.binarywang.demo.wx.mp.controller.WxJsapiControllerTest" time="0">
    <skipped message="io/restassured/mapper/factory/GsonObjectMapperFactory"/>
  </testcase>
  <testcase name="testGetJsapiTicket" classname="com.github.binarywang.demo.wx.mp.controller.WxJsapiControllerTest" time="0">
    <skipped message="io/restassured/mapper/factory/GsonObjectMapperFactory"/>
  </testcase>
  <testcase name="testGetJsapiTicket" classname="com.github.binarywang.demo.wx.mp.controller.WxJsapiControllerTest" time="0">
    <skipped message="io/restassured/mapper/factory/GsonObjectMapperFactory"/>
  </testcase>
  <testcase name="testGetJsapiTicket" classname="com.github.binarywang.demo.wx.mp.controller.WxJsapiControllerTest" time="0">
    <skipped message="io/restassured/mapper/factory/GsonObjectMapperFactory"/>
  </testcase>
  <testcase name="testGetJsapiTicket" classname="com.github.binarywang.demo.wx.mp.controller.WxJsapiControllerTest" time="0">
    <skipped message="io/restassured/mapper/factory/GsonObjectMapperFactory"/>
  </testcase>
  <testcase name="testGetJsapiTicket" classname="com.github.binarywang.demo.wx.mp.controller.WxJsapiControllerTest" time="0">
    <skipped message="io/restassured/mapper/factory/GsonObjectMapperFactory"/>
  </testcase>
  <testcase name="testGetJsapiTicket" classname="com.github.binarywang.demo.wx.mp.controller.WxJsapiControllerTest" time="0">
    <skipped message="io/restassured/mapper/factory/GsonObjectMapperFactory"/>
  </testcase>
  <testcase name="testGetJsapiTicket" classname="com.github.binarywang.demo.wx.mp.controller.WxJsapiControllerTest" time="0">
    <skipped message="io/restassured/mapper/factory/GsonObjectMapperFactory"/>
  </testcase>
  <testcase name="testGetJsapiTicket" classname="com.github.binarywang.demo.wx.mp.controller.WxJsapiControllerTest" time="0">
    <skipped message="io/restassured/mapper/factory/GsonObjectMapperFactory"/>
  </testcase>
  <testcase name="testGetJsapiTicket" classname="com.github.binarywang.demo.wx.mp.controller.WxJsapiControllerTest" time="0">
    <skipped message="io/restassured/mapper/factory/GsonObjectMapperFactory"/>
  </testcase>
  <testcase name="testGetJsapiTicket" classname="com.github.binarywang.demo.wx.mp.controller.WxJsapiControllerTest" time="0">
    <skipped message="io/restassured/mapper/factory/GsonObjectMapperFactory"/>
  </testcase>
  <testcase name="testGetJsapiTicket" classname="com.github.binarywang.demo.wx.mp.controller.WxJsapiControllerTest" time="0">
    <skipped message="io/restassured/mapper/factory/GsonObjectMapperFactory"/>
  </testcase>
  <testcase name="testGetJsapiTicket" classname="com.github.binarywang.demo.wx.mp.controller.WxJsapiControllerTest" time="0">
    <skipped message="io/restassured/mapper/factory/GsonObjectMapperFactory"/>
  </testcase>
  <testcase name="testGetJsapiTicket" classname="com.github.binarywang.demo.wx.mp.controller.WxJsapiControllerTest" time="0">
    <skipped message="io/restassured/mapper/factory/GsonObjectMapperFactory"/>
  </testcase>
  <testcase name="testGetJsapiTicket" classname="com.github.binarywang.demo.wx.mp.controller.WxJsapiControllerTest" time="0">
    <skipped message="io/restassured/mapper/factory/GsonObjectMapperFactory"/>
  </testcase>
  <testcase name="testGetJsapiTicket" classname="com.github.binarywang.demo.wx.mp.controller.WxJsapiControllerTest" time="0">
    <skipped message="io/restassured/mapper/factory/GsonObjectMapperFactory"/>
  </testcase>
  <testcase name="testGetJsapiTicket" classname="com.github.binarywang.demo.wx.mp.controller.WxJsapiControllerTest" time="0">
    <skipped message="io/restassured/mapper/factory/GsonObjectMapperFactory"/>
  </testcase>
  <testcase name="testGetJsapiTicket" classname="com.github.binarywang.demo.wx.mp.controller.WxJsapiControllerTest" time="0">
    <skipped message="io/restassured/mapper/factory/GsonObjectMapperFactory"/>
  </testcase>
  <testcase name="testGetJsapiTicket" classname="com.github.binarywang.demo.wx.mp.controller.WxJsapiControllerTest" time="0">
    <skipped message="io/restassured/mapper/factory/GsonObjectMapperFactory"/>
  </testcase>
  <testcase name="testGetJsapiTicket" classname="com.github.binarywang.demo.wx.mp.controller.WxJsapiControllerTest" time="0">
    <skipped message="io/restassured/mapper/factory/GsonObjectMapperFactory"/>
  </testcase>
  <testcase name="testGetJsapiTicket" classname="com.github.binarywang.demo.wx.mp.controller.WxJsapiControllerTest" time="0">
    <skipped message="io/restassured/mapper/factory/GsonObjectMapperFactory"/>
  </testcase>
  <testcase name="testGetJsapiTicket" classname="com.github.binarywang.demo.wx.mp.controller.WxJsapiControllerTest" time="0">
    <skipped message="io/restassured/mapper/factory/GsonObjectMapperFactory"/>
  </testcase>
  <testcase name="testGetJsapiTicket" classname="com.github.binarywang.demo.wx.mp.controller.WxJsapiControllerTest" time="0">
    <skipped message="io/restassured/mapper/factory/GsonObjectMapperFactory"/>
  </testcase>
  <testcase name="testGetJsapiTicket" classname="com.github.binarywang.demo.wx.mp.controller.WxJsapiControllerTest" time="0">
    <skipped message="io/restassured/mapper/factory/GsonObjectMapperFactory"/>
  </testcase>
  <testcase name="testGetJsapiTicket" classname="com.github.binarywang.demo.wx.mp.controller.WxJsapiControllerTest" time="0">
    <skipped message="io/restassured/mapper/factory/GsonObjectMapperFactory"/>
  </testcase>
  <testcase name="testGetJsapiTicket" classname="com.github.binarywang.demo.wx.mp.controller.WxJsapiControllerTest" time="0">
    <skipped message="io/restassured/mapper/factory/GsonObjectMapperFactory"/>
  </testcase>
  <testcase name="testGetJsapiTicket" classname="com.github.binarywang.demo.wx.mp.controller.WxJsapiControllerTest" time="0">
    <skipped message="io/restassured/mapper/factory/GsonObjectMapperFactory"/>
  </testcase>
  <testcase name="testGetJsapiTicket" classname="com.github.binarywang.demo.wx.mp.controller.WxJsapiControllerTest" time="0">
    <skipped message="io/restassured/mapper/factory/GsonObjectMapperFactory"/>
  </testcase>
  <testcase name="testGetJsapiTicket" classname="com.github.binarywang.demo.wx.mp.controller.WxJsapiControllerTest" time="0">
    <skipped message="io/restassured/mapper/factory/GsonObjectMapperFactory"/>
  </testcase>
  <testcase name="testGetJsapiTicket" classname="com.github.binarywang.demo.wx.mp.controller.WxJsapiControllerTest" time="0">
    <skipped message="io/restassured/mapper/factory/GsonObjectMapperFactory"/>
  </testcase>
  <testcase name="testGetJsapiTicket" classname="com.github.binarywang.demo.wx.mp.controller.WxJsapiControllerTest" time="0">
    <skipped message="io/restassured/mapper/factory/GsonObjectMapperFactory"/>
  </testcase>
  <testcase name="testGetJsapiTicket" classname="com.github.binarywang.demo.wx.mp.controller.WxJsapiControllerTest" time="0">
    <skipped message="io/restassured/mapper/factory/GsonObjectMapperFactory"/>
  </testcase>
  <testcase name="testGetJsapiTicket" classname="com.github.binarywang.demo.wx.mp.controller.WxJsapiControllerTest" time="0">
    <skipped message="io/restassured/mapper/factory/GsonObjectMapperFactory"/>
  </testcase>
  <testcase name="testGetJsapiTicket" classname="com.github.binarywang.demo.wx.mp.controller.WxJsapiControllerTest" time="0">
    <skipped message="io/restassured/mapper/factory/GsonObjectMapperFactory"/>
  </testcase>
  <testcase name="testGetJsapiTicket" classname="com.github.binarywang.demo.wx.mp.controller.WxJsapiControllerTest" time="0">
    <skipped message="io/restassured/mapper/factory/GsonObjectMapperFactory"/>
  </testcase>
  <testcase name="testGetJsapiTicket" classname="com.github.binarywang.demo.wx.mp.controller.WxJsapiControllerTest" time="0">
    <skipped message="io/restassured/mapper/factory/GsonObjectMapperFactory"/>
  </testcase>
  <testcase name="testGetJsapiTicket" classname="com.github.binarywang.demo.wx.mp.controller.WxJsapiControllerTest" time="0">
    <skipped message="io/restassured/mapper/factory/GsonObjectMapperFactory"/>
  </testcase>
  <testcase name="testGetJsapiTicket" classname="com.github.binarywang.demo.wx.mp.controller.WxJsapiControllerTest" time="0">
    <skipped message="io/restassured/mapper/factory/GsonObjectMapperFactory"/>
  </testcase>
  <testcase name="testGetJsapiTicket" classname="com.github.binarywang.demo.wx.mp.controller.WxJsapiControllerTest" time="0">
    <skipped message="io/restassured/mapper/factory/GsonObjectMapperFactory"/>
  </testcase>
  <testcase name="testGetJsapiTicket" classname="com.github.binarywang.demo.wx.mp.controller.WxJsapiControllerTest" time="0">
    <skipped message="io/restassured/mapper/factory/GsonObjectMapperFactory"/>
  </testcase>
  <testcase name="testGetJsapiTicket" classname="com.github.binarywang.demo.wx.mp.controller.WxJsapiControllerTest" time="0">
    <skipped message="io/restassured/mapper/factory/GsonObjectMapperFactory"/>
  </testcase>
  <testcase name="testGetJsapiTicket" classname="com.github.binarywang.demo.wx.mp.controller.WxJsapiControllerTest" time="0">
    <skipped message="io/restassured/mapper/factory/GsonObjectMapperFactory"/>
  </testcase>
  <testcase name="testGetJsapiTicket" classname="com.github.binarywang.demo.wx.mp.controller.WxJsapiControllerTest" time="0">
    <skipped message="io/restassured/mapper/factory/GsonObjectMapperFactory"/>
  </testcase>
  <testcase name="testGetJsapiTicket" classname="com.github.binarywang.demo.wx.mp.controller.WxJsapiControllerTest" time="0">
    <skipped message="io/restassured/mapper/factory/GsonObjectMapperFactory"/>
  </testcase>
  <testcase name="testGetJsapiTicket" classname="com.github.binarywang.demo.wx.mp.controller.WxJsapiControllerTest" time="0">
    <skipped message="io/restassured/mapper/factory/GsonObjectMapperFactory"/>
  </testcase>
  <testcase name="testGetJsapiTicket" classname="com.github.binarywang.demo.wx.mp.controller.WxJsapiControllerTest" time="0">
    <skipped message="io/restassured/mapper/factory/GsonObjectMapperFactory"/>
  </testcase>
  <testcase name="testGetJsapiTicket" classname="com.github.binarywang.demo.wx.mp.controller.WxJsapiControllerTest" time="0">
    <skipped message="io/restassured/mapper/factory/GsonObjectMapperFactory"/>
  </testcase>
  <testcase name="testGetJsapiTicket" classname="com.github.binarywang.demo.wx.mp.controller.WxJsapiControllerTest" time="0">
    <skipped message="io/restassured/mapper/factory/GsonObjectMapperFactory"/>
  </testcase>
  <testcase name="testGetJsapiTicket" classname="com.github.binarywang.demo.wx.mp.controller.WxJsapiControllerTest" time="0">
    <skipped message="io/restassured/mapper/factory/GsonObjectMapperFactory"/>
  </testcase>
  <testcase name="testGetJsapiTicket" classname="com.github.binarywang.demo.wx.mp.controller.WxJsapiControllerTest" time="0">
    <skipped message="io/restassured/mapper/factory/GsonObjectMapperFactory"/>
  </testcase>
  <testcase name="testGetJsapiTicket" classname="com.github.binarywang.demo.wx.mp.controller.WxJsapiControllerTest" time="0">
    <skipped message="io/restassured/mapper/factory/GsonObjectMapperFactory"/>
  </testcase>
  <testcase name="testGetJsapiTicket" classname="com.github.binarywang.demo.wx.mp.controller.WxJsapiControllerTest" time="0">
    <skipped message="io/restassured/mapper/factory/GsonObjectMapperFactory"/>
  </testcase>
  <testcase name="testGetJsapiTicket" classname="com.github.binarywang.demo.wx.mp.controller.WxJsapiControllerTest" time="0">
    <skipped message="io/restassured/mapper/factory/GsonObjectMapperFactory"/>
  </testcase>
  <testcase name="testGetJsapiTicket" classname="com.github.binarywang.demo.wx.mp.controller.WxJsapiControllerTest" time="0">
    <skipped message="io/restassured/mapper/factory/GsonObjectMapperFactory"/>
  </testcase>
  <testcase name="testGetJsapiTicket" classname="com.github.binarywang.demo.wx.mp.controller.WxJsapiControllerTest" time="0">
    <skipped message="io/restassured/mapper/factory/GsonObjectMapperFactory"/>
  </testcase>
  <testcase name="testGetJsapiTicket" classname="com.github.binarywang.demo.wx.mp.controller.WxJsapiControllerTest" time="0">
    <skipped message="io/restassured/mapper/factory/GsonObjectMapperFactory"/>
  </testcase>
  <testcase name="testGetJsapiTicket" classname="com.github.binarywang.demo.wx.mp.controller.WxJsapiControllerTest" time="0">
    <skipped message="io/restassured/mapper/factory/GsonObjectMapperFactory"/>
  </testcase>
  <testcase name="testGetJsapiTicket" classname="com.github.binarywang.demo.wx.mp.controller.WxJsapiControllerTest" time="0">
    <skipped message="io/restassured/mapper/factory/GsonObjectMapperFactory"/>
  </testcase>
  <testcase name="testGetJsapiTicket" classname="com.github.binarywang.demo.wx.mp.controller.WxJsapiControllerTest" time="0">
    <skipped message="io/restassured/mapper/factory/GsonObjectMapperFactory"/>
  </testcase>
  <testcase name="testGetJsapiTicket" classname="com.github.binarywang.demo.wx.mp.controller.WxJsapiControllerTest" time="0">
    <skipped message="io/restassured/mapper/factory/GsonObjectMapperFactory"/>
  </testcase>
  <testcase name="testGetJsapiTicket" classname="com.github.binarywang.demo.wx.mp.controller.WxJsapiControllerTest" time="0">
    <skipped message="io/restassured/mapper/factory/GsonObjectMapperFactory"/>
  </testcase>
  <testcase name="testGetJsapiTicket" classname="com.github.binarywang.demo.wx.mp.controller.WxJsapiControllerTest" time="0">
    <skipped message="io/restassured/mapper/factory/GsonObjectMapperFactory"/>
  </testcase>
  <testcase name="testGetJsapiTicket" classname="com.github.binarywang.demo.wx.mp.controller.WxJsapiControllerTest" time="0">
    <skipped message="io/restassured/mapper/factory/GsonObjectMapperFactory"/>
  </testcase>
  <testcase name="testGetJsapiTicket" classname="com.github.binarywang.demo.wx.mp.controller.WxJsapiControllerTest" time="0">
    <skipped message="io/restassured/mapper/factory/GsonObjectMapperFactory"/>
  </testcase>
  <testcase name="testGetJsapiTicket" classname="com.github.binarywang.demo.wx.mp.controller.WxJsapiControllerTest" time="0">
    <skipped message="io/restassured/mapper/factory/GsonObjectMapperFactory"/>
  </testcase>
  <testcase name="testGetJsapiTicket" classname="com.github.binarywang.demo.wx.mp.controller.WxJsapiControllerTest" time="0">
    <skipped message="io/restassured/mapper/factory/GsonObjectMapperFactory"/>
  </testcase>
  <testcase name="testGetJsapiTicket" classname="com.github.binarywang.demo.wx.mp.controller.WxJsapiControllerTest" time="0">
    <skipped message="io/restassured/mapper/factory/GsonObjectMapperFactory"/>
  </testcase>
  <testcase name="testGetJsapiTicket" classname="com.github.binarywang.demo.wx.mp.controller.WxJsapiControllerTest" time="0">
    <skipped message="io/restassured/mapper/factory/GsonObjectMapperFactory"/>
  </testcase>
  <testcase name="testGetJsapiTicket" classname="com.github.binarywang.demo.wx.mp.controller.WxJsapiControllerTest" time="0">
    <skipped message="io/restassured/mapper/factory/GsonObjectMapperFactory"/>
  </testcase>
  <testcase name="testGetJsapiTicket" classname="com.github.binarywang.demo.wx.mp.controller.WxJsapiControllerTest" time="0">
    <skipped message="io/restassured/mapper/factory/GsonObjectMapperFactory"/>
  </testcase>
  <testcase name="testGetJsapiTicket" classname="com.github.binarywang.demo.wx.mp.controller.WxJsapiControllerTest" time="0">
    <skipped message="io/restassured/mapper/factory/GsonObjectMapperFactory"/>
  </testcase>
  <testcase name="testGetJsapiTicket" classname="com.github.binarywang.demo.wx.mp.controller.WxJsapiControllerTest" time="0">
    <skipped message="io/restassured/mapper/factory/GsonObjectMapperFactory"/>
  </testcase>
  <testcase name="testGetJsapiTicket" classname="com.github.binarywang.demo.wx.mp.controller.WxJsapiControllerTest" time="0">
    <skipped message="io/restassured/mapper/factory/GsonObjectMapperFactory"/>
  </testcase>
  <testcase name="testGetJsapiTicket" classname="com.github.binarywang.demo.wx.mp.controller.WxJsapiControllerTest" time="0">
    <skipped message="io/restassured/mapper/factory/GsonObjectMapperFactory"/>
  </testcase>
  <testcase name="testGetJsapiTicket" classname="com.github.binarywang.demo.wx.mp.controller.WxJsapiControllerTest" time="0">
    <skipped message="io/restassured/mapper/factory/GsonObjectMapperFactory"/>
  </testcase>
  <testcase name="testGetJsapiTicket" classname="com.github.binarywang.demo.wx.mp.controller.WxJsapiControllerTest" time="0">
    <skipped message="io/restassured/mapper/factory/GsonObjectMapperFactory"/>
  </testcase>
  <testcase name="testGetJsapiTicket" classname="com.github.binarywang.demo.wx.mp.controller.WxJsapiControllerTest" time="0">
    <skipped message="io/restassured/mapper/factory/GsonObjectMapperFactory"/>
  </testcase>
  <testcase name="testGetJsapiTicket" classname="com.github.binarywang.demo.wx.mp.controller.WxJsapiControllerTest" time="0">
    <skipped message="io/restassured/mapper/factory/GsonObjectMapperFactory"/>
  </testcase>
  <testcase name="testGetJsapiTicket" classname="com.github.binarywang.demo.wx.mp.controller.WxJsapiControllerTest" time="0">
    <skipped message="io/restassured/mapper/factory/GsonObjectMapperFactory"/>
  </testcase>
  <testcase name="testGetJsapiTicket" classname="com.github.binarywang.demo.wx.mp.controller.WxJsapiControllerTest" time="0">
    <skipped message="io/restassured/mapper/factory/GsonObjectMapperFactory"/>
  </testcase>
  <testcase name="testGetJsapiTicket" classname="com.github.binarywang.demo.wx.mp.controller.WxJsapiControllerTest" time="0">
    <skipped message="io/restassured/mapper/factory/GsonObjectMapperFactory"/>
  </testcase>
  <testcase name="testGetJsapiTicket" classname="com.github.binarywang.demo.wx.mp.controller.WxJsapiControllerTest" time="0">
    <skipped message="io/restassured/mapper/factory/GsonObjectMapperFactory"/>
  </testcase>
  <testcase name="testGetJsapiTicket" classname="com.github.binarywang.demo.wx.mp.controller.WxJsapiControllerTest" time="0">
    <skipped message="io/restassured/mapper/factory/GsonObjectMapperFactory"/>
  </testcase>
  <testcase name="testGetJsapiTicket" classname="com.github.binarywang.demo.wx.mp.controller.WxJsapiControllerTest" time="0">
    <skipped message="io/restassured/mapper/factory/GsonObjectMapperFactory"/>
  </testcase>
  <testcase name="testGetJsapiTicket" classname="com.github.binarywang.demo.wx.mp.controller.WxJsapiControllerTest" time="0">
    <skipped message="io/restassured/mapper/factory/GsonObjectMapperFactory"/>
  </testcase>
  <testcase name="testGetJsapiTicket" classname="com.github.binarywang.demo.wx.mp.controller.WxJsapiControllerTest" time="0">
    <skipped message="io/restassured/mapper/factory/GsonObjectMapperFactory"/>
  </testcase>
  <testcase name="testGetJsapiTicket" classname="com.github.binarywang.demo.wx.mp.controller.WxJsapiControllerTest" time="0">
    <skipped message="io/restassured/mapper/factory/GsonObjectMapperFactory"/>
  </testcase>
  <testcase name="testGetJsapiTicket" classname="com.github.binarywang.demo.wx.mp.controller.WxJsapiControllerTest" time="0">
    <skipped message="io/restassured/mapper/factory/GsonObjectMapperFactory"/>
  </testcase>
  <testcase name="testGetJsapiTicket" classname="com.github.binarywang.demo.wx.mp.controller.WxJsapiControllerTest" time="0">
    <skipped message="io/restassured/mapper/factory/GsonObjectMapperFactory"/>
  </testcase>
  <testcase name="testGetJsapiTicket" classname="com.github.binarywang.demo.wx.mp.controller.WxJsapiControllerTest" time="0">
    <skipped message="io/restassured/mapper/factory/GsonObjectMapperFactory"/>
  </testcase>
  <testcase name="testGetJsapiTicket" classname="com.github.binarywang.demo.wx.mp.controller.WxJsapiControllerTest" time="0">
    <skipped message="io/restassured/mapper/factory/GsonObjectMapperFactory"/>
  </testcase>
  <testcase name="testGetJsapiTicket" classname="com.github.binarywang.demo.wx.mp.controller.WxJsapiControllerTest" time="0">
    <skipped message="io/restassured/mapper/factory/GsonObjectMapperFactory"/>
  </testcase>
  <testcase name="testGetJsapiTicket" classname="com.github.binarywang.demo.wx.mp.controller.WxJsapiControllerTest" time="0">
    <skipped message="io/restassured/mapper/factory/GsonObjectMapperFactory"/>
  </testcase>
  <testcase name="testGetJsapiTicket" classname="com.github.binarywang.demo.wx.mp.controller.WxJsapiControllerTest" time="0">
    <skipped message="io/restassured/mapper/factory/GsonObjectMapperFactory"/>
  </testcase>
  <testcase name="testGetJsapiTicket" classname="com.github.binarywang.demo.wx.mp.controller.WxJsapiControllerTest" time="0">
    <skipped message="io/restassured/mapper/factory/GsonObjectMapperFactory"/>
  </testcase>
  <testcase name="testGetJsapiTicket" classname="com.github.binarywang.demo.wx.mp.controller.WxJsapiControllerTest" time="0">
    <skipped message="io/restassured/mapper/factory/GsonObjectMapperFactory"/>
  </testcase>
  <testcase name="testGetJsapiTicket" classname="com.github.binarywang.demo.wx.mp.controller.WxJsapiControllerTest" time="0">
    <skipped message="io/restassured/mapper/factory/GsonObjectMapperFactory"/>
  </testcase>
  <testcase name="testGetJsapiTicket" classname="com.github.binarywang.demo.wx.mp.controller.WxJsapiControllerTest" time="0">
    <skipped message="io/restassured/mapper/factory/GsonObjectMapperFactory"/>
  </testcase>
  <testcase name="testGetJsapiTicket" classname="com.github.binarywang.demo.wx.mp.controller.WxJsapiControllerTest" time="0">
    <skipped message="io/restassured/mapper/factory/GsonObjectMapperFactory"/>
  </testcase>
  <testcase name="testGetJsapiTicket" classname="com.github.binarywang.demo.wx.mp.controller.WxJsapiControllerTest" time="0">
    <skipped message="io/restassured/mapper/factory/GsonObjectMapperFactory"/>
  </testcase>
  <testcase name="testGetJsapiTicket" classname="com.github.binarywang.demo.wx.mp.controller.WxJsapiControllerTest" time="0">
    <skipped message="io/restassured/mapper/factory/GsonObjectMapperFactory"/>
  </testcase>
  <testcase name="testGetJsapiTicket" classname="com.github.binarywang.demo.wx.mp.controller.WxJsapiControllerTest" time="0">
    <skipped message="io/restassured/mapper/factory/GsonObjectMapperFactory"/>
  </testcase>
  <testcase name="testGetJsapiTicket" classname="com.github.binarywang.demo.wx.mp.controller.WxJsapiControllerTest" time="0">
    <skipped message="io/restassured/mapper/factory/GsonObjectMapperFactory"/>
  </testcase>
  <testcase name="testGetJsapiTicket" classname="com.github.binarywang.demo.wx.mp.controller.WxJsapiControllerTest" time="0">
    <skipped message="io/restassured/mapper/factory/GsonObjectMapperFactory"/>
  </testcase>
  <testcase name="testGetJsapiTicket" classname="com.github.binarywang.demo.wx.mp.controller.WxJsapiControllerTest" time="0">
    <skipped message="io/restassured/mapper/factory/GsonObjectMapperFactory"/>
  </testcase>
  <testcase name="testGetJsapiTicket" classname="com.github.binarywang.demo.wx.mp.controller.WxJsapiControllerTest" time="0">
    <skipped message="io/restassured/mapper/factory/GsonObjectMapperFactory"/>
  </testcase>
  <testcase name="testGetJsapiTicket" classname="com.github.binarywang.demo.wx.mp.controller.WxJsapiControllerTest" time="0">
    <skipped message="io/restassured/mapper/factory/GsonObjectMapperFactory"/>
  </testcase>
  <testcase name="testGetJsapiTicket" classname="com.github.binarywang.demo.wx.mp.controller.WxJsapiControllerTest" time="0">
    <skipped message="io/restassured/mapper/factory/GsonObjectMapperFactory"/>
  </testcase>
  <testcase name="testGetJsapiTicket" classname="com.github.binarywang.demo.wx.mp.controller.WxJsapiControllerTest" time="0">
    <skipped message="io/restassured/mapper/factory/GsonObjectMapperFactory"/>
  </testcase>
  <testcase name="testGetJsapiTicket" classname="com.github.binarywang.demo.wx.mp.controller.WxJsapiControllerTest" time="0">
    <skipped message="io/restassured/mapper/factory/GsonObjectMapperFactory"/>
  </testcase>
  <testcase name="testGetJsapiTicket" classname="com.github.binarywang.demo.wx.mp.controller.WxJsapiControllerTest" time="0">
    <skipped message="io/restassured/mapper/factory/GsonObjectMapperFactory"/>
  </testcase>
  <testcase name="testGetJsapiTicket" classname="com.github.binarywang.demo.wx.mp.controller.WxJsapiControllerTest" time="0">
    <skipped message="io/restassured/mapper/factory/GsonObjectMapperFactory"/>
  </testcase>
  <testcase name="testGetJsapiTicket" classname="com.github.binarywang.demo.wx.mp.controller.WxJsapiControllerTest" time="0">
    <skipped message="io/restassured/mapper/factory/GsonObjectMapperFactory"/>
  </testcase>
  <testcase name="testGetJsapiTicket" classname="com.github.binarywang.demo.wx.mp.controller.WxJsapiControllerTest" time="0">
    <skipped message="io/restassured/mapper/factory/GsonObjectMapperFactory"/>
  </testcase>
  <testcase name="testGetJsapiTicket" classname="com.github.binarywang.demo.wx.mp.controller.WxJsapiControllerTest" time="0">
    <skipped message="io/restassured/mapper/factory/GsonObjectMapperFactory"/>
  </testcase>
  <testcase name="testGetJsapiTicket" classname="com.github.binarywang.demo.wx.mp.controller.WxJsapiControllerTest" time="0">
    <skipped message="io/restassured/mapper/factory/GsonObjectMapperFactory"/>
  </testcase>
  <testcase name="testGetJsapiTicket" classname="com.github.binarywang.demo.wx.mp.controller.WxJsapiControllerTest" time="0">
    <skipped message="io/restassured/mapper/factory/GsonObjectMapperFactory"/>
  </testcase>
  <testcase name="testGetJsapiTicket" classname="com.github.binarywang.demo.wx.mp.controller.WxJsapiControllerTest" time="0">
    <skipped message="io/restassured/mapper/factory/GsonObjectMapperFactory"/>
  </testcase>
  <testcase name="testGetJsapiTicket" classname="com.github.binarywang.demo.wx.mp.controller.WxJsapiControllerTest" time="0">
    <skipped message="io/restassured/mapper/factory/GsonObjectMapperFactory"/>
  </testcase>
  <testcase name="testGetJsapiTicket" classname="com.github.binarywang.demo.wx.mp.controller.WxJsapiControllerTest" time="0">
    <skipped message="io/restassured/mapper/factory/GsonObjectMapperFactory"/>
  </testcase>
  <testcase name="testGetJsapiTicket" classname="com.github.binarywang.demo.wx.mp.controller.WxJsapiControllerTest" time="0">
    <skipped message="io/restassured/mapper/factory/GsonObjectMapperFactory"/>
  </testcase>
  <testcase name="testGetJsapiTicket" classname="com.github.binarywang.demo.wx.mp.controller.WxJsapiControllerTest" time="0">
    <skipped message="io/restassured/mapper/factory/GsonObjectMapperFactory"/>
  </testcase>
  <testcase name="testGetJsapiTicket" classname="com.github.binarywang.demo.wx.mp.controller.WxJsapiControllerTest" time="0">
    <skipped message="io/restassured/mapper/factory/GsonObjectMapperFactory"/>
  </testcase>
  <testcase name="testGetJsapiTicket" classname="com.github.binarywang.demo.wx.mp.controller.WxJsapiControllerTest" time="0">
    <skipped message="io/restassured/mapper/factory/GsonObjectMapperFactory"/>
  </testcase>
  <testcase name="testGetJsapiTicket" classname="com.github.binarywang.demo.wx.mp.controller.WxJsapiControllerTest" time="0">
    <skipped message="io/restassured/mapper/factory/GsonObjectMapperFactory"/>
  </testcase>
  <testcase name="testGetJsapiTicket" classname="com.github.binarywang.demo.wx.mp.controller.WxJsapiControllerTest" time="0">
    <skipped message="io/restassured/mapper/factory/GsonObjectMapperFactory"/>
  </testcase>
  <testcase name="testGetJsapiTicket" classname="com.github.binarywang.demo.wx.mp.controller.WxJsapiControllerTest" time="0">
    <skipped message="io/restassured/mapper/factory/GsonObjectMapperFactory"/>
  </testcase>
  <testcase name="testGetJsapiTicket" classname="com.github.binarywang.demo.wx.mp.controller.WxJsapiControllerTest" time="0">
    <skipped message="io/restassured/mapper/factory/GsonObjectMapperFactory"/>
  </testcase>
  <testcase name="testGetJsapiTicket" classname="com.github.binarywang.demo.wx.mp.controller.WxJsapiControllerTest" time="0">
    <skipped message="io/restassured/mapper/factory/GsonObjectMapperFactory"/>
  </testcase>
  <testcase name="testGetJsapiTicket" classname="com.github.binarywang.demo.wx.mp.controller.WxJsapiControllerTest" time="0">
    <skipped message="io/restassured/mapper/factory/GsonObjectMapperFactory"/>
  </testcase>
  <testcase name="testGetJsapiTicket" classname="com.github.binarywang.demo.wx.mp.controller.WxJsapiControllerTest" time="0">
    <skipped message="io/restassured/mapper/factory/GsonObjectMapperFactory"/>
  </testcase>
  <testcase name="testGetJsapiTicket" classname="com.github.binarywang.demo.wx.mp.controller.WxJsapiControllerTest" time="0">
    <skipped message="io/restassured/mapper/factory/GsonObjectMapperFactory"/>
  </testcase>
  <testcase name="testGetJsapiTicket" classname="com.github.binarywang.demo.wx.mp.controller.WxJsapiControllerTest" time="0">
    <skipped message="io/restassured/mapper/factory/GsonObjectMapperFactory"/>
  </testcase>
  <testcase name="testGetJsapiTicket" classname="com.github.binarywang.demo.wx.mp.controller.WxJsapiControllerTest" time="0">
    <skipped message="io/restassured/mapper/factory/GsonObjectMapperFactory"/>
  </testcase>
  <testcase name="testGetJsapiTicket" classname="com.github.binarywang.demo.wx.mp.controller.WxJsapiControllerTest" time="0">
    <skipped message="io/restassured/mapper/factory/GsonObjectMapperFactory"/>
  </testcase>
  <testcase name="testGetJsapiTicket" classname="com.github.binarywang.demo.wx.mp.controller.WxJsapiControllerTest" time="0">
    <skipped message="io/restassured/mapper/factory/GsonObjectMapperFactory"/>
  </testcase>
  <testcase name="testGetJsapiTicket" classname="com.github.binarywang.demo.wx.mp.controller.WxJsapiControllerTest" time="0">
    <skipped message="io/restassured/mapper/factory/GsonObjectMapperFactory"/>
  </testcase>
  <testcase name="testGetJsapiTicket" classname="com.github.binarywang.demo.wx.mp.controller.WxJsapiControllerTest" time="0">
    <skipped message="io/restassured/mapper/factory/GsonObjectMapperFactory"/>
  </testcase>
  <testcase name="testGetJsapiTicket" classname="com.github.binarywang.demo.wx.mp.controller.WxJsapiControllerTest" time="0">
    <skipped message="io/restassured/mapper/factory/GsonObjectMapperFactory"/>
  </testcase>
  <testcase name="testGetJsapiTicket" classname="com.github.binarywang.demo.wx.mp.controller.WxJsapiControllerTest" time="0">
    <skipped message="io/restassured/mapper/factory/GsonObjectMapperFactory"/>
  </testcase>
  <testcase name="testGetJsapiTicket" classname="com.github.binarywang.demo.wx.mp.controller.WxJsapiControllerTest" time="0">
    <skipped message="io/restassured/mapper/factory/GsonObjectMapperFactory"/>
  </testcase>
  <testcase name="testGetJsapiTicket" classname="com.github.binarywang.demo.wx.mp.controller.WxJsapiControllerTest" time="0">
    <skipped message="io/restassured/mapper/factory/GsonObjectMapperFactory"/>
  </testcase>
  <testcase name="testGetJsapiTicket" classname="com.github.binarywang.demo.wx.mp.controller.WxJsapiControllerTest" time="0">
    <skipped message="io/restassured/mapper/factory/GsonObjectMapperFactory"/>
  </testcase>
  <testcase name="testGetJsapiTicket" classname="com.github.binarywang.demo.wx.mp.controller.WxJsapiControllerTest" time="0">
    <skipped message="io/restassured/mapper/factory/GsonObjectMapperFactory"/>
  </testcase>
  <testcase name="testGetJsapiTicket" classname="com.github.binarywang.demo.wx.mp.controller.WxJsapiControllerTest" time="0">
    <skipped message="io/restassured/mapper/factory/GsonObjectMapperFactory"/>
  </testcase>
  <testcase name="testGetJsapiTicket" classname="com.github.binarywang.demo.wx.mp.controller.WxJsapiControllerTest" time="0">
    <skipped message="io/restassured/mapper/factory/GsonObjectMapperFactory"/>
  </testcase>
  <testcase name="testGetJsapiTicket" classname="com.github.binarywang.demo.wx.mp.controller.WxJsapiControllerTest" time="0">
    <skipped message="io/restassured/mapper/factory/GsonObjectMapperFactory"/>
  </testcase>
  <testcase name="testGetJsapiTicket" classname="com.github.binarywang.demo.wx.mp.controller.WxJsapiControllerTest" time="0">
    <skipped message="io/restassured/mapper/factory/GsonObjectMapperFactory"/>
  </testcase>
  <testcase name="testGetJsapiTicket" classname="com.github.binarywang.demo.wx.mp.controller.WxJsapiControllerTest" time="0">
    <skipped message="io/restassured/mapper/factory/GsonObjectMapperFactory"/>
  </testcase>
  <testcase name="testGetJsapiTicket" classname="com.github.binarywang.demo.wx.mp.controller.WxJsapiControllerTest" time="0">
    <skipped message="io/restassured/mapper/factory/GsonObjectMapperFactory"/>
  </testcase>
  <testcase name="testGetJsapiTicket" classname="com.github.binarywang.demo.wx.mp.controller.WxJsapiControllerTest" time="0">
    <skipped message="io/restassured/mapper/factory/GsonObjectMapperFactory"/>
  </testcase>
  <testcase name="testGetJsapiTicket" classname="com.github.binarywang.demo.wx.mp.controller.WxJsapiControllerTest" time="0">
    <skipped message="io/restassured/mapper/factory/GsonObjectMapperFactory"/>
  </testcase>
  <testcase name="testGetJsapiTicket" classname="com.github.binarywang.demo.wx.mp.controller.WxJsapiControllerTest" time="0">
    <skipped message="io/restassured/mapper/factory/GsonObjectMapperFactory"/>
  </testcase>
  <testcase name="testGetJsapiTicket" classname="com.github.binarywang.demo.wx.mp.controller.WxJsapiControllerTest" time="0">
    <skipped message="io/restassured/mapper/factory/GsonObjectMapperFactory"/>
  </testcase>
  <testcase name="testGetJsapiTicket" classname="com.github.binarywang.demo.wx.mp.controller.WxJsapiControllerTest" time="0">
    <skipped message="io/restassured/mapper/factory/GsonObjectMapperFactory"/>
  </testcase>
  <testcase name="testGetJsapiTicket" classname="com.github.binarywang.demo.wx.mp.controller.WxJsapiControllerTest" time="0">
    <skipped message="io/restassured/mapper/factory/GsonObjectMapperFactory"/>
  </testcase>
  <testcase name="testGetJsapiTicket" classname="com.github.binarywang.demo.wx.mp.controller.WxJsapiControllerTest" time="0">
    <skipped message="io/restassured/mapper/factory/GsonObjectMapperFactory"/>
  </testcase>
  <testcase name="testGetJsapiTicket" classname="com.github.binarywang.demo.wx.mp.controller.WxJsapiControllerTest" time="0">
    <skipped message="io/restassured/mapper/factory/GsonObjectMapperFactory"/>
  </testcase>
  <testcase name="testGetJsapiTicket" classname="com.github.binarywang.demo.wx.mp.controller.WxJsapiControllerTest" time="0">
    <skipped message="io/restassured/mapper/factory/GsonObjectMapperFactory"/>
  </testcase>
  <testcase name="testGetJsapiTicket" classname="com.github.binarywang.demo.wx.mp.controller.WxJsapiControllerTest" time="0">
    <skipped message="io/restassured/mapper/factory/GsonObjectMapperFactory"/>
  </testcase>
  <testcase name="testGetJsapiTicket" classname="com.github.binarywang.demo.wx.mp.controller.WxJsapiControllerTest" time="0">
    <skipped message="io/restassured/mapper/factory/GsonObjectMapperFactory"/>
  </testcase>
  <testcase name="testGetJsapiTicket" classname="com.github.binarywang.demo.wx.mp.controller.WxJsapiControllerTest" time="0">
    <skipped message="io/restassured/mapper/factory/GsonObjectMapperFactory"/>
  </testcase>
  <testcase name="testGetJsapiTicket" classname="com.github.binarywang.demo.wx.mp.controller.WxJsapiControllerTest" time="0">
    <skipped message="io/restassured/mapper/factory/GsonObjectMapperFactory"/>
  </testcase>
  <testcase name="testGetJsapiTicket" classname="com.github.binarywang.demo.wx.mp.controller.WxJsapiControllerTest" time="0">
    <skipped message="io/restassured/mapper/factory/GsonObjectMapperFactory"/>
  </testcase>
  <testcase name="testGetJsapiTicket" classname="com.github.binarywang.demo.wx.mp.controller.WxJsapiControllerTest" time="0">
    <skipped message="io/restassured/mapper/factory/GsonObjectMapperFactory"/>
  </testcase>
  <testcase name="testGetJsapiTicket" classname="com.github.binarywang.demo.wx.mp.controller.WxJsapiControllerTest" time="0">
    <skipped message="io/restassured/mapper/factory/GsonObjectMapperFactory"/>
  </testcase>
  <testcase name="testGetJsapiTicket" classname="com.github.binarywang.demo.wx.mp.controller.WxJsapiControllerTest" time="0">
    <skipped message="io/restassured/mapper/factory/GsonObjectMapperFactory"/>
  </testcase>
  <testcase name="testGetJsapiTicket" classname="com.github.binarywang.demo.wx.mp.controller.WxJsapiControllerTest" time="0">
    <skipped message="io/restassured/mapper/factory/GsonObjectMapperFactory"/>
  </testcase>
  <testcase name="testGetJsapiTicket" classname="com.github.binarywang.demo.wx.mp.controller.WxJsapiControllerTest" time="0">
    <skipped message="io/restassured/mapper/factory/GsonObjectMapperFactory"/>
  </testcase>
  <testcase name="testGetJsapiTicket" classname="com.github.binarywang.demo.wx.mp.controller.WxJsapiControllerTest" time="0">
    <skipped message="io/restassured/mapper/factory/GsonObjectMapperFactory"/>
  </testcase>
  <testcase name="testGetJsapiTicket" classname="com.github.binarywang.demo.wx.mp.controller.WxJsapiControllerTest" time="0">
    <skipped message="io/restassured/mapper/factory/GsonObjectMapperFactory"/>
  </testcase>
  <testcase name="testGetJsapiTicket" classname="com.github.binarywang.demo.wx.mp.controller.WxJsapiControllerTest" time="0">
    <skipped message="io/restassured/mapper/factory/GsonObjectMapperFactory"/>
  </testcase>
  <testcase name="testGetJsapiTicket" classname="com.github.binarywang.demo.wx.mp.controller.WxJsapiControllerTest" time="0">
    <skipped message="io/restassured/mapper/factory/GsonObjectMapperFactory"/>
  </testcase>
  <testcase name="testGetJsapiTicket" classname="com.github.binarywang.demo.wx.mp.controller.WxJsapiControllerTest" time="0">
    <skipped message="io/restassured/mapper/factory/GsonObjectMapperFactory"/>
  </testcase>
  <testcase name="testGetJsapiTicket" classname="com.github.binarywang.demo.wx.mp.controller.WxJsapiControllerTest" time="0">
    <skipped message="io/restassured/mapper/factory/GsonObjectMapperFactory"/>
  </testcase>
  <testcase name="testGetJsapiTicket" classname="com.github.binarywang.demo.wx.mp.controller.WxJsapiControllerTest" time="0">
    <skipped message="io/restassured/mapper/factory/GsonObjectMapperFactory"/>
  </testcase>
  <testcase name="testGetJsapiTicket" classname="com.github.binarywang.demo.wx.mp.controller.WxJsapiControllerTest" time="0">
    <skipped message="io/restassured/mapper/factory/GsonObjectMapperFactory"/>
  </testcase>
  <testcase name="testGetJsapiTicket" classname="com.github.binarywang.demo.wx.mp.controller.WxJsapiControllerTest" time="0">
    <skipped message="io/restassured/mapper/factory/GsonObjectMapperFactory"/>
  </testcase>
  <testcase name="testGetJsapiTicket" classname="com.github.binarywang.demo.wx.mp.controller.WxJsapiControllerTest" time="0">
    <skipped message="io/restassured/mapper/factory/GsonObjectMapperFactory"/>
  </testcase>
  <testcase name="testGetJsapiTicket" classname="com.github.binarywang.demo.wx.mp.controller.WxJsapiControllerTest" time="0">
    <skipped message="io/restassured/mapper/factory/GsonObjectMapperFactory"/>
  </testcase>
  <testcase name="testGetJsapiTicket" classname="com.github.binarywang.demo.wx.mp.controller.WxJsapiControllerTest" time="0">
    <skipped message="io/restassured/mapper/factory/GsonObjectMapperFactory"/>
  </testcase>
  <testcase name="testGetJsapiTicket" classname="com.github.binarywang.demo.wx.mp.controller.WxJsapiControllerTest" time="0">
    <skipped message="io/restassured/mapper/factory/GsonObjectMapperFactory"/>
  </testcase>
  <testcase name="testGetJsapiTicket" classname="com.github.binarywang.demo.wx.mp.controller.WxJsapiControllerTest" time="0">
    <skipped message="io/restassured/mapper/factory/GsonObjectMapperFactory"/>
  </testcase>
  <testcase name="testGetJsapiTicket" classname="com.github.binarywang.demo.wx.mp.controller.WxJsapiControllerTest" time="0">
    <skipped message="io/restassured/mapper/factory/GsonObjectMapperFactory"/>
  </testcase>
  <testcase name="testGetJsapiTicket" classname="com.github.binarywang.demo.wx.mp.controller.WxJsapiControllerTest" time="0">
    <skipped message="io/restassured/mapper/factory/GsonObjectMapperFactory"/>
  </testcase>
  <testcase name="testGetJsapiTicket" classname="com.github.binarywang.demo.wx.mp.controller.WxJsapiControllerTest" time="0">
    <skipped message="io/restassured/mapper/factory/GsonObjectMapperFactory"/>
  </testcase>
  <testcase name="testGetJsapiTicket" classname="com.github.binarywang.demo.wx.mp.controller.WxJsapiControllerTest" time="0">
    <skipped message="io/restassured/mapper/factory/GsonObjectMapperFactory"/>
  </testcase>
  <testcase name="testGetJsapiTicket" classname="com.github.binarywang.demo.wx.mp.controller.WxJsapiControllerTest" time="0">
    <skipped message="io/restassured/mapper/factory/GsonObjectMapperFactory"/>
  </testcase>
  <testcase name="testGetJsapiTicket" classname="com.github.binarywang.demo.wx.mp.controller.WxJsapiControllerTest" time="0">
    <skipped message="io/restassured/mapper/factory/GsonObjectMapperFactory"/>
  </testcase>
  <testcase name="testGetJsapiTicket" classname="com.github.binarywang.demo.wx.mp.controller.WxJsapiControllerTest" time="0">
    <skipped message="io/restassured/mapper/factory/GsonObjectMapperFactory"/>
  </testcase>
  <testcase name="testGetJsapiTicket" classname="com.github.binarywang.demo.wx.mp.controller.WxJsapiControllerTest" time="0">
    <skipped message="io/restassured/mapper/factory/GsonObjectMapperFactory"/>
  </testcase>
  <testcase name="testGetJsapiTicket" classname="com.github.binarywang.demo.wx.mp.controller.WxJsapiControllerTest" time="0">
    <skipped message="io/restassured/mapper/factory/GsonObjectMapperFactory"/>
  </testcase>
  <testcase name="testGetJsapiTicket" classname="com.github.binarywang.demo.wx.mp.controller.WxJsapiControllerTest" time="0">
    <skipped message="io/restassured/mapper/factory/GsonObjectMapperFactory"/>
  </testcase>
  <testcase name="testGetJsapiTicket" classname="com.github.binarywang.demo.wx.mp.controller.WxJsapiControllerTest" time="0">
    <skipped message="io/restassured/mapper/factory/GsonObjectMapperFactory"/>
  </testcase>
  <testcase name="testGetJsapiTicket" classname="com.github.binarywang.demo.wx.mp.controller.WxJsapiControllerTest" time="0">
    <skipped message="io/restassured/mapper/factory/GsonObjectMapperFactory"/>
  </testcase>
  <testcase name="testGetJsapiTicket" classname="com.github.binarywang.demo.wx.mp.controller.WxJsapiControllerTest" time="0">
    <skipped message="io/restassured/mapper/factory/GsonObjectMapperFactory"/>
  </testcase>
  <testcase name="testGetJsapiTicket" classname="com.github.binarywang.demo.wx.mp.controller.WxJsapiControllerTest" time="0">
    <skipped message="io/restassured/mapper/factory/GsonObjectMapperFactory"/>
  </testcase>
  <testcase name="testGetJsapiTicket" classname="com.github.binarywang.demo.wx.mp.controller.WxJsapiControllerTest" time="0">
    <skipped message="io/restassured/mapper/factory/GsonObjectMapperFactory"/>
  </testcase>
  <testcase name="testGetJsapiTicket" classname="com.github.binarywang.demo.wx.mp.controller.WxJsapiControllerTest" time="0">
    <skipped message="io/restassured/mapper/factory/GsonObjectMapperFactory"/>
  </testcase>
  <testcase name="testGetJsapiTicket" classname="com.github.binarywang.demo.wx.mp.controller.WxJsapiControllerTest" time="0">
    <skipped message="io/restassured/mapper/factory/GsonObjectMapperFactory"/>
  </testcase>
  <testcase name="testGetJsapiTicket" classname="com.github.binarywang.demo.wx.mp.controller.WxJsapiControllerTest" time="0">
    <skipped message="io/restassured/mapper/factory/GsonObjectMapperFactory"/>
  </testcase>
  <testcase name="testGetJsapiTicket" classname="com.github.binarywang.demo.wx.mp.controller.WxJsapiControllerTest" time="0">
    <skipped message="io/restassured/mapper/factory/GsonObjectMapperFactory"/>
  </testcase>
  <testcase name="testGetJsapiTicket" classname="com.github.binarywang.demo.wx.mp.controller.WxJsapiControllerTest" time="0">
    <skipped message="io/restassured/mapper/factory/GsonObjectMapperFactory"/>
  </testcase>
  <testcase name="testGetJsapiTicket" classname="com.github.binarywang.demo.wx.mp.controller.WxJsapiControllerTest" time="0">
    <skipped message="io/restassured/mapper/factory/GsonObjectMapperFactory"/>
  </testcase>
  <testcase name="testGetJsapiTicket" classname="com.github.binarywang.demo.wx.mp.controller.WxJsapiControllerTest" time="0">
    <skipped message="io/restassured/mapper/factory/GsonObjectMapperFactory"/>
  </testcase>
  <testcase name="testGetJsapiTicket" classname="com.github.binarywang.demo.wx.mp.controller.WxJsapiControllerTest" time="0">
    <skipped message="io/restassured/mapper/factory/GsonObjectMapperFactory"/>
  </testcase>
  <testcase name="testGetJsapiTicket" classname="com.github.binarywang.demo.wx.mp.controller.WxJsapiControllerTest" time="0">
    <skipped message="io/restassured/mapper/factory/GsonObjectMapperFactory"/>
  </testcase>
  <testcase name="testGetJsapiTicket" classname="com.github.binarywang.demo.wx.mp.controller.WxJsapiControllerTest" time="0">
    <skipped message="io/restassured/mapper/factory/GsonObjectMapperFactory"/>
  </testcase>
  <testcase name="testGetJsapiTicket" classname="com.github.binarywang.demo.wx.mp.controller.WxJsapiControllerTest" time="0">
    <skipped message="io/restassured/mapper/factory/GsonObjectMapperFactory"/>
  </testcase>
  <testcase name="testGetJsapiTicket" classname="com.github.binarywang.demo.wx.mp.controller.WxJsapiControllerTest" time="0">
    <skipped message="io/restassured/mapper/factory/GsonObjectMapperFactory"/>
  </testcase>
  <testcase name="testGetJsapiTicket" classname="com.github.binarywang.demo.wx.mp.controller.WxJsapiControllerTest" time="0">
    <skipped message="io/restassured/mapper/factory/GsonObjectMapperFactory"/>
  </testcase>
  <testcase name="testGetJsapiTicket" classname="com.github.binarywang.demo.wx.mp.controller.WxJsapiControllerTest" time="0">
    <skipped message="io/restassured/mapper/factory/GsonObjectMapperFactory"/>
  </testcase>
  <testcase name="testGetJsapiTicket" classname="com.github.binarywang.demo.wx.mp.controller.WxJsapiControllerTest" time="0">
    <skipped message="io/restassured/mapper/factory/GsonObjectMapperFactory"/>
  </testcase>
  <testcase name="testGetJsapiTicket" classname="com.github.binarywang.demo.wx.mp.controller.WxJsapiControllerTest" time="0">
    <skipped message="io/restassured/mapper/factory/GsonObjectMapperFactory"/>
  </testcase>
  <testcase name="testGetJsapiTicket" classname="com.github.binarywang.demo.wx.mp.controller.WxJsapiControllerTest" time="0">
    <skipped message="io/restassured/mapper/factory/GsonObjectMapperFactory"/>
  </testcase>
  <testcase name="testGetJsapiTicket" classname="com.github.binarywang.demo.wx.mp.controller.WxJsapiControllerTest" time="0">
    <skipped message="io/restassured/mapper/factory/GsonObjectMapperFactory"/>
  </testcase>
  <testcase name="testGetJsapiTicket" classname="com.github.binarywang.demo.wx.mp.controller.WxJsapiControllerTest" time="0">
    <skipped message="io/restassured/mapper/factory/GsonObjectMapperFactory"/>
  </testcase>
  <testcase name="testGetJsapiTicket" classname="com.github.binarywang.demo.wx.mp.controller.WxJsapiControllerTest" time="0">
    <skipped message="io/restassured/mapper/factory/GsonObjectMapperFactory"/>
  </testcase>
  <testcase name="testGetJsapiTicket" classname="com.github.binarywang.demo.wx.mp.controller.WxJsapiControllerTest" time="0">
    <skipped message="io/restassured/mapper/factory/GsonObjectMapperFactory"/>
  </testcase>
  <testcase name="testGetJsapiTicket" classname="com.github.binarywang.demo.wx.mp.controller.WxJsapiControllerTest" time="0">
    <skipped message="io/restassured/mapper/factory/GsonObjectMapperFactory"/>
  </testcase>
  <testcase name="testGetJsapiTicket" classname="com.github.binarywang.demo.wx.mp.controller.WxJsapiControllerTest" time="0">
    <skipped message="io/restassured/mapper/factory/GsonObjectMapperFactory"/>
  </testcase>
  <testcase name="testGetJsapiTicket" classname="com.github.binarywang.demo.wx.mp.controller.WxJsapiControllerTest" time="0">
    <skipped message="io/restassured/mapper/factory/GsonObjectMapperFactory"/>
  </testcase>
  <testcase name="testGetJsapiTicket" classname="com.github.binarywang.demo.wx.mp.controller.WxJsapiControllerTest" time="0">
    <skipped message="io/restassured/mapper/factory/GsonObjectMapperFactory"/>
  </testcase>
  <testcase name="testGetJsapiTicket" classname="com.github.binarywang.demo.wx.mp.controller.WxJsapiControllerTest" time="0">
    <skipped message="io/restassured/mapper/factory/GsonObjectMapperFactory"/>
  </testcase>
  <testcase name="testGetJsapiTicket" classname="com.github.binarywang.demo.wx.mp.controller.WxJsapiControllerTest" time="0">
    <skipped message="io/restassured/mapper/factory/GsonObjectMapperFactory"/>
  </testcase>
  <testcase name="testGetJsapiTicket" classname="com.github.binarywang.demo.wx.mp.controller.WxJsapiControllerTest" time="0">
    <skipped message="io/restassured/mapper/factory/GsonObjectMapperFactory"/>
  </testcase>
  <testcase name="testGetJsapiTicket" classname="com.github.binarywang.demo.wx.mp.controller.WxJsapiControllerTest" time="0">
    <skipped message="io/restassured/mapper/factory/GsonObjectMapperFactory"/>
  </testcase>
  <testcase name="testGetJsapiTicket" classname="com.github.binarywang.demo.wx.mp.controller.WxJsapiControllerTest" time="0">
    <skipped message="io/restassured/mapper/factory/GsonObjectMapperFactory"/>
  </testcase>
  <testcase name="testGetJsapiTicket" classname="com.github.binarywang.demo.wx.mp.controller.WxJsapiControllerTest" time="0">
    <skipped message="io/restassured/mapper/factory/GsonObjectMapperFactory"/>
  </testcase>
  <testcase name="testGetJsapiTicket" classname="com.github.binarywang.demo.wx.mp.controller.WxJsapiControllerTest" time="0">
    <skipped message="io/restassured/mapper/factory/GsonObjectMapperFactory"/>
  </testcase>
  <testcase name="testGetJsapiTicket" classname="com.github.binarywang.demo.wx.mp.controller.WxJsapiControllerTest" time="0">
    <skipped message="io/restassured/mapper/factory/GsonObjectMapperFactory"/>
  </testcase>
  <testcase name="testGetJsapiTicket" classname="com.github.binarywang.demo.wx.mp.controller.WxJsapiControllerTest" time="0">
    <skipped message="io/restassured/mapper/factory/GsonObjectMapperFactory"/>
  </testcase>
  <testcase name="testGetJsapiTicket" classname="com.github.binarywang.demo.wx.mp.controller.WxJsapiControllerTest" time="0">
    <skipped message="io/restassured/mapper/factory/GsonObjectMapperFactory"/>
  </testcase>
  <testcase name="testGetJsapiTicket" classname="com.github.binarywang.demo.wx.mp.controller.WxJsapiControllerTest" time="0">
    <skipped message="io/restassured/mapper/factory/GsonObjectMapperFactory"/>
  </testcase>
  <testcase name="testGetJsapiTicket" classname="com.github.binarywang.demo.wx.mp.controller.WxJsapiControllerTest" time="0">
    <skipped message="io/restassured/mapper/factory/GsonObjectMapperFactory"/>
  </testcase>
  <testcase name="testGetJsapiTicket" classname="com.github.binarywang.demo.wx.mp.controller.WxJsapiControllerTest" time="0">
    <skipped message="io/restassured/mapper/factory/GsonObjectMapperFactory"/>
  </testcase>
  <testcase name="testGetJsapiTicket" classname="com.github.binarywang.demo.wx.mp.controller.WxJsapiControllerTest" time="0">
    <skipped message="io/restassured/mapper/factory/GsonObjectMapperFactory"/>
  </testcase>
  <testcase name="testGetJsapiTicket" classname="com.github.binarywang.demo.wx.mp.controller.WxJsapiControllerTest" time="0">
    <skipped message="io/restassured/mapper/factory/GsonObjectMapperFactory"/>
  </testcase>
  <testcase name="testGetJsapiTicket" classname="com.github.binarywang.demo.wx.mp.controller.WxJsapiControllerTest" time="0">
    <skipped message="io/restassured/mapper/factory/GsonObjectMapperFactory"/>
  </testcase>
  <testcase name="testGetJsapiTicket" classname="com.github.binarywang.demo.wx.mp.controller.WxJsapiControllerTest" time="0">
    <skipped message="io/restassured/mapper/factory/GsonObjectMapperFactory"/>
  </testcase>
  <testcase name="testGetJsapiTicket" classname="com.github.binarywang.demo.wx.mp.controller.WxJsapiControllerTest" time="0">
    <skipped message="io/restassured/mapper/factory/GsonObjectMapperFactory"/>
  </testcase>
  <testcase name="testGetJsapiTicket" classname="com.github.binarywang.demo.wx.mp.controller.WxJsapiControllerTest" time="0">
    <skipped message="io/restassured/mapper/factory/GsonObjectMapperFactory"/>
  </testcase>
  <testcase name="testGetJsapiTicket" classname="com.github.binarywang.demo.wx.mp.controller.WxJsapiControllerTest" time="0">
    <skipped message="io/restassured/mapper/factory/GsonObjectMapperFactory"/>
  </testcase>
  <testcase name="testGetJsapiTicket" classname="com.github.binarywang.demo.wx.mp.controller.WxJsapiControllerTest" time="0">
    <skipped message="io/restassured/mapper/factory/GsonObjectMapperFactory"/>
  </testcase>
  <testcase name="testGetJsapiTicket" classname="com.github.binarywang.demo.wx.mp.controller.WxJsapiControllerTest" time="0">
    <skipped message="io/restassured/mapper/factory/GsonObjectMapperFactory"/>
  </testcase>
  <testcase name="testGetJsapiTicket" classname="com.github.binarywang.demo.wx.mp.controller.WxJsapiControllerTest" time="0">
    <skipped message="io/restassured/mapper/factory/GsonObjectMapperFactory"/>
  </testcase>
  <testcase name="testGetJsapiTicket" classname="com.github.binarywang.demo.wx.mp.controller.WxJsapiControllerTest" time="0">
    <skipped message="io/restassured/mapper/factory/GsonObjectMapperFactory"/>
  </testcase>
  <testcase name="testGetJsapiTicket" classname="com.github.binarywang.demo.wx.mp.controller.WxJsapiControllerTest" time="0">
    <skipped message="io/restassured/mapper/factory/GsonObjectMapperFactory"/>
  </testcase>
  <testcase name="testGetJsapiTicket" classname="com.github.binarywang.demo.wx.mp.controller.WxJsapiControllerTest" time="0">
    <skipped message="io/restassured/mapper/factory/GsonObjectMapperFactory"/>
  </testcase>
  <testcase name="testGetJsapiTicket" classname="com.github.binarywang.demo.wx.mp.controller.WxJsapiControllerTest" time="0">
    <skipped message="io/restassured/mapper/factory/GsonObjectMapperFactory"/>
  </testcase>
  <testcase name="testGetJsapiTicket" classname="com.github.binarywang.demo.wx.mp.controller.WxJsapiControllerTest" time="0">
    <skipped message="io/restassured/mapper/factory/GsonObjectMapperFactory"/>
  </testcase>
  <testcase name="testGetJsapiTicket" classname="com.github.binarywang.demo.wx.mp.controller.WxJsapiControllerTest" time="0">
    <skipped message="io/restassured/mapper/factory/GsonObjectMapperFactory"/>
  </testcase>
  <testcase name="testGetJsapiTicket" classname="com.github.binarywang.demo.wx.mp.controller.WxJsapiControllerTest" time="0">
    <skipped message="io/restassured/mapper/factory/GsonObjectMapperFactory"/>
  </testcase>
  <testcase name="testGetJsapiTicket" classname="com.github.binarywang.demo.wx.mp.controller.WxJsapiControllerTest" time="0">
    <skipped message="io/restassured/mapper/factory/GsonObjectMapperFactory"/>
  </testcase>
  <testcase name="testGetJsapiTicket" classname="com.github.binarywang.demo.wx.mp.controller.WxJsapiControllerTest" time="0">
    <skipped message="io/restassured/mapper/factory/GsonObjectMapperFactory"/>
  </testcase>
  <testcase name="testGetJsapiTicket" classname="com.github.binarywang.demo.wx.mp.controller.WxJsapiControllerTest" time="0">
    <skipped message="io/restassured/mapper/factory/GsonObjectMapperFactory"/>
  </testcase>
  <testcase name="testGetJsapiTicket" classname="com.github.binarywang.demo.wx.mp.controller.WxJsapiControllerTest" time="0">
    <skipped message="io/restassured/mapper/factory/GsonObjectMapperFactory"/>
  </testcase>
  <testcase name="testGetJsapiTicket" classname="com.github.binarywang.demo.wx.mp.controller.WxJsapiControllerTest" time="0">
    <skipped message="io/restassured/mapper/factory/GsonObjectMapperFactory"/>
  </testcase>
  <testcase name="testGetJsapiTicket" classname="com.github.binarywang.demo.wx.mp.controller.WxJsapiControllerTest" time="0">
    <skipped message="io/restassured/mapper/factory/GsonObjectMapperFactory"/>
  </testcase>
  <testcase name="testGetJsapiTicket" classname="com.github.binarywang.demo.wx.mp.controller.WxJsapiControllerTest" time="0">
    <skipped message="io/restassured/mapper/factory/GsonObjectMapperFactory"/>
  </testcase>
  <testcase name="testGetJsapiTicket" classname="com.github.binarywang.demo.wx.mp.controller.WxJsapiControllerTest" time="0">
    <skipped message="io/restassured/mapper/factory/GsonObjectMapperFactory"/>
  </testcase>
  <testcase name="testGetJsapiTicket" classname="com.github.binarywang.demo.wx.mp.controller.WxJsapiControllerTest" time="0">
    <skipped message="io/restassured/mapper/factory/GsonObjectMapperFactory"/>
  </testcase>
  <testcase name="testGetJsapiTicket" classname="com.github.binarywang.demo.wx.mp.controller.WxJsapiControllerTest" time="0">
    <skipped message="io/restassured/mapper/factory/GsonObjectMapperFactory"/>
  </testcase>
  <testcase name="testGetJsapiTicket" classname="com.github.binarywang.demo.wx.mp.controller.WxJsapiControllerTest" time="0">
    <skipped message="io/restassured/mapper/factory/GsonObjectMapperFactory"/>
  </testcase>
  <testcase name="testGetJsapiTicket" classname="com.github.binarywang.demo.wx.mp.controller.WxJsapiControllerTest" time="0">
    <skipped message="io/restassured/mapper/factory/GsonObjectMapperFactory"/>
  </testcase>
  <testcase name="testGetJsapiTicket" classname="com.github.binarywang.demo.wx.mp.controller.WxJsapiControllerTest" time="0">
    <skipped message="io/restassured/mapper/factory/GsonObjectMapperFactory"/>
  </testcase>
  <testcase name="testGetJsapiTicket" classname="com.github.binarywang.demo.wx.mp.controller.WxJsapiControllerTest" time="0">
    <skipped message="io/restassured/mapper/factory/GsonObjectMapperFactory"/>
  </testcase>
  <testcase name="testGetJsapiTicket" classname="com.github.binarywang.demo.wx.mp.controller.WxJsapiControllerTest" time="0">
    <skipped message="io/restassured/mapper/factory/GsonObjectMapperFactory"/>
  </testcase>
  <testcase name="testGetJsapiTicket" classname="com.github.binarywang.demo.wx.mp.controller.WxJsapiControllerTest" time="0">
    <skipped message="io/restassured/mapper/factory/GsonObjectMapperFactory"/>
  </testcase>
  <testcase name="testGetJsapiTicket" classname="com.github.binarywang.demo.wx.mp.controller.WxJsapiControllerTest" time="0">
    <skipped message="io/restassured/mapper/factory/GsonObjectMapperFactory"/>
  </testcase>
  <testcase name="testGetJsapiTicket" classname="com.github.binarywang.demo.wx.mp.controller.WxJsapiControllerTest" time="0">
    <skipped message="io/restassured/mapper/factory/GsonObjectMapperFactory"/>
  </testcase>
  <testcase name="testGetJsapiTicket" classname="com.github.binarywang.demo.wx.mp.controller.WxJsapiControllerTest" time="0">
    <skipped message="io/restassured/mapper/factory/GsonObjectMapperFactory"/>
  </testcase>
  <testcase name="testGetJsapiTicket" classname="com.github.binarywang.demo.wx.mp.controller.WxJsapiControllerTest" time="0">
    <skipped message="io/restassured/mapper/factory/GsonObjectMapperFactory"/>
  </testcase>
  <testcase name="testGetJsapiTicket" classname="com.github.binarywang.demo.wx.mp.controller.WxJsapiControllerTest" time="0">
    <skipped message="io/restassured/mapper/factory/GsonObjectMapperFactory"/>
  </testcase>
  <testcase name="testGetJsapiTicket" classname="com.github.binarywang.demo.wx.mp.controller.WxJsapiControllerTest" time="0">
    <skipped message="io/restassured/mapper/factory/GsonObjectMapperFactory"/>
  </testcase>
  <testcase name="testGetJsapiTicket" classname="com.github.binarywang.demo.wx.mp.controller.WxJsapiControllerTest" time="0">
    <skipped message="io/restassured/mapper/factory/GsonObjectMapperFactory"/>
  </testcase>
  <testcase name="testGetJsapiTicket" classname="com.github.binarywang.demo.wx.mp.controller.WxJsapiControllerTest" time="0">
    <skipped message="io/restassured/mapper/factory/GsonObjectMapperFactory"/>
  </testcase>
  <testcase name="testGetJsapiTicket" classname="com.github.binarywang.demo.wx.mp.controller.WxJsapiControllerTest" time="0">
    <skipped message="io/restassured/mapper/factory/GsonObjectMapperFactory"/>
  </testcase>
  <testcase name="testGetJsapiTicket" classname="com.github.binarywang.demo.wx.mp.controller.WxJsapiControllerTest" time="0">
    <skipped message="io/restassured/mapper/factory/GsonObjectMapperFactory"/>
  </testcase>
  <testcase name="testGetJsapiTicket" classname="com.github.binarywang.demo.wx.mp.controller.WxJsapiControllerTest" time="0">
    <skipped message="io/restassured/mapper/factory/GsonObjectMapperFactory"/>
  </testcase>
  <testcase name="testGetJsapiTicket" classname="com.github.binarywang.demo.wx.mp.controller.WxJsapiControllerTest" time="0">
    <skipped message="io/restassured/mapper/factory/GsonObjectMapperFactory"/>
  </testcase>
  <testcase name="testGetJsapiTicket" classname="com.github.binarywang.demo.wx.mp.controller.WxJsapiControllerTest" time="0">
    <skipped message="io/restassured/mapper/factory/GsonObjectMapperFactory"/>
  </testcase>
  <testcase name="testGetJsapiTicket" classname="com.github.binarywang.demo.wx.mp.controller.WxJsapiControllerTest" time="0">
    <skipped message="io/restassured/mapper/factory/GsonObjectMapperFactory"/>
  </testcase>
  <testcase name="testGetJsapiTicket" classname="com.github.binarywang.demo.wx.mp.controller.WxJsapiControllerTest" time="0">
    <skipped message="io/restassured/mapper/factory/GsonObjectMapperFactory"/>
  </testcase>
  <testcase name="testGetJsapiTicket" classname="com.github.binarywang.demo.wx.mp.controller.WxJsapiControllerTest" time="0">
    <skipped message="io/restassured/mapper/factory/GsonObjectMapperFactory"/>
  </testcase>
  <testcase name="testGetJsapiTicket" classname="com.github.binarywang.demo.wx.mp.controller.WxJsapiControllerTest" time="0">
    <skipped message="io/restassured/mapper/factory/GsonObjectMapperFactory"/>
  </testcase>
  <testcase name="testGetJsapiTicket" classname="com.github.binarywang.demo.wx.mp.controller.WxJsapiControllerTest" time="0">
    <skipped message="io/restassured/mapper/factory/GsonObjectMapperFactory"/>
  </testcase>
  <testcase name="testGetJsapiTicket" classname="com.github.binarywang.demo.wx.mp.controller.WxJsapiControllerTest" time="0">
    <skipped message="io/restassured/mapper/factory/GsonObjectMapperFactory"/>
  </testcase>
  <testcase name="testGetJsapiTicket" classname="com.github.binarywang.demo.wx.mp.controller.WxJsapiControllerTest" time="0">
    <skipped message="io/restassured/mapper/factory/GsonObjectMapperFactory"/>
  </testcase>
  <testcase name="testGetJsapiTicket" classname="com.github.binarywang.demo.wx.mp.controller.WxJsapiControllerTest" time="0">
    <skipped message="io/restassured/mapper/factory/GsonObjectMapperFactory"/>
  </testcase>
  <testcase name="testGetJsapiTicket" classname="com.github.binarywang.demo.wx.mp.controller.WxJsapiControllerTest" time="0">
    <skipped message="io/restassured/mapper/factory/GsonObjectMapperFactory"/>
  </testcase>
  <testcase name="testGetJsapiTicket" classname="com.github.binarywang.demo.wx.mp.controller.WxJsapiControllerTest" time="0">
    <skipped message="io/restassured/mapper/factory/GsonObjectMapperFactory"/>
  </testcase>
  <testcase name="testGetJsapiTicket" classname="com.github.binarywang.demo.wx.mp.controller.WxJsapiControllerTest" time="0">
    <skipped message="io/restassured/mapper/factory/GsonObjectMapperFactory"/>
  </testcase>
  <testcase name="testGetJsapiTicket" classname="com.github.binarywang.demo.wx.mp.controller.WxJsapiControllerTest" time="0">
    <skipped message="io/restassured/mapper/factory/GsonObjectMapperFactory"/>
  </testcase>
  <testcase name="testGetJsapiTicket" classname="com.github.binarywang.demo.wx.mp.controller.WxJsapiControllerTest" time="0">
    <skipped message="io/restassured/mapper/factory/GsonObjectMapperFactory"/>
  </testcase>
  <testcase name="testGetJsapiTicket" classname="com.github.binarywang.demo.wx.mp.controller.WxJsapiControllerTest" time="0">
    <skipped message="io/restassured/mapper/factory/GsonObjectMapperFactory"/>
  </testcase>
  <testcase name="testGetJsapiTicket" classname="com.github.binarywang.demo.wx.mp.controller.WxJsapiControllerTest" time="0">
    <skipped message="io/restassured/mapper/factory/GsonObjectMapperFactory"/>
  </testcase>
  <testcase name="testGetJsapiTicket" classname="com.github.binarywang.demo.wx.mp.controller.WxJsapiControllerTest" time="0">
    <skipped message="io/restassured/mapper/factory/GsonObjectMapperFactory"/>
  </testcase>
  <testcase name="testGetJsapiTicket" classname="com.github.binarywang.demo.wx.mp.controller.WxJsapiControllerTest" time="0">
    <skipped message="io/restassured/mapper/factory/GsonObjectMapperFactory"/>
  </testcase>
  <testcase name="testGetJsapiTicket" classname="com.github.binarywang.demo.wx.mp.controller.WxJsapiControllerTest" time="0">
    <skipped message="io/restassured/mapper/factory/GsonObjectMapperFactory"/>
  </testcase>
  <testcase name="testGetJsapiTicket" classname="com.github.binarywang.demo.wx.mp.controller.WxJsapiControllerTest" time="0">
    <skipped message="io/restassured/mapper/factory/GsonObjectMapperFactory"/>
  </testcase>
  <testcase name="testGetJsapiTicket" classname="com.github.binarywang.demo.wx.mp.controller.WxJsapiControllerTest" time="0">
    <skipped message="io/restassured/mapper/factory/GsonObjectMapperFactory"/>
  </testcase>
  <testcase name="testGetJsapiTicket" classname="com.github.binarywang.demo.wx.mp.controller.WxJsapiControllerTest" time="0">
    <skipped message="io/restassured/mapper/factory/GsonObjectMapperFactory"/>
  </testcase>
  <testcase name="testGetJsapiTicket" classname="com.github.binarywang.demo.wx.mp.controller.WxJsapiControllerTest" time="0">
    <skipped message="io/restassured/mapper/factory/GsonObjectMapperFactory"/>
  </testcase>
  <testcase name="testGetJsapiTicket" classname="com.github.binarywang.demo.wx.mp.controller.WxJsapiControllerTest" time="0">
    <skipped message="io/restassured/mapper/factory/GsonObjectMapperFactory"/>
  </testcase>
  <testcase name="testGetJsapiTicket" classname="com.github.binarywang.demo.wx.mp.controller.WxJsapiControllerTest" time="0">
    <skipped message="io/restassured/mapper/factory/GsonObjectMapperFactory"/>
  </testcase>
  <testcase name="testGetJsapiTicket" classname="com.github.binarywang.demo.wx.mp.controller.WxJsapiControllerTest" time="0">
    <skipped message="io/restassured/mapper/factory/GsonObjectMapperFactory"/>
  </testcase>
  <testcase name="testGetJsapiTicket" classname="com.github.binarywang.demo.wx.mp.controller.WxJsapiControllerTest" time="0">
    <skipped message="io/restassured/mapper/factory/GsonObjectMapperFactory"/>
  </testcase>
  <testcase name="testGetJsapiTicket" classname="com.github.binarywang.demo.wx.mp.controller.WxJsapiControllerTest" time="0">
    <skipped message="io/restassured/mapper/factory/GsonObjectMapperFactory"/>
  </testcase>
  <testcase name="testGetJsapiTicket" classname="com.github.binarywang.demo.wx.mp.controller.WxJsapiControllerTest" time="0">
    <skipped message="io/restassured/mapper/factory/GsonObjectMapperFactory"/>
  </testcase>
  <testcase name="testGetJsapiTicket" classname="com.github.binarywang.demo.wx.mp.controller.WxJsapiControllerTest" time="0">
    <skipped message="io/restassured/mapper/factory/GsonObjectMapperFactory"/>
  </testcase>
  <testcase name="testGetJsapiTicket" classname="com.github.binarywang.demo.wx.mp.controller.WxJsapiControllerTest" time="0">
    <skipped message="io/restassured/mapper/factory/GsonObjectMapperFactory"/>
  </testcase>
  <testcase name="testGetJsapiTicket" classname="com.github.binarywang.demo.wx.mp.controller.WxJsapiControllerTest" time="0">
    <skipped message="io/restassured/mapper/factory/GsonObjectMapperFactory"/>
  </testcase>
  <testcase name="testGetJsapiTicket" classname="com.github.binarywang.demo.wx.mp.controller.WxJsapiControllerTest" time="0">
    <skipped message="io/restassured/mapper/factory/GsonObjectMapperFactory"/>
  </testcase>
  <testcase name="testGetJsapiTicket" classname="com.github.binarywang.demo.wx.mp.controller.WxJsapiControllerTest" time="0">
    <skipped message="io/restassured/mapper/factory/GsonObjectMapperFactory"/>
  </testcase>
  <testcase name="testGetJsapiTicket" classname="com.github.binarywang.demo.wx.mp.controller.WxJsapiControllerTest" time="0">
    <skipped message="io/restassured/mapper/factory/GsonObjectMapperFactory"/>
  </testcase>
  <testcase name="testGetJsapiTicket" classname="com.github.binarywang.demo.wx.mp.controller.WxJsapiControllerTest" time="0">
    <skipped message="io/restassured/mapper/factory/GsonObjectMapperFactory"/>
  </testcase>
  <testcase name="testGetJsapiTicket" classname="com.github.binarywang.demo.wx.mp.controller.WxJsapiControllerTest" time="0">
    <skipped message="io/restassured/mapper/factory/GsonObjectMapperFactory"/>
  </testcase>
  <testcase name="testGetJsapiTicket" classname="com.github.binarywang.demo.wx.mp.controller.WxJsapiControllerTest" time="0">
    <skipped message="io/restassured/mapper/factory/GsonObjectMapperFactory"/>
  </testcase>
  <testcase name="testGetJsapiTicket" classname="com.github.binarywang.demo.wx.mp.controller.WxJsapiControllerTest" time="0">
    <skipped message="io/restassured/mapper/factory/GsonObjectMapperFactory"/>
  </testcase>
  <testcase name="testGetJsapiTicket" classname="com.github.binarywang.demo.wx.mp.controller.WxJsapiControllerTest" time="0">
    <skipped message="io/restassured/mapper/factory/GsonObjectMapperFactory"/>
  </testcase>
  <testcase name="testGetJsapiTicket" classname="com.github.binarywang.demo.wx.mp.controller.WxJsapiControllerTest" time="0">
    <skipped message="io/restassured/mapper/factory/GsonObjectMapperFactory"/>
  </testcase>
  <testcase name="testGetJsapiTicket" classname="com.github.binarywang.demo.wx.mp.controller.WxJsapiControllerTest" time="0">
    <skipped message="io/restassured/mapper/factory/GsonObjectMapperFactory"/>
  </testcase>
  <testcase name="testGetJsapiTicket" classname="com.github.binarywang.demo.wx.mp.controller.WxJsapiControllerTest" time="0">
    <skipped message="io/restassured/mapper/factory/GsonObjectMapperFactory"/>
  </testcase>
  <testcase name="testGetJsapiTicket" classname="com.github.binarywang.demo.wx.mp.controller.WxJsapiControllerTest" time="0">
    <skipped message="io/restassured/mapper/factory/GsonObjectMapperFactory"/>
  </testcase>
  <testcase name="testGetJsapiTicket" classname="com.github.binarywang.demo.wx.mp.controller.WxJsapiControllerTest" time="0">
    <skipped message="io/restassured/mapper/factory/GsonObjectMapperFactory"/>
  </testcase>
  <testcase name="testGetJsapiTicket" classname="com.github.binarywang.demo.wx.mp.controller.WxJsapiControllerTest" time="0">
    <skipped message="io/restassured/mapper/factory/GsonObjectMapperFactory"/>
  </testcase>
  <testcase name="testGetJsapiTicket" classname="com.github.binarywang.demo.wx.mp.controller.WxJsapiControllerTest" time="0">
    <skipped message="io/restassured/mapper/factory/GsonObjectMapperFactory"/>
  </testcase>
  <testcase name="testGetJsapiTicket" classname="com.github.binarywang.demo.wx.mp.controller.WxJsapiControllerTest" time="0">
    <skipped message="io/restassured/mapper/factory/GsonObjectMapperFactory"/>
  </testcase>
  <testcase name="testGetJsapiTicket" classname="com.github.binarywang.demo.wx.mp.controller.WxJsapiControllerTest" time="0">
    <skipped message="io/restassured/mapper/factory/GsonObjectMapperFactory"/>
  </testcase>
  <testcase name="testGetJsapiTicket" classname="com.github.binarywang.demo.wx.mp.controller.WxJsapiControllerTest" time="0">
    <skipped message="io/restassured/mapper/factory/GsonObjectMapperFactory"/>
  </testcase>
  <testcase name="testGetJsapiTicket" classname="com.github.binarywang.demo.wx.mp.controller.WxJsapiControllerTest" time="0">
    <skipped message="io/restassured/mapper/factory/GsonObjectMapperFactory"/>
  </testcase>
  <testcase name="testGetJsapiTicket" classname="com.github.binarywang.demo.wx.mp.controller.WxJsapiControllerTest" time="0">
    <skipped message="io/restassured/mapper/factory/GsonObjectMapperFactory"/>
  </testcase>
  <testcase name="testGetJsapiTicket" classname="com.github.binarywang.demo.wx.mp.controller.WxJsapiControllerTest" time="0">
    <skipped message="io/restassured/mapper/factory/GsonObjectMapperFactory"/>
  </testcase>
  <testcase name="testGetJsapiTicket" classname="com.github.binarywang.demo.wx.mp.controller.WxJsapiControllerTest" time="0">
    <skipped message="io/restassured/mapper/factory/GsonObjectMapperFactory"/>
  </testcase>
  <testcase name="testGetJsapiTicket" classname="com.github.binarywang.demo.wx.mp.controller.WxJsapiControllerTest" time="0">
    <skipped message="io/restassured/mapper/factory/GsonObjectMapperFactory"/>
  </testcase>
  <testcase name="testGetJsapiTicket" classname="com.github.binarywang.demo.wx.mp.controller.WxJsapiControllerTest" time="0">
    <skipped message="io/restassured/mapper/factory/GsonObjectMapperFactory"/>
  </testcase>
  <testcase name="testGetJsapiTicket" classname="com.github.binarywang.demo.wx.mp.controller.WxJsapiControllerTest" time="0">
    <skipped message="io/restassured/mapper/factory/GsonObjectMapperFactory"/>
  </testcase>
  <testcase name="testGetJsapiTicket" classname="com.github.binarywang.demo.wx.mp.controller.WxJsapiControllerTest" time="0">
    <skipped message="io/restassured/mapper/factory/GsonObjectMapperFactory"/>
  </testcase>
  <testcase name="testGetJsapiTicket" classname="com.github.binarywang.demo.wx.mp.controller.WxJsapiControllerTest" time="0">
    <skipped message="io/restassured/mapper/factory/GsonObjectMapperFactory"/>
  </testcase>
  <testcase name="testGetJsapiTicket" classname="com.github.binarywang.demo.wx.mp.controller.WxJsapiControllerTest" time="0">
    <skipped message="io/restassured/mapper/factory/GsonObjectMapperFactory"/>
  </testcase>
  <testcase name="testGetJsapiTicket" classname="com.github.binarywang.demo.wx.mp.controller.WxJsapiControllerTest" time="0">
    <skipped message="io/restassured/mapper/factory/GsonObjectMapperFactory"/>
  </testcase>
  <testcase name="testGetJsapiTicket" classname="com.github.binarywang.demo.wx.mp.controller.WxJsapiControllerTest" time="0">
    <skipped message="io/restassured/mapper/factory/GsonObjectMapperFactory"/>
  </testcase>
  <testcase name="testGetJsapiTicket" classname="com.github.binarywang.demo.wx.mp.controller.WxJsapiControllerTest" time="0">
    <skipped message="io/restassured/mapper/factory/GsonObjectMapperFactory"/>
  </testcase>
  <testcase name="testGetJsapiTicket" classname="com.github.binarywang.demo.wx.mp.controller.WxJsapiControllerTest" time="0">
    <skipped message="io/restassured/mapper/factory/GsonObjectMapperFactory"/>
  </testcase>
  <testcase name="testGetJsapiTicket" classname="com.github.binarywang.demo.wx.mp.controller.WxJsapiControllerTest" time="0">
    <skipped message="io/restassured/mapper/factory/GsonObjectMapperFactory"/>
  </testcase>
  <testcase name="testGetJsapiTicket" classname="com.github.binarywang.demo.wx.mp.controller.WxJsapiControllerTest" time="0">
    <skipped message="io/restassured/mapper/factory/GsonObjectMapperFactory"/>
  </testcase>
  <testcase name="testGetJsapiTicket" classname="com.github.binarywang.demo.wx.mp.controller.WxJsapiControllerTest" time="0">
    <skipped message="io/restassured/mapper/factory/GsonObjectMapperFactory"/>
  </testcase>
  <testcase name="testGetJsapiTicket" classname="com.github.binarywang.demo.wx.mp.controller.WxJsapiControllerTest" time="0">
    <skipped message="io/restassured/mapper/factory/GsonObjectMapperFactory"/>
  </testcase>
  <testcase name="testGetJsapiTicket" classname="com.github.binarywang.demo.wx.mp.controller.WxJsapiControllerTest" time="0">
    <skipped message="io/restassured/mapper/factory/GsonObjectMapperFactory"/>
  </testcase>
  <testcase name="testGetJsapiTicket" classname="com.github.binarywang.demo.wx.mp.controller.WxJsapiControllerTest" time="0">
    <skipped message="io/restassured/mapper/factory/GsonObjectMapperFactory"/>
  </testcase>
  <testcase name="testGetJsapiTicket" classname="com.github.binarywang.demo.wx.mp.controller.WxJsapiControllerTest" time="0">
    <skipped message="io/restassured/mapper/factory/GsonObjectMapperFactory"/>
  </testcase>
  <testcase name="testGetJsapiTicket" classname="com.github.binarywang.demo.wx.mp.controller.WxJsapiControllerTest" time="0">
    <skipped message="io/restassured/mapper/factory/GsonObjectMapperFactory"/>
  </testcase>
  <testcase name="testGetJsapiTicket" classname="com.github.binarywang.demo.wx.mp.controller.WxJsapiControllerTest" time="0">
    <skipped message="io/restassured/mapper/factory/GsonObjectMapperFactory"/>
  </testcase>
  <testcase name="testGetJsapiTicket" classname="com.github.binarywang.demo.wx.mp.controller.WxJsapiControllerTest" time="0">
    <skipped message="io/restassured/mapper/factory/GsonObjectMapperFactory"/>
  </testcase>
  <testcase name="testGetJsapiTicket" classname="com.github.binarywang.demo.wx.mp.controller.WxJsapiControllerTest" time="0">
    <skipped message="io/restassured/mapper/factory/GsonObjectMapperFactory"/>
  </testcase>
  <testcase name="testGetJsapiTicket" classname="com.github.binarywang.demo.wx.mp.controller.WxJsapiControllerTest" time="0">
    <skipped message="io/restassured/mapper/factory/GsonObjectMapperFactory"/>
  </testcase>
  <testcase name="testGetJsapiTicket" classname="com.github.binarywang.demo.wx.mp.controller.WxJsapiControllerTest" time="0">
    <skipped message="io/restassured/mapper/factory/GsonObjectMapperFactory"/>
  </testcase>
  <testcase name="testGetJsapiTicket" classname="com.github.binarywang.demo.wx.mp.controller.WxJsapiControllerTest" time="0">
    <skipped message="io/restassured/mapper/factory/GsonObjectMapperFactory"/>
  </testcase>
  <testcase name="testGetJsapiTicket" classname="com.github.binarywang.demo.wx.mp.controller.WxJsapiControllerTest" time="0">
    <skipped message="io/restassured/mapper/factory/GsonObjectMapperFactory"/>
  </testcase>
  <testcase name="testGetJsapiTicket" classname="com.github.binarywang.demo.wx.mp.controller.WxJsapiControllerTest" time="0">
    <skipped message="io/restassured/mapper/factory/GsonObjectMapperFactory"/>
  </testcase>
  <testcase name="testGetJsapiTicket" classname="com.github.binarywang.demo.wx.mp.controller.WxJsapiControllerTest" time="0">
    <skipped message="io/restassured/mapper/factory/GsonObjectMapperFactory"/>
  </testcase>
  <testcase name="testGetJsapiTicket" classname="com.github.binarywang.demo.wx.mp.controller.WxJsapiControllerTest" time="0">
    <skipped message="io/restassured/mapper/factory/GsonObjectMapperFactory"/>
  </testcase>
  <testcase name="testGetJsapiTicket" classname="com.github.binarywang.demo.wx.mp.controller.WxJsapiControllerTest" time="0">
    <skipped message="io/restassured/mapper/factory/GsonObjectMapperFactory"/>
  </testcase>
  <testcase name="testGetJsapiTicket" classname="com.github.binarywang.demo.wx.mp.controller.WxJsapiControllerTest" time="0">
    <skipped message="io/restassured/mapper/factory/GsonObjectMapperFactory"/>
  </testcase>
  <testcase name="testGetJsapiTicket" classname="com.github.binarywang.demo.wx.mp.controller.WxJsapiControllerTest" time="0">
    <skipped message="io/restassured/mapper/factory/GsonObjectMapperFactory"/>
  </testcase>
  <testcase name="testGetJsapiTicket" classname="com.github.binarywang.demo.wx.mp.controller.WxJsapiControllerTest" time="0">
    <skipped message="io/restassured/mapper/factory/GsonObjectMapperFactory"/>
  </testcase>
  <testcase name="testGetJsapiTicket" classname="com.github.binarywang.demo.wx.mp.controller.WxJsapiControllerTest" time="0">
    <skipped message="io/restassured/mapper/factory/GsonObjectMapperFactory"/>
  </testcase>
  <testcase name="testGetJsapiTicket" classname="com.github.binarywang.demo.wx.mp.controller.WxJsapiControllerTest" time="0">
    <skipped message="io/restassured/mapper/factory/GsonObjectMapperFactory"/>
  </testcase>
  <testcase name="testGetJsapiTicket" classname="com.github.binarywang.demo.wx.mp.controller.WxJsapiControllerTest" time="0">
    <skipped message="io/restassured/mapper/factory/GsonObjectMapperFactory"/>
  </testcase>
  <testcase name="testGetJsapiTicket" classname="com.github.binarywang.demo.wx.mp.controller.WxJsapiControllerTest" time="0">
    <skipped message="io/restassured/mapper/factory/GsonObjectMapperFactory"/>
  </testcase>
  <testcase name="testGetJsapiTicket" classname="com.github.binarywang.demo.wx.mp.controller.WxJsapiControllerTest" time="0">
    <skipped message="io/restassured/mapper/factory/GsonObjectMapperFactory"/>
  </testcase>
  <testcase name="testGetJsapiTicket" classname="com.github.binarywang.demo.wx.mp.controller.WxJsapiControllerTest" time="0">
    <skipped message="io/restassured/mapper/factory/GsonObjectMapperFactory"/>
  </testcase>
  <testcase name="testGetJsapiTicket" classname="com.github.binarywang.demo.wx.mp.controller.WxJsapiControllerTest" time="0">
    <skipped message="io/restassured/mapper/factory/GsonObjectMapperFactory"/>
  </testcase>
  <testcase name="testGetJsapiTicket" classname="com.github.binarywang.demo.wx.mp.controller.WxJsapiControllerTest" time="0">
    <skipped message="io/restassured/mapper/factory/GsonObjectMapperFactory"/>
  </testcase>
  <testcase name="testGetJsapiTicket" classname="com.github.binarywang.demo.wx.mp.controller.WxJsapiControllerTest" time="0">
    <skipped message="io/restassured/mapper/factory/GsonObjectMapperFactory"/>
  </testcase>
  <testcase name="testGetJsapiTicket" classname="com.github.binarywang.demo.wx.mp.controller.WxJsapiControllerTest" time="0">
    <skipped message="io/restassured/mapper/factory/GsonObjectMapperFactory"/>
  </testcase>
  <testcase name="testGetJsapiTicket" classname="com.github.binarywang.demo.wx.mp.controller.WxJsapiControllerTest" time="0">
    <skipped message="io/restassured/mapper/factory/GsonObjectMapperFactory"/>
  </testcase>
  <testcase name="testGetJsapiTicket" classname="com.github.binarywang.demo.wx.mp.controller.WxJsapiControllerTest" time="0">
    <skipped message="io/restassured/mapper/factory/GsonObjectMapperFactory"/>
  </testcase>
  <testcase name="testGetJsapiTicket" classname="com.github.binarywang.demo.wx.mp.controller.WxJsapiControllerTest" time="0">
    <skipped message="io/restassured/mapper/factory/GsonObjectMapperFactory"/>
  </testcase>
  <testcase name="testGetJsapiTicket" classname="com.github.binarywang.demo.wx.mp.controller.WxJsapiControllerTest" time="0">
    <skipped message="io/restassured/mapper/factory/GsonObjectMapperFactory"/>
  </testcase>
  <testcase name="testGetJsapiTicket" classname="com.github.binarywang.demo.wx.mp.controller.WxJsapiControllerTest" time="0">
    <skipped message="io/restassured/mapper/factory/GsonObjectMapperFactory"/>
  </testcase>
  <testcase name="testGetJsapiTicket" classname="com.github.binarywang.demo.wx.mp.controller.WxJsapiControllerTest" time="0">
    <skipped message="io/restassured/mapper/factory/GsonObjectMapperFactory"/>
  </testcase>
  <testcase name="testGetJsapiTicket" classname="com.github.binarywang.demo.wx.mp.controller.WxJsapiControllerTest" time="0">
    <skipped message="io/restassured/mapper/factory/GsonObjectMapperFactory"/>
  </testcase>
  <testcase name="testGetJsapiTicket" classname="com.github.binarywang.demo.wx.mp.controller.WxJsapiControllerTest" time="0">
    <skipped message="io/restassured/mapper/factory/GsonObjectMapperFactory"/>
  </testcase>
  <testcase name="testGetJsapiTicket" classname="com.github.binarywang.demo.wx.mp.controller.WxJsapiControllerTest" time="0">
    <skipped message="io/restassured/mapper/factory/GsonObjectMapperFactory"/>
  </testcase>
  <testcase name="testGetJsapiTicket" classname="com.github.binarywang.demo.wx.mp.controller.WxJsapiControllerTest" time="0">
    <skipped message="io/restassured/mapper/factory/GsonObjectMapperFactory"/>
  </testcase>
  <testcase name="testGetJsapiTicket" classname="com.github.binarywang.demo.wx.mp.controller.WxJsapiControllerTest" time="0">
    <skipped message="io/restassured/mapper/factory/GsonObjectMapperFactory"/>
  </testcase>
  <testcase name="testGetJsapiTicket" classname="com.github.binarywang.demo.wx.mp.controller.WxJsapiControllerTest" time="0">
    <skipped message="io/restassured/mapper/factory/GsonObjectMapperFactory"/>
  </testcase>
  <testcase name="testGetJsapiTicket" classname="com.github.binarywang.demo.wx.mp.controller.WxJsapiControllerTest" time="0">
    <skipped message="io/restassured/mapper/factory/GsonObjectMapperFactory"/>
  </testcase>
  <testcase name="testGetJsapiTicket" classname="com.github.binarywang.demo.wx.mp.controller.WxJsapiControllerTest" time="0">
    <skipped message="io/restassured/mapper/factory/GsonObjectMapperFactory"/>
  </testcase>
  <testcase name="testGetJsapiTicket" classname="com.github.binarywang.demo.wx.mp.controller.WxJsapiControllerTest" time="0">
    <skipped message="io/restassured/mapper/factory/GsonObjectMapperFactory"/>
  </testcase>
  <testcase name="testGetJsapiTicket" classname="com.github.binarywang.demo.wx.mp.controller.WxJsapiControllerTest" time="0">
    <skipped message="io/restassured/mapper/factory/GsonObjectMapperFactory"/>
  </testcase>
  <testcase name="testGetJsapiTicket" classname="com.github.binarywang.demo.wx.mp.controller.WxJsapiControllerTest" time="0">
    <skipped message="io/restassured/mapper/factory/GsonObjectMapperFactory"/>
  </testcase>
  <testcase name="testGetJsapiTicket" classname="com.github.binarywang.demo.wx.mp.controller.WxJsapiControllerTest" time="0">
    <skipped message="io/restassured/mapper/factory/GsonObjectMapperFactory"/>
  </testcase>
  <testcase name="testGetJsapiTicket" classname="com.github.binarywang.demo.wx.mp.controller.WxJsapiControllerTest" time="0">
    <skipped message="io/restassured/mapper/factory/GsonObjectMapperFactory"/>
  </testcase>
  <testcase name="testGetJsapiTicket" classname="com.github.binarywang.demo.wx.mp.controller.WxJsapiControllerTest" time="0">
    <skipped message="io/restassured/mapper/factory/GsonObjectMapperFactory"/>
  </testcase>
  <testcase name="testGetJsapiTicket" classname="com.github.binarywang.demo.wx.mp.controller.WxJsapiControllerTest" time="0">
    <skipped message="io/restassured/mapper/factory/GsonObjectMapperFactory"/>
  </testcase>
  <testcase name="testGetJsapiTicket" classname="com.github.binarywang.demo.wx.mp.controller.WxJsapiControllerTest" time="0">
    <skipped message="io/restassured/mapper/factory/GsonObjectMapperFactory"/>
  </testcase>
  <testcase name="testGetJsapiTicket" classname="com.github.binarywang.demo.wx.mp.controller.WxJsapiControllerTest" time="0">
    <skipped message="io/restassured/mapper/factory/GsonObjectMapperFactory"/>
  </testcase>
  <testcase name="testGetJsapiTicket" classname="com.github.binarywang.demo.wx.mp.controller.WxJsapiControllerTest" time="0">
    <skipped message="io/restassured/mapper/factory/GsonObjectMapperFactory"/>
  </testcase>
  <testcase name="testGetJsapiTicket" classname="com.github.binarywang.demo.wx.mp.controller.WxJsapiControllerTest" time="0">
    <skipped message="io/restassured/mapper/factory/GsonObjectMapperFactory"/>
  </testcase>
  <testcase name="testGetJsapiTicket" classname="com.github.binarywang.demo.wx.mp.controller.WxJsapiControllerTest" time="0">
    <skipped message="io/restassured/mapper/factory/GsonObjectMapperFactory"/>
  </testcase>
  <testcase name="testGetJsapiTicket" classname="com.github.binarywang.demo.wx.mp.controller.WxJsapiControllerTest" time="0">
    <skipped message="io/restassured/mapper/factory/GsonObjectMapperFactory"/>
  </testcase>
  <testcase name="testGetJsapiTicket" classname="com.github.binarywang.demo.wx.mp.controller.WxJsapiControllerTest" time="0">
    <skipped message="io/restassured/mapper/factory/GsonObjectMapperFactory"/>
  </testcase>
  <testcase name="testGetJsapiTicket" classname="com.github.binarywang.demo.wx.mp.controller.WxJsapiControllerTest" time="0">
    <skipped message="io/restassured/mapper/factory/GsonObjectMapperFactory"/>
  </testcase>
  <testcase name="testGetJsapiTicket" classname="com.github.binarywang.demo.wx.mp.controller.WxJsapiControllerTest" time="0">
    <skipped message="io/restassured/mapper/factory/GsonObjectMapperFactory"/>
  </testcase>
  <testcase name="testGetJsapiTicket" classname="com.github.binarywang.demo.wx.mp.controller.WxJsapiControllerTest" time="0">
    <skipped message="io/restassured/mapper/factory/GsonObjectMapperFactory"/>
  </testcase>
  <testcase name="testGetJsapiTicket" classname="com.github.binarywang.demo.wx.mp.controller.WxJsapiControllerTest" time="0">
    <skipped message="io/restassured/mapper/factory/GsonObjectMapperFactory"/>
  </testcase>
  <testcase name="testGetJsapiTicket" classname="com.github.binarywang.demo.wx.mp.controller.WxJsapiControllerTest" time="0">
    <skipped message="io/restassured/mapper/factory/GsonObjectMapperFactory"/>
  </testcase>
  <testcase name="testGetJsapiTicket" classname="com.github.binarywang.demo.wx.mp.controller.WxJsapiControllerTest" time="0">
    <skipped message="io/restassured/mapper/factory/GsonObjectMapperFactory"/>
  </testcase>
  <testcase name="testGetJsapiTicket" classname="com.github.binarywang.demo.wx.mp.controller.WxJsapiControllerTest" time="0">
    <skipped message="io/restassured/mapper/factory/GsonObjectMapperFactory"/>
  </testcase>
  <testcase name="testGetJsapiTicket" classname="com.github.binarywang.demo.wx.mp.controller.WxJsapiControllerTest" time="0">
    <skipped message="io/restassured/mapper/factory/GsonObjectMapperFactory"/>
  </testcase>
  <testcase name="testGetJsapiTicket" classname="com.github.binarywang.demo.wx.mp.controller.WxJsapiControllerTest" time="0">
    <skipped message="io/restassured/mapper/factory/GsonObjectMapperFactory"/>
  </testcase>
  <testcase name="testGetJsapiTicket" classname="com.github.binarywang.demo.wx.mp.controller.WxJsapiControllerTest" time="0">
    <skipped message="io/restassured/mapper/factory/GsonObjectMapperFactory"/>
  </testcase>
  <testcase name="testGetJsapiTicket" classname="com.github.binarywang.demo.wx.mp.controller.WxJsapiControllerTest" time="0">
    <skipped message="io/restassured/mapper/factory/GsonObjectMapperFactory"/>
  </testcase>
  <testcase name="testGetJsapiTicket" classname="com.github.binarywang.demo.wx.mp.controller.WxJsapiControllerTest" time="0">
    <skipped message="io/restassured/mapper/factory/GsonObjectMapperFactory"/>
  </testcase>
  <testcase name="testGetJsapiTicket" classname="com.github.binarywang.demo.wx.mp.controller.WxJsapiControllerTest" time="0">
    <skipped message="io/restassured/mapper/factory/GsonObjectMapperFactory"/>
  </testcase>
  <testcase name="testGetJsapiTicket" classname="com.github.binarywang.demo.wx.mp.controller.WxJsapiControllerTest" time="0">
    <skipped message="io/restassured/mapper/factory/GsonObjectMapperFactory"/>
  </testcase>
  <testcase name="testGetJsapiTicket" classname="com.github.binarywang.demo.wx.mp.controller.WxJsapiControllerTest" time="0">
    <skipped message="io/restassured/mapper/factory/GsonObjectMapperFactory"/>
  </testcase>
  <testcase name="testGetJsapiTicket" classname="com.github.binarywang.demo.wx.mp.controller.WxJsapiControllerTest" time="0">
    <skipped message="io/restassured/mapper/factory/GsonObjectMapperFactory"/>
  </testcase>
  <testcase name="testGetJsapiTicket" classname="com.github.binarywang.demo.wx.mp.controller.WxJsapiControllerTest" time="0">
    <skipped message="io/restassured/mapper/factory/GsonObjectMapperFactory"/>
  </testcase>
  <testcase name="testGetJsapiTicket" classname="com.github.binarywang.demo.wx.mp.controller.WxJsapiControllerTest" time="0">
    <skipped message="io/restassured/mapper/factory/GsonObjectMapperFactory"/>
  </testcase>
  <testcase name="testGetJsapiTicket" classname="com.github.binarywang.demo.wx.mp.controller.WxJsapiControllerTest" time="0">
    <skipped message="io/restassured/mapper/factory/GsonObjectMapperFactory"/>
  </testcase>
  <testcase name="testGetJsapiTicket" classname="com.github.binarywang.demo.wx.mp.controller.WxJsapiControllerTest" time="0">
    <skipped message="io/restassured/mapper/factory/GsonObjectMapperFactory"/>
  </testcase>
  <testcase name="testGetJsapiTicket" classname="com.github.binarywang.demo.wx.mp.controller.WxJsapiControllerTest" time="0">
    <skipped message="io/restassured/mapper/factory/GsonObjectMapperFactory"/>
  </testcase>
  <testcase name="testGetJsapiTicket" classname="com.github.binarywang.demo.wx.mp.controller.WxJsapiControllerTest" time="0">
    <skipped message="io/restassured/mapper/factory/GsonObjectMapperFactory"/>
  </testcase>
  <testcase name="testGetJsapiTicket" classname="com.github.binarywang.demo.wx.mp.controller.WxJsapiControllerTest" time="0">
    <skipped message="io/restassured/mapper/factory/GsonObjectMapperFactory"/>
  </testcase>
  <testcase name="testGetJsapiTicket" classname="com.github.binarywang.demo.wx.mp.controller.WxJsapiControllerTest" time="0">
    <skipped message="io/restassured/mapper/factory/GsonObjectMapperFactory"/>
  </testcase>
  <testcase name="testGetJsapiTicket" classname="com.github.binarywang.demo.wx.mp.controller.WxJsapiControllerTest" time="0">
    <skipped message="io/restassured/mapper/factory/GsonObjectMapperFactory"/>
  </testcase>
  <testcase name="testGetJsapiTicket" classname="com.github.binarywang.demo.wx.mp.controller.WxJsapiControllerTest" time="0">
    <skipped message="io/restassured/mapper/factory/GsonObjectMapperFactory"/>
  </testcase>
  <testcase name="testGetJsapiTicket" classname="com.github.binarywang.demo.wx.mp.controller.WxJsapiControllerTest" time="0">
    <skipped message="io/restassured/mapper/factory/GsonObjectMapperFactory"/>
  </testcase>
  <testcase name="testGetJsapiTicket" classname="com.github.binarywang.demo.wx.mp.controller.WxJsapiControllerTest" time="0">
    <skipped message="io/restassured/mapper/factory/GsonObjectMapperFactory"/>
  </testcase>
  <testcase name="testGetJsapiTicket" classname="com.github.binarywang.demo.wx.mp.controller.WxJsapiControllerTest" time="0">
    <skipped message="io/restassured/mapper/factory/GsonObjectMapperFactory"/>
  </testcase>
  <testcase name="testGetJsapiTicket" classname="com.github.binarywang.demo.wx.mp.controller.WxJsapiControllerTest" time="0">
    <skipped message="io/restassured/mapper/factory/GsonObjectMapperFactory"/>
  </testcase>
  <testcase name="testGetJsapiTicket" classname="com.github.binarywang.demo.wx.mp.controller.WxJsapiControllerTest" time="0">
    <skipped message="io/restassured/mapper/factory/GsonObjectMapperFactory"/>
  </testcase>
  <testcase name="testGetJsapiTicket" classname="com.github.binarywang.demo.wx.mp.controller.WxJsapiControllerTest" time="0">
    <skipped message="io/restassured/mapper/factory/GsonObjectMapperFactory"/>
  </testcase>
  <testcase name="testGetJsapiTicket" classname="com.github.binarywang.demo.wx.mp.controller.WxJsapiControllerTest" time="0">
    <skipped message="io/restassured/mapper/factory/GsonObjectMapperFactory"/>
  </testcase>
  <testcase name="testGetJsapiTicket" classname="com.github.binarywang.demo.wx.mp.controller.WxJsapiControllerTest" time="0">
    <skipped message="io/restassured/mapper/factory/GsonObjectMapperFactory"/>
  </testcase>
  <testcase name="testGetJsapiTicket" classname="com.github.binarywang.demo.wx.mp.controller.WxJsapiControllerTest" time="0">
    <skipped message="io/restassured/mapper/factory/GsonObjectMapperFactory"/>
  </testcase>
  <testcase name="testGetJsapiTicket" classname="com.github.binarywang.demo.wx.mp.controller.WxJsapiControllerTest" time="0">
    <skipped message="io/restassured/mapper/factory/GsonObjectMapperFactory"/>
  </testcase>
  <testcase name="testGetJsapiTicket" classname="com.github.binarywang.demo.wx.mp.controller.WxJsapiControllerTest" time="0">
    <skipped message="io/restassured/mapper/factory/GsonObjectMapperFactory"/>
  </testcase>
  <testcase name="testGetJsapiTicket" classname="com.github.binarywang.demo.wx.mp.controller.WxJsapiControllerTest" time="0">
    <skipped message="io/restassured/mapper/factory/GsonObjectMapperFactory"/>
  </testcase>
  <testcase name="testGetJsapiTicket" classname="com.github.binarywang.demo.wx.mp.controller.WxJsapiControllerTest" time="0">
    <skipped message="io/restassured/mapper/factory/GsonObjectMapperFactory"/>
  </testcase>
  <testcase name="testGetJsapiTicket" classname="com.github.binarywang.demo.wx.mp.controller.WxJsapiControllerTest" time="0">
    <skipped message="io/restassured/mapper/factory/GsonObjectMapperFactory"/>
  </testcase>
  <testcase name="testGetJsapiTicket" classname="com.github.binarywang.demo.wx.mp.controller.WxJsapiControllerTest" time="0">
    <skipped message="io/restassured/mapper/factory/GsonObjectMapperFactory"/>
  </testcase>
  <testcase name="testGetJsapiTicket" classname="com.github.binarywang.demo.wx.mp.controller.WxJsapiControllerTest" time="0">
    <skipped message="io/restassured/mapper/factory/GsonObjectMapperFactory"/>
  </testcase>
  <testcase name="testGetJsapiTicket" classname="com.github.binarywang.demo.wx.mp.controller.WxJsapiControllerTest" time="0">
    <skipped message="io/restassured/mapper/factory/GsonObjectMapperFactory"/>
  </testcase>
  <testcase name="testGetJsapiTicket" classname="com.github.binarywang.demo.wx.mp.controller.WxJsapiControllerTest" time="0">
    <skipped message="io/restassured/mapper/factory/GsonObjectMapperFactory"/>
  </testcase>
  <testcase name="testGetJsapiTicket" classname="com.github.binarywang.demo.wx.mp.controller.WxJsapiControllerTest" time="0">
    <skipped message="io/restassured/mapper/factory/GsonObjectMapperFactory"/>
  </testcase>
  <testcase name="testGetJsapiTicket" classname="com.github.binarywang.demo.wx.mp.controller.WxJsapiControllerTest" time="0">
    <skipped message="io/restassured/mapper/factory/GsonObjectMapperFactory"/>
  </testcase>
  <testcase name="testGetJsapiTicket" classname="com.github.binarywang.demo.wx.mp.controller.WxJsapiControllerTest" time="0">
    <skipped message="io/restassured/mapper/factory/GsonObjectMapperFactory"/>
  </testcase>
  <testcase name="testGetJsapiTicket" classname="com.github.binarywang.demo.wx.mp.controller.WxJsapiControllerTest" time="0">
    <skipped message="io/restassured/mapper/factory/GsonObjectMapperFactory"/>
  </testcase>
  <testcase name="testGetJsapiTicket" classname="com.github.binarywang.demo.wx.mp.controller.WxJsapiControllerTest" time="0">
    <skipped message="io/restassured/mapper/factory/GsonObjectMapperFactory"/>
  </testcase>
  <testcase name="testGetJsapiTicket" classname="com.github.binarywang.demo.wx.mp.controller.WxJsapiControllerTest" time="0">
    <skipped message="io/restassured/mapper/factory/GsonObjectMapperFactory"/>
  </testcase>
  <testcase name="testGetJsapiTicket" classname="com.github.binarywang.demo.wx.mp.controller.WxJsapiControllerTest" time="0">
    <skipped message="io/restassured/mapper/factory/GsonObjectMapperFactory"/>
  </testcase>
  <testcase name="testGetJsapiTicket" classname="com.github.binarywang.demo.wx.mp.controller.WxJsapiControllerTest" time="0">
    <skipped message="io/restassured/mapper/factory/GsonObjectMapperFactory"/>
  </testcase>
  <testcase name="testGetJsapiTicket" classname="com.github.binarywang.demo.wx.mp.controller.WxJsapiControllerTest" time="0">
    <skipped message="io/restassured/mapper/factory/GsonObjectMapperFactory"/>
  </testcase>
  <testcase name="testGetJsapiTicket" classname="com.github.binarywang.demo.wx.mp.controller.WxJsapiControllerTest" time="0">
    <skipped message="io/restassured/mapper/factory/GsonObjectMapperFactory"/>
  </testcase>
  <testcase name="testGetJsapiTicket" classname="com.github.binarywang.demo.wx.mp.controller.WxJsapiControllerTest" time="0">
    <skipped message="io/restassured/mapper/factory/GsonObjectMapperFactory"/>
  </testcase>
  <testcase name="testGetJsapiTicket" classname="com.github.binarywang.demo.wx.mp.controller.WxJsapiControllerTest" time="0">
    <skipped message="io/restassured/mapper/factory/GsonObjectMapperFactory"/>
  </testcase>
  <testcase name="testGetJsapiTicket" classname="com.github.binarywang.demo.wx.mp.controller.WxJsapiControllerTest" time="0">
    <skipped message="io/restassured/mapper/factory/GsonObjectMapperFactory"/>
  </testcase>
  <testcase name="testGetJsapiTicket" classname="com.github.binarywang.demo.wx.mp.controller.WxJsapiControllerTest" time="0">
    <skipped message="io/restassured/mapper/factory/GsonObjectMapperFactory"/>
  </testcase>
  <testcase name="testGetJsapiTicket" classname="com.github.binarywang.demo.wx.mp.controller.WxJsapiControllerTest" time="0">
    <skipped message="io/restassured/mapper/factory/GsonObjectMapperFactory"/>
  </testcase>
  <testcase name="testGetJsapiTicket" classname="com.github.binarywang.demo.wx.mp.controller.WxJsapiControllerTest" time="0">
    <skipped message="io/restassured/mapper/factory/GsonObjectMapperFactory"/>
  </testcase>
  <testcase name="testGetJsapiTicket" classname="com.github.binarywang.demo.wx.mp.controller.WxJsapiControllerTest" time="0">
    <skipped message="io/restassured/mapper/factory/GsonObjectMapperFactory"/>
  </testcase>
  <testcase name="testGetJsapiTicket" classname="com.github.binarywang.demo.wx.mp.controller.WxJsapiControllerTest" time="0">
    <skipped message="io/restassured/mapper/factory/GsonObjectMapperFactory"/>
  </testcase>
  <testcase name="testGetJsapiTicket" classname="com.github.binarywang.demo.wx.mp.controller.WxJsapiControllerTest" time="0">
    <skipped message="io/restassured/mapper/factory/GsonObjectMapperFactory"/>
  </testcase>
  <testcase name="testGetJsapiTicket" classname="com.github.binarywang.demo.wx.mp.controller.WxJsapiControllerTest" time="0">
    <skipped message="io/restassured/mapper/factory/GsonObjectMapperFactory"/>
  </testcase>
  <testcase name="testGetJsapiTicket" classname="com.github.binarywang.demo.wx.mp.controller.WxJsapiControllerTest" time="0">
    <skipped message="io/restassured/mapper/factory/GsonObjectMapperFactory"/>
  </testcase>
  <testcase name="testGetJsapiTicket" classname="com.github.binarywang.demo.wx.mp.controller.WxJsapiControllerTest" time="0">
    <skipped message="io/restassured/mapper/factory/GsonObjectMapperFactory"/>
  </testcase>
  <testcase name="testGetJsapiTicket" classname="com.github.binarywang.demo.wx.mp.controller.WxJsapiControllerTest" time="0">
    <skipped message="io/restassured/mapper/factory/GsonObjectMapperFactory"/>
  </testcase>
  <testcase name="testGetJsapiTicket" classname="com.github.binarywang.demo.wx.mp.controller.WxJsapiControllerTest" time="0">
    <skipped message="io/restassured/mapper/factory/GsonObjectMapperFactory"/>
  </testcase>
  <testcase name="testGetJsapiTicket" classname="com.github.binarywang.demo.wx.mp.controller.WxJsapiControllerTest" time="0">
    <skipped message="io/restassured/mapper/factory/GsonObjectMapperFactory"/>
  </testcase>
  <testcase name="testGetJsapiTicket" classname="com.github.binarywang.demo.wx.mp.controller.WxJsapiControllerTest" time="0">
    <skipped message="io/restassured/mapper/factory/GsonObjectMapperFactory"/>
  </testcase>
  <testcase name="testGetJsapiTicket" classname="com.github.binarywang.demo.wx.mp.controller.WxJsapiControllerTest" time="0">
    <skipped message="io/restassured/mapper/factory/GsonObjectMapperFactory"/>
  </testcase>
  <testcase name="testGetJsapiTicket" classname="com.github.binarywang.demo.wx.mp.controller.WxJsapiControllerTest" time="0">
    <skipped message="io/restassured/mapper/factory/GsonObjectMapperFactory"/>
  </testcase>
  <testcase name="testGetJsapiTicket" classname="com.github.binarywang.demo.wx.mp.controller.WxJsapiControllerTest" time="0">
    <skipped message="io/restassured/mapper/factory/GsonObjectMapperFactory"/>
  </testcase>
  <testcase name="testGetJsapiTicket" classname="com.github.binarywang.demo.wx.mp.controller.WxJsapiControllerTest" time="0">
    <skipped message="io/restassured/mapper/factory/GsonObjectMapperFactory"/>
  </testcase>
  <testcase name="testGetJsapiTicket" classname="com.github.binarywang.demo.wx.mp.controller.WxJsapiControllerTest" time="0">
    <skipped message="io/restassured/mapper/factory/GsonObjectMapperFactory"/>
  </testcase>
  <testcase name="testGetJsapiTicket" classname="com.github.binarywang.demo.wx.mp.controller.WxJsapiControllerTest" time="0">
    <skipped message="io/restassured/mapper/factory/GsonObjectMapperFactory"/>
  </testcase>
  <testcase name="testGetJsapiTicket" classname="com.github.binarywang.demo.wx.mp.controller.WxJsapiControllerTest" time="0">
    <skipped message="io/restassured/mapper/factory/GsonObjectMapperFactory"/>
  </testcase>
  <testcase name="testGetJsapiTicket" classname="com.github.binarywang.demo.wx.mp.controller.WxJsapiControllerTest" time="0">
    <skipped message="io/restassured/mapper/factory/GsonObjectMapperFactory"/>
  </testcase>
  <testcase name="testGetJsapiTicket" classname="com.github.binarywang.demo.wx.mp.controller.WxJsapiControllerTest" time="0">
    <skipped message="io/restassured/mapper/factory/GsonObjectMapperFactory"/>
  </testcase>
  <testcase name="testGetJsapiTicket" classname="com.github.binarywang.demo.wx.mp.controller.WxJsapiControllerTest" time="0">
    <skipped message="io/restassured/mapper/factory/GsonObjectMapperFactory"/>
  </testcase>
  <testcase name="testGetJsapiTicket" classname="com.github.binarywang.demo.wx.mp.controller.WxJsapiControllerTest" time="0">
    <skipped message="io/restassured/mapper/factory/GsonObjectMapperFactory"/>
  </testcase>
  <testcase name="testGetJsapiTicket" classname="com.github.binarywang.demo.wx.mp.controller.WxJsapiControllerTest" time="0">
    <skipped message="io/restassured/mapper/factory/GsonObjectMapperFactory"/>
  </testcase>
  <testcase name="testGetJsapiTicket" classname="com.github.binarywang.demo.wx.mp.controller.WxJsapiControllerTest" time="0">
    <skipped message="io/restassured/mapper/factory/GsonObjectMapperFactory"/>
  </testcase>
  <testcase name="testGetJsapiTicket" classname="com.github.binarywang.demo.wx.mp.controller.WxJsapiControllerTest" time="0">
    <skipped message="io/restassured/mapper/factory/GsonObjectMapperFactory"/>
  </testcase>
  <testcase name="testGetJsapiTicket" classname="com.github.binarywang.demo.wx.mp.controller.WxJsapiControllerTest" time="0">
    <skipped message="io/restassured/mapper/factory/GsonObjectMapperFactory"/>
  </testcase>
  <testcase name="testGetJsapiTicket" classname="com.github.binarywang.demo.wx.mp.controller.WxJsapiControllerTest" time="0">
    <skipped message="io/restassured/mapper/factory/GsonObjectMapperFactory"/>
  </testcase>
  <testcase name="testGetJsapiTicket" classname="com.github.binarywang.demo.wx.mp.controller.WxJsapiControllerTest" time="0">
    <skipped message="io/restassured/mapper/factory/GsonObjectMapperFactory"/>
  </testcase>
  <testcase name="testGetJsapiTicket" classname="com.github.binarywang.demo.wx.mp.controller.WxJsapiControllerTest" time="0">
    <skipped message="io/restassured/mapper/factory/GsonObjectMapperFactory"/>
  </testcase>
  <testcase name="testGetJsapiTicket" classname="com.github.binarywang.demo.wx.mp.controller.WxJsapiControllerTest" time="0">
    <skipped message="io/restassured/mapper/factory/GsonObjectMapperFactory"/>
  </testcase>
  <testcase name="testGetJsapiTicket" classname="com.github.binarywang.demo.wx.mp.controller.WxJsapiControllerTest" time="0">
    <skipped message="io/restassured/mapper/factory/GsonObjectMapperFactory"/>
  </testcase>
  <testcase name="testGetJsapiTicket" classname="com.github.binarywang.demo.wx.mp.controller.WxJsapiControllerTest" time="0">
    <skipped message="io/restassured/mapper/factory/GsonObjectMapperFactory"/>
  </testcase>
  <testcase name="testGetJsapiTicket" classname="com.github.binarywang.demo.wx.mp.controller.WxJsapiControllerTest" time="0">
    <skipped message="io/restassured/mapper/factory/GsonObjectMapperFactory"/>
  </testcase>
  <testcase name="testGetJsapiTicket" classname="com.github.binarywang.demo.wx.mp.controller.WxJsapiControllerTest" time="0">
    <skipped message="io/restassured/mapper/factory/GsonObjectMapperFactory"/>
  </testcase>
  <testcase name="testGetJsapiTicket" classname="com.github.binarywang.demo.wx.mp.controller.WxJsapiControllerTest" time="0">
    <skipped message="io/restassured/mapper/factory/GsonObjectMapperFactory"/>
  </testcase>
  <testcase name="testGetJsapiTicket" classname="com.github.binarywang.demo.wx.mp.controller.WxJsapiControllerTest" time="0">
    <skipped message="io/restassured/mapper/factory/GsonObjectMapperFactory"/>
  </testcase>
  <testcase name="testGetJsapiTicket" classname="com.github.binarywang.demo.wx.mp.controller.WxJsapiControllerTest" time="0">
    <skipped message="io/restassured/mapper/factory/GsonObjectMapperFactory"/>
  </testcase>
  <testcase name="testGetJsapiTicket" classname="com.github.binarywang.demo.wx.mp.controller.WxJsapiControllerTest" time="0">
    <skipped message="io/restassured/mapper/factory/GsonObjectMapperFactory"/>
  </testcase>
  <testcase name="testGetJsapiTicket" classname="com.github.binarywang.demo.wx.mp.controller.WxJsapiControllerTest" time="0">
    <skipped message="io/restassured/mapper/factory/GsonObjectMapperFactory"/>
  </testcase>
  <testcase name="testGetJsapiTicket" classname="com.github.binarywang.demo.wx.mp.controller.WxJsapiControllerTest" time="0">
    <skipped message="io/restassured/mapper/factory/GsonObjectMapperFactory"/>
  </testcase>
  <testcase name="testGetJsapiTicket" classname="com.github.binarywang.demo.wx.mp.controller.WxJsapiControllerTest" time="0">
    <skipped message="io/restassured/mapper/factory/GsonObjectMapperFactory"/>
  </testcase>
  <testcase name="testGetJsapiTicket" classname="com.github.binarywang.demo.wx.mp.controller.WxJsapiControllerTest" time="0">
    <skipped message="io/restassured/mapper/factory/GsonObjectMapperFactory"/>
  </testcase>
  <testcase name="testGetJsapiTicket" classname="com.github.binarywang.demo.wx.mp.controller.WxJsapiControllerTest" time="0">
    <skipped message="io/restassured/mapper/factory/GsonObjectMapperFactory"/>
  </testcase>
  <testcase name="testGetJsapiTicket" classname="com.github.binarywang.demo.wx.mp.controller.WxJsapiControllerTest" time="0">
    <skipped message="io/restassured/mapper/factory/GsonObjectMapperFactory"/>
  </testcase>
  <testcase name="testGetJsapiTicket" classname="com.github.binarywang.demo.wx.mp.controller.WxJsapiControllerTest" time="0">
    <skipped message="io/restassured/mapper/factory/GsonObjectMapperFactory"/>
  </testcase>
  <testcase name="testGetJsapiTicket" classname="com.github.binarywang.demo.wx.mp.controller.WxJsapiControllerTest" time="0">
    <skipped message="io/restassured/mapper/factory/GsonObjectMapperFactory"/>
  </testcase>
  <testcase name="testGetJsapiTicket" classname="com.github.binarywang.demo.wx.mp.controller.WxJsapiControllerTest" time="0">
    <skipped message="io/restassured/mapper/factory/GsonObjectMapperFactory"/>
  </testcase>
  <testcase name="testMenuCreate" classname="com.github.binarywang.demo.wx.mp.controller.WxMenuControllerTest" time="0">
    <skipped message="io/restassured/mapper/factory/GsonObjectMapperFactory"/>
  </testcase>
</testsuite>